Первый канал
1up.com
20min
220.ro
22tracks:genre
22tracks:track
24video
3Q SDN
3sat
4tube
56.com
5min
8tracks
91porn
9c9media
9c9media:stack
9gag
9now.com.au
abc.net.au
abc.net.au:iview
abcnews
abcnews:video
ABC Owned Television Stations
abcotvs:clips
AcademicEarth:Course
acast
acast:channel
AddAnime
AdobeTV
AdobeTVChannel
AdobeTVShow
AdobeTVVideo
AdultSwim
A+E Networks: A&E, Lifetime, History.com, FYI Network
afreecatv.com
AirMozilla
AlJazeera
Allocine
AlphaPorno
AMCNetworks
npo.nl and ntr.nl
AnimeOnDemand
anitube.se
AnySex
Aparat
AppleConnect
_程O果日
appletrailers
appletrailers:section
archive.org videos
ARD
ARD:mediathek
Arkena
arte.tv
arte.tv:+7
arte.tv:cinema
arte.tv:concert
arte.tv:creative
arte.tv:ddc
arte.tv:embed
arte.tv:future
arte.tv:info
arte.tv:magazine
arte.tv:playlist
AtresPlayer
ATTTechChannel
AudiMedia
AudioBoom
audiomack
audiomack:album
AuroraVid
AWAAN
awaan:live
awaan:season
awaan:video
Azubu
AzubuLive
百度视频
bambuser
bambuser:channel
Bandcamp
Bandcamp:album
BBC
BBC iPlayer
BBC articles
bbc.co.uk:iplayer:playlist
bbc.co.uk:playlist
Beatport
Beeg
BehindKink
BellMedia
Bet
Bigflix
Bild.de
BiliBili
BioBioChileTV
BIQLE
BleacherReport
BleacherReportCMS
blinkx
Bloomberg
BokeCC
Bundeszentrale für politische Bildung
Bayerischer Rundfunk Mediathek
BravoTV
Break
brightcove:legacy
brightcove:new
Bergens Tidende Articles
Bergens Tidende - Vestlendingen
BuzzFeed
BYUtv
BYUtvEvent
Camdemy
CamdemyFolder
CamWithHer
canalc2.tv
canalplus.fr, piwiplus.fr and d8.tv
Canvas
CarambaTV
CarambaTVPage
CartoonNetwork
cbc.ca
cbc.ca:player
cbc.ca:watch
cbc.ca:watch:video
CBS
CBSInteractive
CBSLocal
CBS News
CBS News Live Videos
CBSSports
CCTV
CDA
CeskaTelevize
Channel 9
CharlieRose
Chaturbate
Chilloutzone
chirbit
chirbit:profile
Cinchcast
Clipfish
cliphunter
ClipRs
Clipsyndicate
CloserToTruth
CloudTime
Cloudy
Clubic
Clyp
cmt.com
CNBC
CNN
CNNArticle
CNNBlogs
CollegeRama
ComCarCoff
ComedyCentral
ComedyCentralShortname
ComedyCentralTV
Condé Nast media group: Allure, Architectural Digest, Ars Technica, Bon Appétit, Brides, Condé Nast, Condé Nast Traveler, Details, Epicurious, GQ, Glamour, Golf Digest, SELF, Teen Vogue, The New Yorker, Vanity Fair, Vogue, W Magazine, WIRED
Coub
Cracked
Crackle
Criterion
CrooksAndLiars
Crunchyroll
crunchyroll:playlist
CSNNE
C-SPAN
A新
CTVNews
culturebox.francetvinfo.fr
CultureUnplugged
curiositystream
curiositystream:collection
CWTV
DailyMail
dailymotion
dailymotion:playlist
dailymotion:user
DailymotionCloud
daum.net
daum.net:clip
daum.net:playlist
daum.net:user
DBTV
DctpTv
DeezerPlaylist
defense.gouv.fr
democracynow
Filmarchiv - Deutsches Historisches Museum
DigitallySpeaking
Digiteka
Discovery
DiscoveryGo
Dotsub
斗鱼
DPlay
dramafever
dramafever:series
DRBonanza
Dropbox
DrTuber
DRTV
Dumpert
http://video.aktualne.cz/
dw
dw:article
EaglePlatform
EbaumsWorld
EchoMsk
eHow
Einthusan
eitb.tv
EllenTV
EllenTV:clips
El País
Embedly
EMPFlix
Engadget
Eporner
EroProfile
Escapist
ESPN
EsriVideo
Europa
EveryonesMixtape
ExpoTV
ExtremeTube
EyedoTV
facebook
FacebookPluginsVideo
faz.net
fc2
fc2:embed
Fczenit
features.aol.com
fernsehkritik.tv
Firstpost
FiveTV
Flickr
Flipagram
Folketinget (ft.dk; Danish parliament)
FootyRoom
Formula1
FOX
Foxgay
Fox News and Fox Business Video
foxnews:article
foxnews:insider
FoxSports
france2.fr:generation-quoi
FranceCulture
FranceInter
France 2, 3, 4, 5 and 
francetvinfo.fr
Freesound
freespeech.org
FreeVideo
Funimation
FunnyOrDie
Fusion
FXNetworks
GameInformer
GameOne
gameone:playlist
Gamersyde
GameSpot
GameStar
Gazeta
GDCVault
Generic downloader that works on some sites
Gfycat
GiantBomb
Giga
Glide mobile video messages (glide.me)
Globo
GloboArticle
Go
GodTube
GodTV
Golem
GoogleDrive
Goshgay
GPUTechConf
Groupon
Hark
HBO
HBOEpisode
HearThisAt
Heise
HellPorno
helsinki.fi
HentaiStigma
HGTV
hgtv.com:show
HistoricFilms
History.com Topic
hitbox
hitbox:live
HornBunny
HotNewHipHop
HotStar
Howcast
HowStuffWorks
HRTi
HRTiPlaylist
花椒直播
Huffington Post
Hypem
Iconosquare
ign.com
Internet Movie Database trailers
Internet Movie Database lists
Imgur
ImgurAlbum
Ina
Indavideo
IndavideoEmbed
InfoQ
Instagram
Instagram user profile
InternetVideoArchive
IPrima
爱奇艺
Ir90Tv
ivi.ru
ivi.ru compilations
Ivideon TV
Iwara
Izlesene
Jamendo
JamendoAlbum
JeuxVideo
Jove
jpopsuki.tv
JWPlatform
Kaltura
Kamcord
Kanal 5/9/11 Play
Kankan
Karaoketv
KarriereVideos
keek
KeezMovies
Ketnet
KhanAcademy
KickStarter
KonserthusetPlay
KontrTube.ru - Труба зовёт
Красвью
Ku6
KUSI
酷我音乐 - 专辑
酷我音乐 - 分类
酷我音乐 - 排行榜
酷我音乐 - MV
酷我音乐 - 歌手
酷我音乐
la7.it
Laola1Tv
LCI
Lcp
LcpPlay
乐视网
Learnr
Lecture2Go
LEGO
Lemonde
LePlaylist
乐视云
Libsyn
Life.ru
life:embed
limelight
limelight:channel
limelight:channel_list
LiTV
LiveLeak
livestream
livestream:original
LnkGo
Library of Congress
LocalNews8
LoveHomePorn
lrt.lt
lynda.com videos
lynda.com online courses
m6
MacGameStore trailers
Видео@Mail.Ru
MakersChannel
MakerTV
mangomolo:live
mangomolo:video
MatchTV
MDR.DE and KiKA
media.ccc.de
META
metacafe
Metacritic
Mgoon
芒果TV
MiaoPai
Minhateca
MinistryGrid
Minoto
miomio.tv
mitele.es
mixcloud
mixcloud:playlist
mixcloud:stream
mixcloud:user
MLB
Mnet
LetitBit video services: moevideo.net, playreplay.net and videochart.net
Mofosex
Mojvideo
allmyvideos.net and vidspot.net
morningstar.com
Motherless
motorsport.com
MovieClips
MovieFap
Moviezine
MovingImage
MPORA
MSN
MTG services
mtv
mtv.de
mtv:video
mtvservices:embedded
münchen.tv
MusicPlayOn
Microsoft Virtual Academy videos
Microsoft Virtual Academy courses
Mwave
MwaveMeetGreet
MySpace
MySpace:album
MySpass
Myvi
MyVidster
n-tv.de
natgeo
natgeo:episodeguide
natgeo:video
Naver
NBA
NBC
NBCNews
NBCOlympics
NBCSports
NBCSportsVPlayer
NDR.de - Norddeutscher Rundfunk
ndr:embed
ndr:embed:base
NDTV
NerdCubedFeed
网易云音乐 - 专辑
网易云音乐 - 电台
网易云音乐 - MV
网易云音乐 - 歌单
网易云音乐 - 电台节目
网易云音乐 - 歌手
网易云音乐
Netzkino
Newgrounds
Newstube
O果日
O果日 - 有侣
National Film Board of Canada
nfl.com
NhkVod
nhl.com
NHL news
nhl.com:videocenter
NHL videocenter category
nick.com
nick.de
ニコニコ踊
NiconicoPlaylist
Nintendo
N-JOY
njoy:embed
Noco
Normalboots
NosVideo
TN.cz, Prásk.tv, Nova.cz, Novaplus.cz, FANDA.tv, Krásná.cz and Doma.cz
nowness
nowness:playlist
nowness:series
NowTVList
NowVideo
Noz
npo.nl and ntr.nl
npo.nl:live
npo.nl:radio
npo.nl:radio:fragment
Npr
NRK
NRKPlaylist
NRK Skole
NRK TV and NRK Radio
ntv.ru
Nuvid
NYTimes
NYTimesArticle
NZZ
ocw.mit.edu
OdaTV
Odnoklassniki
OktoberfestTV
on.aol.com
onet.tv
onet.tv:channel
OnionStudios
Ooyala
OoyalaExternal
Openload
OraTV
radio FM4
iptv.ORF.at
Radio sterreich 1
ORF TVthek
熊猫TV
TV
UK parliament videos
Patreon
Public Broadcasting Service (PBS) and member stations: PBS: Public Broadcasting Service, APT - Alabama Public Television (WBIQ), GPB/Georgia Public Broadcasting (WGTV), Mississippi Public Broadcasting (WMPN), Nashville Public Television (WNPT), WFSU-TV (WFSU), WSRE (WSRE), WTCI (WTCI), WPBA/Channel 30 (WPBA), Alaska Public Media (KAKM), Arizona PBS (KAET), KNME-TV/Channel 5 (KNME), Vegas PBS (KLVX), AETN/ARKANSAS ETV NETWORK (KETS), KET (WKLE), WKNO/Channel 10 (WKNO), LPB/LOUISIANA PUBLIC BROADCASTING (WLPB), OETA (KETA), Ozarks Public Television (KOZK), WSIU Public Broadcasting (WSIU), KEET TV (KEET), KIXE/Channel 9 (KIXE), KPBS San Diego (KPBS), KQED (KQED), KVIE Public Television (KVIE), PBS SoCal/KOCE (KOCE), ValleyPBS (KVPT), CONNECTICUT PUBLIC TELEVISION (WEDH), KNPB Channel 5 (KNPB), SOPTV (KSYS), Rocky Mountain PBS (KRMA), KENW-TV3 (KENW), KUED Channel 7 (KUED), Wyoming PBS (KCWC), Colorado Public Television / KBDI 12 (KBDI), KBYU-TV (KBYU), Thirteen/WNET New York (WNET), WGBH/Channel 2 (WGBH), WGBY (WGBY), NJTV Public Media NJ (WNJT), WLIW21 (WLIW), mpt/Maryland Public Television (WMPB), WETA Television and Radio (WETA), WHYY (WHYY), PBS 39 (WLVT), WVPT - Your Source for PBS and More! (WVPT), Howard University Television (WHUT), WEDU PBS (WEDU), WGCU Public Media (WGCU), WPBT2 (WPBT), WUCF TV (WUCF), WUFT/Channel 5 (WUFT), WXEL/Channel 42 (WXEL), WLRN/Channel 17 (WLRN), WUSF Public Broadcasting (WUSF), ETV (WRLK), UNC-TV (WUNC), PBS Hawaii - Oceanic Cable Channel 10 (KHET), Idaho Public Television (KAID), KSPS (KSPS), OPB (KOPB), KWSU/Channel 10 & KTNW/Channel 31 (KWSU), WILL-TV (WILL), Network Knowledge - WSEC/Springfield (WSEC), WTTW11 (WTTW), Iowa Public Television/IPTV (KDIN), Nine Network (KETC), PBS39 Fort Wayne (WFWA), WFYI Indianapolis (WFYI), Milwaukee Public Television (WMVS), WNIN (WNIN), WNIT Public Television (WNIT), WPT (WPNE), WVUT/Channel 22 (WVUT), WEIU/Channel 51 (WEIU), WQPT-TV (WQPT), WYCC PBS Chicago (WYCC), WIPB-TV (WIPB), WTIU (WTIU), CET  (WCET), ThinkTVNetwork (WPTD), WBGU-TV (WBGU), WGVU TV (WGVU), NET1 (KUON), Pioneer Public Television (KWCM), SDPB Television (KUSD), TPT (KTCA), KSMQ (KSMQ), KPTS/Channel 8 (KPTS), KTWU/Channel 11 (KTWU), East Tennessee PBS (WSJK), WCTE-TV (WCTE), WLJT, Channel 11 (WLJT), WOSU TV (WOSU), WOUB/WOUC (WOUB), WVPB (WVPB), WKYU-PBS (WKYU), KERA 13 (KERA), MPBN (WCBB), Mountain Lake PBS (WCFE), NHPTV (WENH), Vermont PBS (WETK), witf (WITF), WQED Multimedia (WQED), WMHT Educational Telecommunications (WMHT), Q-TV (WDCQ), WTVS Detroit Public TV (WTVS), CMU Public Television (WCMU), WKAR-TV (WKAR), WNMU-TV Public TV 13 (WNMU), WDSE - WRPT (WDSE), WGTE TV (WGTE), Lakeland Public Television (KAWE), KMOS-TV - Channels 6.1, 6.2 and 6.3 (KMOS), MontanaPBS (KUSM), KRWG/Channel 22 (KRWG), KACV (KACV), KCOS/Channel 13 (KCOS), WCNY/Channel 24 (WCNY), WNED (WNED), WPBS (WPBS), WSKG Public TV (WSKG), WXXI (WXXI), WPSU (WPSU), WVIA Public Media Studios (WVIA), WTVI (WTVI), Western Reserve PBS (WNEO), WVIZ/PBS ideastream (WVIZ), KCTS 9 (KCTS), Basin PBS (KPBT), KUHT / Channel 8 (KUHT), KLRN (KLRN), KLRU (KLRU), WTJX Channel 12 (WTJX), WCVE PBS (WCVE), KBTC Public Television (KBTC)
pcmag
People
Periscope
Periscope user videos
Philharmonie de Paris
phoenix.de
Photobucket
Pinkbike
Pladform
play.fm
PlaysTV
Playtvak.cz, iDNES.cz and Lidovky.cz
Playvid
Playwire
pluralsight
pluralsight:course
Google Plus
pluzz.francetv.fr
podomatic
Pokemon
PolskieRadio
PolskieRadioCategory
PornCom
PornHd
PornHub and Thumbzilla
PornHubPlaylist
PornHubUserVideos
Pornotube
PornoVoisines
PornoXO
PressTV
PrimeShareTV
PromptFile
ProSiebenSat.1 Digital
Puls4
Pyvideo
QQ音乐
QQ音乐 - 专辑
QQ音乐 - 歌单
QQ音乐 - 歌手
QQ音乐 - 排行榜
R7
R7Article
radio.de
radiobremen
radiocanada
RadioCanadaAudioVideo
radiofrance
RadioJavan
Rai
RaiTV
RBMARadio
RDS.ca
RedTube
RegioTV
Restudy
Reuters
ReverbNation
revision
revision3:embed
RICE
RingTV
RMCDecouverte
RockstarGames
RoosterTeeth
RottenTomatoes
Roxwel
Rozhlas
RTBF
Raidió Teilifís ireann TV
Raidió Teilifís ireann radio
rtl.nl and rtlxl.nl
RTL2
RTP
RTS.ch
RTVE a la carta
RTVE infantil
RTVE.es live streams
rtve.es:television
RTVNH
Rudo
RUHD
RulePorn
Rutube videos
Rutube channels
Rutube embedded videos
Rutube movies
Rutube person videos
RUTV.RU
Ruutu
safaribooksonline.com online video
safari:api
safaribooksonline.com online courses
Sandia National Laboratories
SAPO Vídeos
savefrom.net
sbs.com.au
schooltv
SciVee
Yahoo screen search (Example: "yvsearch:falling cat" )
Screencast
ScreencastOMatic
ScreenJunkies
ScreenwaveMedia
Seeker
SenateISVP
SendtoNews
ServingSys
Sexu
Shahid
shared.sx
ShareSix
Sina
SixPlay
skynewsarabia:article
skynewsarabia:video
SkySports
Slideshare
Slutload
Smotri.com
Smotri.com broadcasts
Smotri.com community videos
Smotri.com user videos
Snotr
Sohu
SonyLIV
soundcloud
soundcloud:playlist
Soundcloud search (Example: "scsearch:falling cat" )
soundcloud:set
soundcloud:user
soundgasm
soundgasm:profile
southpark.cc.com
southpark.cc.com:espaol
southpark.de
southpark.nl
southparkstudios.dk
SpankBang
Spankwire
Spiegel
Articles on spiegel.de
Spiegeltv
Spike
Sport5
SportBox
SportBoxEmbed
SportDeutschland
Sportschau
Saarlndischer Rundfunk
SRGSSR
srf.ch, rts.ch, rsi.ch, rtr.ch and swissinfo.ch play sites
Stanford Open ClassRoom
Steam
Stitcher
Streamable
streamcloud.eu
StreamCZ
StreetVoice
SunPorno
SVT
SVT Play and ppet arkiv
SWRMediathek
Syfy
SztvHu
t-online.de
Tagesschau
tagesschau:player
Tass
TBS
TDSLifeway
teachertube.com videos
teachertube.com user and collection videos
TeachingChannel
Teamcoco
TeamFour
TechTalks
techtv.mit.edu
ted
Tele13
TeleBruxelles
telecinco.es, cuatro.com and mediaset.es
Telegraaf
TeleMB
TeleQuebec
TeleTask
Telewebion
TF1
TFO
TheIntercept
theoperaplatform
ThePlatform
ThePlatformFeed
TheScene
TheSixtyOne
TheStar
TheWeatherChannel
ThisAmericanLife
ThisAV
ThisOldHouse
tinypic.com videos
tlc.de
TMZ
TMZArticle
TNAFlix
TNAFlixNetworkEmbed
toggle
Tosh.0
tou.tv
Toypics user profile
Toypics user profile
Trilulilu
TruTV
Tube8
TubiTv
tudou
tudou:album
tudou:playlist
Tumblr
tunein:clip
tunein:program
tunein:station
tunein:topic
Turbo
Tutv
tv.dfb.de
TV2
TV2Article
TV3
tv4.se and tv4play.se
TVC
TVCArticle
Интернет-телевидение Tvigle.ru
tvland.com
TVNoe
Telewizja Polska
Telewizja Polska
tvp:series
Tweakers
twitch:chapter
twitch:clips
twitch:past_broadcasts
twitch:profile
twitch:stream
twitch:video
twitch:vod
twitter
twitter:amplify
twitter:card
udemy
udemy:course
合影音
Unistra
uol.com.br
uplynk
uplynk:preplay
NRK P3 Urrt
URPlay
USANetwork
USAToday
ustream
ustream:channel
ustudio
ustudio:embed
Varzesh3
Vbox7
VeeHD
Veoh
Vessel
Вести.Ru
Vevo
VevoPlaylist
VGTV, BTTV, FTV, Aftenposten and Aftonbladet
vh1.com
Viafree
Vice
Viceland
ViceShow
Vidbit
Viddler
Google Video search (Example: "gvsearch:falling cat" )
video.mit.edu
VideoDetective
videofy.me
VideoMega
videomore
videomore:season
videomore:video
VideoPremium
VideoWeed
Vidio
vidme
vidme:user
vidme:user:likes
Vidzi
vier
vier:videos
ViewLift
ViewLiftEmbed
Viewster
Viidea
viki
viki:channel
vimeo
vimeo:album
vimeo:channel
vimeo:group
Vimeo user likes
vimeo:ondemand
Review pages on vimeo
vimeo:user
Vimeo watch later list, "vimeowatchlater" keyword (requires authentication)
Vimple - one-click video hosting
Vine
vine:user
vivo.sx
VK
VK - User's Videos
vk:wallpost
vlive
Vodlocker
VODPlatform
VoiceRepublic
VoxMedia
Vporn
npo.nl and ntr.nl
VRT
Vube.com
VuClip
VyboryMos
Walla
washingtonpost
washingtonpost:article
wat.tv
Watch Indian Porn
WDR
wdr:mobile
WebOfStories
WebOfStoriesPlaylist
WQTV
WholeCloud
Wimp
Wistia
npo.nl and ntr.nl
WorldStarHipHop
wrzuta.pl
wrzuta.pl:playlist
Wall Street Journal
XBef
XboxClips
XFileShare based sites: DaClips, FileHoot, GorillaVid, MovPod, PowerWatch, Rapidvideo.ws, TheVideoBee, Vidto, Streamin.To, XVIDSTAGE
XHamster
XHamsterEmbed
虾米音乐 - 专辑
虾米音乐 - 歌手
虾米音乐 - 精选集
虾米音乐
XMinus
XNXX
Xstream
XTube
XTube user profile
S意CXuite影音
XVideos
XXXYMovies
Yahoo screen and movies
蕃薯藤yam天空部落
Яндекс.Музыка - Альбом
Яндекс.Музыка - Плейлист
Яндекс.Музыка - Трек
YesJapan
音悦Tai
Ynet
YouJizz
优酷
youku:show
YouPorn
YourUpload
YouTube.com
YouTube.com channels
YouTube.com favourite videos, ":ytfav" for short (requires authentication)
Youtube watch history, ":ythistory" for short (requires authentication)
YouTube.com live streams
YouTube.com playlists
YouTube.com user/channel playlists
YouTube.com recommended videos, ":ytrec" for short (requires authentication)
YouTube.com searches (Example: "ytsearch10:slithering pythons" )
YouTube.com searches, newest videos first (Example: "ytsearchdate:purple fish" )
YouTube.com search URLs
youtube:shared
YouTube.com (multi-season) shows
YouTube.com subscriptions feed, "ytsubs" keyword (requires authentication)
YouTube.com user videos (URL or "ytuser" keyword)
Youtube watch later list, ":ytwatchlater" for short (requires authentication)
Zapiks
ZDF
ZDFChannel
mp3.zing.vn
