http://www.ynsf.ccoo.cn/ad/jieshao.html
http://www.ynsf.ccoo.cn/auto/album/
http://www.ynsf.ccoo.cn/auto/bbs/
http://www.ynsf.ccoo.cn/auto/news/
http://www.ynsf.ccoo.cn/auto/product/
http://www.ynsf.ccoo.cn/auto/shop/
http://www.ynsf.ccoo.cn/baby/bbs/
http://www.ynsf.ccoo.cn/baby/news/
http://www.ynsf.ccoo.cn/baby/shop/
http://www.ynsf.ccoo.cn/cuxiao/list-1-0.html
http://www.ynsf.ccoo.cn/forum/board-59676-1-1.html
http://www.ynsf.ccoo.cn/forum/board-59709-1-1.html
http://www.ynsf.ccoo.cn/forum/board-59713-1-1.html
http://www.ynsf.ccoo.cn/forum/board-59823-1-1.html
http://www.ynsf.ccoo.cn/forum/board-59877-1-1.html
http://www.ynsf.ccoo.cn/forum/board-61399-1-1.html
http://www.ynsf.ccoo.cn/forum/board-62393-1-1.html
http://www.ynsf.ccoo.cn/forum/board-65887-1-1.html
http://www.ynsf.ccoo.cn/forum/hd-1-1.html
http://www.ynsf.ccoo.cn/forum/help.asp
http://www.ynsf.ccoo.cn/forum/mood-1-1.html
http://www.ynsf.ccoo.cn/forum/phboard-1-4-1-1.html
http://www.ynsf.ccoo.cn/forum/phmaster-1-4-1-1.html
http://www.ynsf.ccoo.cn/forum/photolist-1-1-1.html
http://www.ynsf.ccoo.cn/forum/photolist-2-1-1.html
http://www.ynsf.ccoo.cn/forum/photolist-3-1-1.html
http://www.ynsf.ccoo.cn/forum/photolist-4-1-1.html
http://www.ynsf.ccoo.cn/forum/phphoto-5-5-1-1-1.html
http://www.ynsf.ccoo.cn/forum/phtopic-2-4-1-1.html
http://www.ynsf.ccoo.cn/forum/phtopic-3-4-1-1.html
http://www.ynsf.ccoo.cn/forum/phusers-1-4-1-1.html
http://www.ynsf.ccoo.cn/forum/phzhuanti-2-2-1-1.html
http://www.ynsf.ccoo.cn/forum/props.html
http://www.ynsf.ccoo.cn/forum/qq-0-0-1-1.html
http://www.ynsf.ccoo.cn/forum/sheying-1-1.html
http://www.ynsf.ccoo.cn/forum/today-1-1.html
http://www.ynsf.ccoo.cn/forum/user/
http://www.ynsf.ccoo.cn/forum/user/index.asp?username=3300k_2012
http://www.ynsf.ccoo.cn/forum/user/index.asp?username=7y123121
http://www.ynsf.ccoo.cn/forum/user/index.asp?username=QQID15428282
http://www.ynsf.ccoo.cn/forum/user/index.asp?username=WXID15184393
http://www.ynsf.ccoo.cn/forum/user/index.asp?username=WXID15670073
http://www.ynsf.ccoo.cn/forum/user/index.asp?username=WXID16083402
http://www.ynsf.ccoo.cn/forum/user/index.asp?username=WXID17825269
http://www.ynsf.ccoo.cn/forum/user/index.asp?username=WXIDoZ7WmjgEUbaV
http://www.ynsf.ccoo.cn/forum/user/index.asp?username=WXIDoZ7Wmjj4GyAy
http://www.ynsf.ccoo.cn/forum/user/index.asp?username=chenfei0
http://www.ynsf.ccoo.cn/forum/user/index.asp?username=qqid17230220
http://www.ynsf.ccoo.cn/forum/user/index.asp?username=qqid6160240
http://www.ynsf.ccoo.cn/forum/user/index.asp?username=qqid6293279
http://www.ynsf.ccoo.cn/forum/user/index.asp?username=qqid8515300
http://www.ynsf.ccoo.cn/forum/user/index.asp?username=sf925757374
http://www.ynsf.ccoo.cn/forum/user/index.asp?username=sfnew
http://www.ynsf.ccoo.cn/forum/user/index.asp?username=shuich559
http://www.ynsf.ccoo.cn/forum/user/index.asp?username=shuifuzx
http://www.ynsf.ccoo.cn/forum/user/index.asp?username=sid14652326
http://www.ynsf.ccoo.cn/forum/user/index.asp?username=sid14681589
http://www.ynsf.ccoo.cn/forum/user/index.asp?username=sid14710553
http://www.ynsf.ccoo.cn/forum/user/index.asp?username=sid15016012
http://www.ynsf.ccoo.cn/forum/user/index.asp?username=xih1990
http://www.ynsf.ccoo.cn/forum/user/index.asp?username=xxrrff123
http://www.ynsf.ccoo.cn/forum/user/index.asp?username=yhm520wl
http://www.ynsf.ccoo.cn/forum/user/index.asp?username=yjsr001
http://www.ynsf.ccoo.cn/forum/zt-1-1.html
http://www.ynsf.ccoo.cn/forum/zthd-1-1.html
http://www.ynsf.ccoo.cn/home/
http://www.ynsf.ccoo.cn/hotel/
http://www.ynsf.ccoo.cn/hotel/shop/
http://www.ynsf.ccoo.cn/jiang/
http://www.ynsf.ccoo.cn/login/
http://www.ynsf.ccoo.cn/meishi/
http://www.ynsf.ccoo.cn/news/
http://www.ynsf.ccoo.cn/news/auto/
http://www.ynsf.ccoo.cn/news/baoliao/
http://www.ynsf.ccoo.cn/news/home/
http://www.ynsf.ccoo.cn/news/house/
http://www.ynsf.ccoo.cn/news/local/
http://www.ynsf.ccoo.cn/news/marry/
http://www.ynsf.ccoo.cn/news/meishi/
http://www.ynsf.ccoo.cn/news/paihang.html
http://www.ynsf.ccoo.cn/news/photo/
http://www.ynsf.ccoo.cn/phonebook/
http://www.ynsf.ccoo.cn/qy/
http://www.ynsf.ccoo.cn/reg/
http://www.ynsf.ccoo.cn/reg/?backurl=/forum/photo.asp
http://www.ynsf.ccoo.cn/shop/
http://www.ynsf.ccoo.cn/store/
http://www.ynsf.ccoo.cn/store/card/
http://www.ynsf.ccoo.cn/store/shop/
http://www.ynsf.ccoo.cn/store/tuangou/
http://www.ynsf.ccoo.cn/tieba/
http://www.ynsf.ccoo.cn/tieba/index-2-1-1.html
http://www.ynsf.ccoo.cn/tieba/index-7-1-1.html
http://www.ynsf.ccoo.cn/tieba/sitemap.html
http://www.ynsf.ccoo.cn/tuan/
http://www.ynsf.ccoo.cn/wap/
http://www.ynsf.ccoo.cn/wb/
http://www.ynsf.ccoo.cn/weather/
http://www.ynsf.ccoo.cn/wed/
http://www.ynsf.ccoo.cn/wz/
http://www.ynsf.ccoo.cn/youhui/
http://www.ynsf.ccoo.cn/yp/
http://www.ynsf.ccoo.cn/yp/all/
http://www.ynsf.ccoo.cn
http://www.ynsf.ccoo.cn/
http://www.ynsf.ccoo.cn/ad/
http://www.ynsf.ccoo.cn/auto/
http://www.ynsf.ccoo.cn/baby/
http://www.ynsf.ccoo.cn/bendi/
http://www.ynsf.ccoo.cn/cuxiao/
http://www.ynsf.ccoo.cn/forum/
http://www.ynsf.ccoo.cn/forum/baoliao-1-1-1.html
http://www.ynsf.ccoo.cn/forum/photo.html
http://www.ynsf.ccoo.cn/forum/phtopic-1-4-1-1.html
http://www.ynsf.ccoo.cn/login/?backurl=/auto/
http://www.ynsf.ccoo.cn/login/?backurl=/baby/
http://www.ynsf.ccoo.cn/login/?backurl=/cuxiao/
http://www.ynsf.ccoo.cn/reg/?backurl=/auto/
http://www.ynsf.ccoo.cn/reg/?backurl=/baby/
http://www.ynsf.ccoo.cn/reg/?backurl=/cuxiao/
