http://www.ynsf.ccoo.cn/post/qiuzhi/1019127x.html
http://www.ynsf.ccoo.cn/forum/thread-8449291-1-1.html
http://www.ynsf.ccoo.cn/bendi/info-35959.html
http://www.ynsf.ccoo.cn/forum/thread-8591605-1-1.html
http://www.ynsf.ccoo.cn/forum/thread-8226851-1-1.html
http://www.ynsf.ccoo.cn/store/shop-300416.html
http://www.ynsf.ccoo.cn/forum/thread-8665341-1-1.html
http://www.ynsf.ccoo.cn/home/case-10271.html
http://www.ynsf.ccoo.cn/forum/thread-8389522-1-1.html
http://www.ynsf.ccoo.cn/news/local/4389759.html
http://www.ynsf.ccoo.cn/reg/?backurl=/baby/netshop.asp?page=1&c=100722&d=0&p=1
http://www.ynsf.ccoo.cn/reg/?backurl=/bendi/techan.asp
http://www.ynsf.ccoo.cn/home/news-89595.html
http://www.ynsf.ccoo.cn/forum/user/info.asp?username=WXID17606312
http://www.ynsf.ccoo.cn/forum/user/info.asp?username=qqid17230220
http://www.ynsf.ccoo.cn/forum/thread-8881657-1-1.html
http://www.ynsf.ccoo.cn/wed/shop-53677.html
http://www.ynsf.ccoo.cn/forum/thread-8015196-1-1.html
http://www.ynsf.ccoo.cn/forum/thread-8597264-1-1.html
http://www.ynsf.ccoo.cn/forum/user/info.asp?username=WXIDoZ7WmjjqI6xE
http://www.ynsf.ccoo.cn/forum/user/info.asp?username=idjroc36067
http://www.ynsf.ccoo.cn/forum/thread-6602354-1-1.html
http://www.ynsf.ccoo.cn/forum/thread-3168527-1-1.html
http://www.ynsf.ccoo.cn/forum/thread-6371346-1-1.html
http://www.ynsf.ccoo.cn/post/pet/fuwu/
http://www.ynsf.ccoo.cn/forum/thread-3746865-1-1.html
http://www.ynsf.ccoo.cn/post/cheliang/678138x.html
http://www.ynsf.ccoo.cn/forum/thread-8094824-1-1.html
http://www.ynsf.ccoo.cn/forum/user/info.asp?username=QQID15428282
http://www.ynsf.ccoo.cn/login/?backurl=/auto/netshop.asp
http://www.ynsf.ccoo.cn/forum/user/info.asp?username=qqid4934646
http://www.ynsf.ccoo.cn/forum/thread-8871434-1-1.html
http://www.ynsf.ccoo.cn/cuxiao/list-3.html
http://www.ynsf.ccoo.cn/forum/thread-3168443-1-1.html
http://www.ynsf.ccoo.cn/forum/user/info.asp?username=fengqiulan1989
http://www.ynsf.ccoo.cn/post/zhaopins/list-46274-0-0-0-0-0-1.html
http://www.ynsf.ccoo.cn/post/cheliang/623829x.html
http://www.ynsf.ccoo.cn/forum/thread-5632428-1-1.html
http://www.ynsf.ccoo.cn/forum/user/info.asp?username=WXIDoZ7Wmjj4GyAy
http://www.ynsf.ccoo.cn/forum/thread-8591606-1-1.html
http://www.ynsf.ccoo.cn/post/cheliang/670967x.html
http://www.ynsf.ccoo.cn/news/local/4446470.html
http://www.ynsf.ccoo.cn/forum/thread-8717133-1-1.html
http://www.ynsf.ccoo.cn/post/qiuzhi/1036446x.html
http://www.ynsf.ccoo.cn/forum/thread-3790342-1-1.html
http://www.ynsf.ccoo.cn/bendi/info-36326.html
http://www.ynsf.ccoo.cn/post/ershou/2447453x.html
http://www.ynsf.ccoo.cn/forum/thread-8297272-1-1.html
http://www.ynsf.ccoo.cn/forum/thread-8223113-1-1.html
http://www.ynsf.ccoo.cn/forum/thread-8299304-1-1.html
http://www.ynsf.ccoo.cn/forum/thread-8207676-1-1.html
http://www.ynsf.ccoo.cn/forum/thread-8209417-1-1.html
http://www.ynsf.ccoo.cn/forum/thread-8833705-1-1.html
http://www.ynsf.ccoo.cn/post/ershou/2447456x.html
http://www.ynsf.ccoo.cn/forum/thread-8769091-1-1.html
http://www.ynsf.ccoo.cn/forum/thread-3748946-1-1.html
http://www.ynsf.ccoo.cn/wed/news-73718.html
http://www.ynsf.ccoo.cn/wed/shop-304952.html
http://www.ynsf.ccoo.cn/forum/thread-8839702-1-1.html
http://www.ynsf.ccoo.cn/forum/postmsg.asp?boardid=110
http://www.ynsf.ccoo.cn/news/local/4444764.html
http://www.ynsf.ccoo.cn/forum/show-157654.html
http://www.ynsf.ccoo.cn/forum/user/info.asp?username=qqid10927144
http://www.ynsf.ccoo.cn/post/jiaoyou/list_1_2_0_0_0.html
http://www.ynsf.ccoo.cn/forum/user/info.asp?username=qqid4957290
http://www.ynsf.ccoo.cn/forum/thread-8841899-1-1.html
http://www.ynsf.ccoo.cn/forum/thread-8663655-1-1.html
http://www.ynsf.ccoo.cn/forum/user/info.asp?username=qqid12148151
http://www.ynsf.ccoo.cn/forum/thread-8843211-1-1.html
http://www.ynsf.ccoo.cn/home/news-84826.html
http://www.ynsf.ccoo.cn/forum/thread-7933069-1-1.html
http://www.ynsf.ccoo.cn/forum/thread-3230659-view-yhm520wl-back-0-1-1.html
http://www.ynsf.ccoo.cn/forum/user/info.asp?username=WXID16499104
http://www.ynsf.ccoo.cn/reg/?backurl=/auto/netshop.asp?page=1&c=100714&d=0&p=1
http://www.ynsf.ccoo.cn/forum/thread-8240583-1-1.html
http://www.ynsf.ccoo.cn/bendi/info-39039.html
http://www.ynsf.ccoo.cn/forum/thread-6371364-1-1.html
http://www.ynsf.ccoo.cn/forum/user/info.asp?username=qqid9761372
http://www.ynsf.ccoo.cn/reg/?backurl=/hotel/netshop.asp
http://www.ynsf.ccoo.cn/forum/thread-8095687-1-1.html
http://www.ynsf.ccoo.cn/forum/thread-8881845-1-1.html
http://www.ynsf.ccoo.cn/meishi/news-49708.html
http://www.ynsf.ccoo.cn/forum/thread-8495925-1-1.html
http://www.ynsf.ccoo.cn/post/cheliang/603788x.html
http://www.ynsf.ccoo.cn/forum/thread-8678234-1-1.html
http://www.ynsf.ccoo.cn/forum/thread-6214892-1-1.html
http://www.ynsf.ccoo.cn/forum/thread-8863351-1-1.html
http://www.ynsf.ccoo.cn/post/fangwu/chushou/3100477x.html
http://www.ynsf.ccoo.cn/reg/?backurl=/home/case.asp
http://www.ynsf.ccoo.cn/forum/thread-3058823-1-1.html
http://www.ynsf.ccoo.cn/forum/thread-8179348-1-1.html
http://www.ynsf.ccoo.cn/forum/thread-3072069-1-1.html
http://www.ynsf.ccoo.cn/forum/thread-8586039-1-1.html
http://www.ynsf.ccoo.cn/forum/user/info.asp?username=qqid2957048
http://www.ynsf.ccoo.cn/forum/thread-5940797-1-1.html
http://www.ynsf.ccoo.cn/forum/user/info.asp?username=qqid12108977
http://www.ynsf.ccoo.cn/post/zhaopins/list-17448-0-0-0-0-0-1.html
http://www.ynsf.ccoo.cn/login/?backurl=/hotel/netshop.asp
http://www.ynsf.ccoo.cn/forum/show-154036.html
http://www.ynsf.ccoo.cn/forum/thread-8841574-1-1.html
http://www.ynsf.ccoo.cn/forum/user/info.asp?username=WXIDoZ7WmjtmnCWJ
http://www.ynsf.ccoo.cn/forum/user/info.asp?username=jianxia71
http://www.ynsf.ccoo.cn/store/shop-226990.html
http://www.ynsf.ccoo.cn/reg/?backurl=/baby/netshop.asp
http://www.ynsf.ccoo.cn/post/fangwu/zixun/176297x.html
http://www.ynsf.ccoo.cn/forum/user/info.asp?username=wbd774
http://www.ynsf.ccoo.cn/forum/thread-7930363-1-1.html
http://www.ynsf.ccoo.cn/forum/thread-7930495-1-1.html
http://www.ynsf.ccoo.cn/post/cheliang/635708x.html
http://www.ynsf.ccoo.cn/news/local/4439732.html
http://www.ynsf.ccoo.cn/forum/thread-8201812-1-1.html
http://www.ynsf.ccoo.cn/forum/user/info.asp?username=bjhrft54
http://www.ynsf.ccoo.cn/auto/news-70982.html
http://www.ynsf.ccoo.cn/forum/thread-8832012-1-1.html
http://www.ynsf.ccoo.cn/post/shenghuo/jiazheng/
http://www.ynsf.ccoo.cn/forum/thread-8788835-1-1.html
http://www.ynsf.ccoo.cn/forum/thread-8875782-1-1.html
http://www.ynsf.ccoo.cn/bendi/do?post=
http://www.ynsf.ccoo.cn/forum/thread-6536186-1-1.html
http://www.ynsf.ccoo.cn/post/cheliang/683236x.html
http://www.ynsf.ccoo.cn/forum/thread-8161564-1-1.html
http://www.ynsf.ccoo.cn/wed/news-78887.html
http://www.ynsf.ccoo.cn/forum/thread-7958219-1-1.html
http://www.ynsf.ccoo.cn/news/local/4442971.html
http://www.ynsf.ccoo.cn/forum/thread-3608544-1-1.html
http://www.ynsf.ccoo.cn/forum/thread-8677735-1-1.html
http://www.ynsf.ccoo.cn/forum/postmsg.asp?boardid=62393
http://www.ynsf.ccoo.cn/reg/?backurl=/auto/netshop.asp?page=1&c=100715&d=0&p=1
http://www.ynsf.ccoo.cn/forum/thread-8094843-1-1.html
http://www.ynsf.ccoo.cn/forum/user/info.asp?username=slfqg
http://www.ynsf.ccoo.cn/cuxiao/list-7.html
http://www.ynsf.ccoo.cn/forum/thread-8666182-1-1.html
http://www.ynsf.ccoo.cn/post/fangwu/qiugou/
http://www.ynsf.ccoo.cn/forum/thread-8326544-1-1.html
http://www.ynsf.ccoo.cn/forum/thread-8687782-1-1.html
http://www.ynsf.ccoo.cn/forum/thread-7929758-1-1.html
http://www.ynsf.ccoo.cn/cuxiao/116080.html
http://www.ynsf.ccoo.cn/forum/thread-8673924-1-1.html
http://www.ynsf.ccoo.cn/auto/shop-215975.html
http://www.ynsf.ccoo.cn/bendi/info-36319.html
http://www.ynsf.ccoo.cn/forum/thread-8372288-1-1.html
http://www.ynsf.ccoo.cn/cuxiao/88138.html
http://www.ynsf.ccoo.cn/reg/?backurl=/bendi/wenhua.asp
http://www.ynsf.ccoo.cn/forum/thread-8838223-1-1.html
http://www.ynsf.ccoo.cn/bendi/info-39040.html
http://www.ynsf.ccoo.cn/forum/thread-5853604-1-1.html
http://www.ynsf.ccoo.cn/post/zhaopins/list-25267-0-0-0-0-0-1.html
http://www.ynsf.ccoo.cn/forum/thread-8529559-1-1.html
http://www.ynsf.ccoo.cn/forum/user/info.asp?username=QQID14488080
http://www.ynsf.ccoo.cn/huoche/wangluodingpiao-1.html
http://www.ynsf.ccoo.cn/forum/user/info.asp?username=qqid11640321
http://www.ynsf.ccoo.cn/forum/thread-8782696-1-1.html
http://www.ynsf.ccoo.cn/forum/thread-6526316-1-1.html
http://www.ynsf.ccoo.cn/forum/thread-8228686-1-1.html
http://www.ynsf.ccoo.cn/news/local/4426336.html
http://www.ynsf.ccoo.cn/forum/thread-4173072-1-1.html
http://www.ynsf.ccoo.cn/forum/thread-8586038-1-1.html
http://www.ynsf.ccoo.cn/forum/user/info.asp?username=wuxing10
http://www.ynsf.ccoo.cn/forum/thread-3746943-1-1.html
http://www.ynsf.ccoo.cn/forum/thread-8663238-1-1.html
http://www.ynsf.ccoo.cn/forum/user/info.asp?username=sid16232963
http://www.ynsf.ccoo.cn/forum/thread-8641659-1-1.html
http://www.ynsf.ccoo.cn/forum/thread-8856845-1-1.html
http://www.ynsf.ccoo.cn/bendi/info-64545.html
http://www.ynsf.ccoo.cn/forum/thread-8226499-1-1.html
http://www.ynsf.ccoo.cn/forum/thread-8159758-1-1.html
http://www.ynsf.ccoo.cn/forum/thread-3144448-1-1.html
http://www.ynsf.ccoo.cn/forum/thread-8222148-1-1.html
http://www.ynsf.ccoo.cn/post/cheliang/xinchemaimai/
http://www.ynsf.ccoo.cn/forum/thread-8758459-1-1.html
http://www.ynsf.ccoo.cn/forum/thread-6488328-1-1.html
http://www.ynsf.ccoo.cn/forum/thread-8187772-1-1.html
http://www.ynsf.ccoo.cn/post/cheliang/673052x.html
http://www.ynsf.ccoo.cn/forum/thread-8656051-1-1.html
http://www.ynsf.ccoo.cn/forum/thread-8661659-1-1.html
http://www.ynsf.ccoo.cn/forum/thread-8340804-1-1.html
http://www.ynsf.ccoo.cn/news/local/4457783.html
http://www.ynsf.ccoo.cn/forum/user/info.asp?username=sf925757374
http://www.ynsf.ccoo.cn/home/news-68931.html
http://www.ynsf.ccoo.cn/cuxiao/93085.html
http://www.ynsf.ccoo.cn/forum/thread-8189209-1-1.html
http://www.ynsf.ccoo.cn/bendi/info-99865.html
http://www.ynsf.ccoo.cn/forum/thread-8650268-1-1.html
http://www.ynsf.ccoo.cn/forum/thread-8247047-1-1.html
http://www.ynsf.ccoo.cn/post/zhaopins/list-37271-0-0-0-0-0-1.html
http://www.ynsf.ccoo.cn/news/photo/99899.html
http://www.ynsf.ccoo.cn/post/zhaopins/list-58278-0-0-0-0-0-1.html
http://www.ynsf.ccoo.cn/forum/thread-8157330-1-1.html
http://www.ynsf.ccoo.cn/forum/thread-3200768-1-1.html
http://www.ynsf.ccoo.cn/forum/show-51012.html
http://www.ynsf.ccoo.cn/forum/thread-8325223-1-1.html
http://www.ynsf.ccoo.cn/forum/thread-3230659-1-1.html
http://www.ynsf.ccoo.cn/post/jiaoyou/
http://www.ynsf.ccoo.cn/forum/user/info.asp?username=qqid14488889
http://www.ynsf.ccoo.cn/forum/user/info.asp?username=WXID12169539
http://www.ynsf.ccoo.cn/forum/thread-6150214-1-1.html
http://www.ynsf.ccoo.cn/forum/thread-8226496-1-1.html
http://www.ynsf.ccoo.cn/bendi/info-35958.html
http://www.ynsf.ccoo.cn/forum/user/info.asp?username=qqid17767294
http://www.ynsf.ccoo.cn/forum/user/info.asp?username=qqid16084999
http://www.ynsf.ccoo.cn/forum/thread-8296742-1-1.html
http://www.ynsf.ccoo.cn/forum/thread-3050973-1-1.html
http://www.ynsf.ccoo.cn/forum/thread-8244431-1-1.html
http://www.ynsf.ccoo.cn/forum/user/info.asp?username=qqid4426330
http://www.ynsf.ccoo.cn/bendi/info-115924.html
http://www.ynsf.ccoo.cn/forum/thread-8867398-1-1.html
http://www.ynsf.ccoo.cn/post/cheliang/motuoche/
http://www.ynsf.ccoo.cn/forum/postmsg.asp?boardid=99
http://www.ynsf.ccoo.cn/forum/thread-8159434-1-1.html
http://www.ynsf.ccoo.cn/auto/shop-286299.html
http://www.ynsf.ccoo.cn/forum/thread-3029255-1-1.html
http://www.ynsf.ccoo.cn/forum/thread-7958186-1-1.html
http://www.ynsf.ccoo.cn/forum/postmsg.asp?boardid=61399
http://www.ynsf.ccoo.cn/post/shenghuo/canyin/
http://www.ynsf.ccoo.cn/forum/user/info.asp?username=qqid15149172
http://www.ynsf.ccoo.cn/forum/thread-8238689-1-1.html
http://www.ynsf.ccoo.cn/bendi/info-35919.html
http://www.ynsf.ccoo.cn/forum/user/info.asp?username=m520wl
http://www.ynsf.ccoo.cn/post/zhaopins/list-31269-0-0-0-0-0-1.html
http://www.ynsf.ccoo.cn/cuxiao/57653.html
http://www.ynsf.ccoo.cn/post/qiuzhi/1036599x.html
http://www.ynsf.ccoo.cn/forum/thread-3077149-1-1.html
http://www.ynsf.ccoo.cn/forum/thread-8864786-1-1.html
http://www.ynsf.ccoo.cn/post/ershou/2467963x.html
http://www.ynsf.ccoo.cn/post/ershou/2458244x.html
http://www.ynsf.ccoo.cn/news/photo/103697.html
http://www.ynsf.ccoo.cn/wed/news-73760.html
http://www.ynsf.ccoo.cn/post/zhaopins/list-111051-0-0-0-0-0-1.html
http://www.ynsf.ccoo.cn/forum/thread-8222999-1-1.html
http://www.ynsf.ccoo.cn/post/qiuzhi/1036682x.html
http://www.ynsf.ccoo.cn/bendi/info-36325.html
http://www.ynsf.ccoo.cn/hotel/shop-287813.html
http://www.ynsf.ccoo.cn/reg/shop.asp?backurl=/store/reg/apply.asp&snstr=d7f1066c100c6a82
http://www.ynsf.ccoo.cn/forum/show-53902.html
http://www.ynsf.ccoo.cn/forum/thread-6763366-1-1.html
http://www.ynsf.ccoo.cn/forum/user/info.asp?username=qqid20094795
http://www.ynsf.ccoo.cn/forum/user/info.asp?username=g13887088910
http://www.ynsf.ccoo.cn/cuxiao/85162.html
http://www.ynsf.ccoo.cn/forum/thread-8350255-1-1.html
http://www.ynsf.ccoo.cn/forum/thread-8250020-1-1.html
http://www.ynsf.ccoo.cn/forum/thread-8181352-1-1.html
http://www.ynsf.ccoo.cn/post/cheliang/678146x.html
http://www.ynsf.ccoo.cn/reg/?backurl=/auto/netshop.asp?page=1&c=100716&d=0&p=1
http://www.ynsf.ccoo.cn/forum/user/info.asp?username=sid1512660604018347
http://www.ynsf.ccoo.cn/forum/user/info.asp?username=qqid5650382
http://www.ynsf.ccoo.cn/forum/thread-6025837-1-1.html
http://www.ynsf.ccoo.cn/forum/thread-8605856-1-1.html
http://www.ynsf.ccoo.cn/forum/user/info.asp?username=QQID18639343
http://www.ynsf.ccoo.cn/home/news-71043.html
http://www.ynsf.ccoo.cn/forum/user/info.asp?username=qqid5989775
http://www.ynsf.ccoo.cn/forum/thread-8242065-view-xih1990-back-0-1-1.html
http://www.ynsf.ccoo.cn/cuxiao/85596.html
http://www.ynsf.ccoo.cn/meishi/shop-342638.html
http://www.ynsf.ccoo.cn/forum/user/info.asp?username=sid14839496
http://www.ynsf.ccoo.cn/forum/thread-3012459-1-1.html
http://www.ynsf.ccoo.cn/post/ershou/1185229x.html
http://www.ynsf.ccoo.cn/post/fangwu/chuzu/1773224x.html
http://www.ynsf.ccoo.cn/forum/thread-8673327-1-1.html
http://www.ynsf.ccoo.cn/forum/thread-3049283-1-1.html
http://www.ynsf.ccoo.cn/post/zhaopin/3114906x.html
http://www.ynsf.ccoo.cn/wed/news-74879.html
http://www.ynsf.ccoo.cn/post/fangwu/zixun/178515x.html
http://www.ynsf.ccoo.cn/cuxiao/list-6.html
http://www.ynsf.ccoo.cn/home/case-10270.html
http://www.ynsf.ccoo.cn/post/fangwu/chushou/
http://www.ynsf.ccoo.cn/forum/thread-3489468-1-1.html
http://www.ynsf.ccoo.cn/forum/thread-8683967-1-1.html
http://www.ynsf.ccoo.cn/forum/thread-8372039-1-1.html
http://www.ynsf.ccoo.cn/forum/thread-3489460-1-1.html
http://www.ynsf.ccoo.cn/bendi/info-41057.html
http://www.ynsf.ccoo.cn/forum/user/info.asp?username=x831114700
http://www.ynsf.ccoo.cn/forum/thread-8697660-1-1.html
http://www.ynsf.ccoo.cn/forum/user/info.asp?username=sid16458491
http://www.ynsf.ccoo.cn/forum/thread-8383478-1-1.html
http://www.ynsf.ccoo.cn/forum/thread-3049561-1-1.html
http://www.ynsf.ccoo.cn/forum/thread-8200230-1-1.html
http://www.ynsf.ccoo.cn/post/zhaopins/list-17446-0-0-0-0-0-1.html
http://www.ynsf.ccoo.cn/forum/user/info.asp?username=WXID16333387
http://www.ynsf.ccoo.cn/forum/thread-6257038-1-1.html
http://www.ynsf.ccoo.cn/forum/user/info.asp?username=7y123121
http://www.ynsf.ccoo.cn/forum/thread-8827642-1-1.html
http://www.ynsf.ccoo.cn/forum/thread-6735535-1-1.html
http://www.ynsf.ccoo.cn/forum/thread-7930616-1-1.html
http://www.ynsf.ccoo.cn/forum/thread-8736479-1-1.html
http://www.ynsf.ccoo.cn/forum/thread-8226879-1-1.html
http://www.ynsf.ccoo.cn/forum/thread-3230659-view-0-back-0-1-1.html
http://www.ynsf.ccoo.cn/forum/user/info.asp?username=qqid11681713
http://www.ynsf.ccoo.cn/forum/thread-8778106-1-1.html
http://www.ynsf.ccoo.cn/reg/?backurl=/bendi/history.asp
http://www.ynsf.ccoo.cn/forum/thread-8132893-1-1.html
http://www.ynsf.ccoo.cn/forum/thread-8251602-1-1.html
http://www.ynsf.ccoo.cn/forum/thread-8149654-1-1.html
http://www.ynsf.ccoo.cn/forum/thread-6729949-1-1.html
http://www.ynsf.ccoo.cn/post/fangwu/zixun/174492x.html
http://www.ynsf.ccoo.cn/forum/thread-6371246-1-1.html
http://www.ynsf.ccoo.cn/home/case-10273.html
http://www.ynsf.ccoo.cn/forum/user/info.asp?username=qqid10926192
http://www.ynsf.ccoo.cn/forum/thread-5953249-1-1.html
http://www.ynsf.ccoo.cn/forum/user/info.asp?username=fthtyujtyj
http://www.ynsf.ccoo.cn/forum/thread-8094837-1-1.html
http://www.ynsf.ccoo.cn/news/local/4420853.html
http://www.ynsf.ccoo.cn/post/shenghuo/pifa/
http://www.ynsf.ccoo.cn/forum/user/info.asp?username=sid17508009
http://www.ynsf.ccoo.cn/forum/thread-8865559-1-1.html
http://www.ynsf.ccoo.cn/forum/thread-6710734-1-1.html
http://www.ynsf.ccoo.cn/post/ershou/1299090x.html
http://www.ynsf.ccoo.cn/forum/user/info.asp?username=qqid8515300
http://www.ynsf.ccoo.cn/forum/user/info.asp?username=QQIDDCA286C77469
http://www.ynsf.ccoo.cn/forum/thread-8516571-1-1.html
http://www.ynsf.ccoo.cn/forum/thread-8881432-1-1.html
http://www.ynsf.ccoo.cn/forum/postmsg.asp?boardid=113
http://www.ynsf.ccoo.cn/post/ershou/2449071x.html
http://www.ynsf.ccoo.cn/post/fangwu/
http://www.ynsf.ccoo.cn/bendi/reply-4819.html
http://www.ynsf.ccoo.cn/post/job/
http://www.ynsf.ccoo.cn/post/ershou/1323463x.html
http://www.ynsf.ccoo.cn/forum/thread-8841133-1-1.html
http://www.ynsf.ccoo.cn/forum/thread-7972895-1-1.html
http://www.ynsf.ccoo.cn/login/?backurl=/auto/bbs.asp
http://www.ynsf.ccoo.cn/forum/thread-8745558-1-1.html
http://www.ynsf.ccoo.cn/forum/user/info.asp?username=WXID16083402
http://www.ynsf.ccoo.cn/post/search/mydel.asp
http://www.ynsf.ccoo.cn/bendi/info-121287.html
http://www.ynsf.ccoo.cn/forum/thread-4993773-1-1.html
http://www.ynsf.ccoo.cn/forum/thread-8150164-1-1.html
http://www.ynsf.ccoo.cn/meishi/shop-237598.html
http://www.ynsf.ccoo.cn/forum/thread-8306320-1-1.html
http://www.ynsf.ccoo.cn/forum/thread-8851824-1-1.html
http://www.ynsf.ccoo.cn/forum/user/info.asp?username=vip5201985
http://www.ynsf.ccoo.cn/forum/thread-4852898-1-1.html
http://www.ynsf.ccoo.cn/post/pet/mao/
http://www.ynsf.ccoo.cn/forum/show-116779.html
http://www.ynsf.ccoo.cn/forum/thread-8242065-1-1.html
http://www.ynsf.ccoo.cn/post/fangwu/chushou/3098222x.html
http://www.ynsf.ccoo.cn/forum/user/info.asp?username=qqid8973306
http://www.ynsf.ccoo.cn/forum/user/info.asp?username=qqid4950293
http://www.ynsf.ccoo.cn/bendi/info-110976.html
http://www.ynsf.ccoo.cn/home/shop-291330.html
http://www.ynsf.ccoo.cn/forum/thread-8115223-1-1.html
http://www.ynsf.ccoo.cn/forum/thread-6752780-1-1.html
http://www.ynsf.ccoo.cn/forum/thread-8242065-view-qqid14488889-back-0-1-1.html
http://www.ynsf.ccoo.cn/forum/thread-8655644-1-1.html
http://www.ynsf.ccoo.cn/reg/?backurl=/baby/
http://www.ynsf.ccoo.cn/post/ershou/jiaju/
http://www.ynsf.ccoo.cn/forum/thread-3125786-1-1.html
http://www.ynsf.ccoo.cn/post/zhaopin/3120617x.html
http://www.ynsf.ccoo.cn/post/zhaopins/list-61279-0-0-0-0-0-1.html
http://www.ynsf.ccoo.cn/forum/thread-6763337-1-1.html
http://www.ynsf.ccoo.cn/forum/thread-8595032-1-1.html
http://www.ynsf.ccoo.cn/post/fangwu/qiugou/118049x.html
http://www.ynsf.ccoo.cn/forum/thread-8845128-1-1.html
http://www.ynsf.ccoo.cn/bendi/info-35956.html
http://www.ynsf.ccoo.cn/forum/show-24645.html
http://www.ynsf.ccoo.cn/home/shop-341348.html
http://www.ynsf.ccoo.cn/forum/user/info.asp?username=WXID15720782
http://www.ynsf.ccoo.cn/forum/user/info.asp?username=gebulei
http://www.ynsf.ccoo.cn/reg/?backurl=/auto/netshop.asp
http://www.ynsf.ccoo.cn/forum/thread-3230659-tid-1-back-0-1-1.html
http://www.ynsf.ccoo.cn/login/?backurl=/baby/netshop.asp?page=1&c=0&d=0&p=1
http://www.ynsf.ccoo.cn/post/fangwu/zixun/158280x.html
http://www.ynsf.ccoo.cn/forum/thread-8139856-1-1.html
http://www.ynsf.ccoo.cn/post/fangwu/qiuzu/218432x.html
http://www.ynsf.ccoo.cn/baby/shop-352025.html
http://www.ynsf.ccoo.cn/forum/thread-5332879-1-1.html
http://www.ynsf.ccoo.cn/forum/thread-8242642-1-1.html
http://www.ynsf.ccoo.cn/forum/thread-8738077-1-1.html
http://www.ynsf.ccoo.cn/bendi/info-39038.html
http://www.ynsf.ccoo.cn/post/fangwu/chushou/3095574x.html
http://www.ynsf.ccoo.cn/forum/thread-8250035-1-1.html
http://www.ynsf.ccoo.cn/forum/user/info.asp?username=QQID2D1A98E25245
http://www.ynsf.ccoo.cn/post/cheliang/641413x.html
http://www.ynsf.ccoo.cn/forum/thread-8781718-1-1.html
http://www.ynsf.ccoo.cn/forum/thread-8195851-1-1.html
http://www.ynsf.ccoo.cn/post/cheliang/622366x.html
http://www.ynsf.ccoo.cn/post/ershou/jiadian/
http://www.ynsf.ccoo.cn/forum/thread-8843049-1-1.html
http://www.ynsf.ccoo.cn/forum/thread-8632086-1-1.html
http://www.ynsf.ccoo.cn/forum/thread-8223078-1-1.html
http://www.ynsf.ccoo.cn/post/qiuzhi/874788x.html
http://www.ynsf.ccoo.cn/bendi/info-70051.html
http://www.ynsf.ccoo.cn/forum/thread-8242065-view-QQID14488080-back-0-1-1.html
http://www.ynsf.ccoo.cn/forum/thread-8852572-1-1.html
http://www.ynsf.ccoo.cn/post/zhaopins/list-40272-0-0-0-0-0-1.html
http://www.ynsf.ccoo.cn/post/help.html
http://www.ynsf.ccoo.cn/forum/thread-8596228-1-1.html
http://www.ynsf.ccoo.cn/forum/user/info.asp?username=QQID13987550
http://www.ynsf.ccoo.cn/bendi/info-68663.html
http://www.ynsf.ccoo.cn/forum/thread-8246884-1-1.html
http://www.ynsf.ccoo.cn/post/ershou/1065940x.html
http://www.ynsf.ccoo.cn/login/?backurl=/home/case.asp
http://www.ynsf.ccoo.cn/forum/thread-8648149-1-1.html
http://www.ynsf.ccoo.cn/forum/thread-6200324-1-1.html
http://www.ynsf.ccoo.cn/forum/thread-8217705-1-1.html
http://www.ynsf.ccoo.cn/forum/thread-7930393-1-1.html
http://www.ynsf.ccoo.cn/post/qiuzhi/
http://www.ynsf.ccoo.cn/forum/thread-8820383-1-1.html
http://www.ynsf.ccoo.cn/forum/thread-8537220-1-1.html
http://www.ynsf.ccoo.cn/auto/news-68965.html
http://www.ynsf.ccoo.cn/forum/thread-8778652-1-1.html
http://www.ynsf.ccoo.cn/login/?backurl=/baby/
http://www.ynsf.ccoo.cn/news/local/4416535.html
http://www.ynsf.ccoo.cn/forum/thread-3489482-1-1.html
http://www.ynsf.ccoo.cn/post/cheliang/623843x.html
http://www.ynsf.ccoo.cn/forum/thread-8547874-1-1.html
http://www.ynsf.ccoo.cn/post/zhaopin/2839914x.html
http://www.ynsf.ccoo.cn/forum/thread-8761871-1-1.html
http://www.ynsf.ccoo.cn/forum/show-98237.html
http://www.ynsf.ccoo.cn/reg/?backurl=/auto/
http://www.ynsf.ccoo.cn/hotel/shop-288822.html
http://www.ynsf.ccoo.cn/forum/user/info.asp?username=happy1217
http://www.ynsf.ccoo.cn/forum/thread-8703228-1-1.html
http://www.ynsf.ccoo.cn/forum/user/info.asp?username=qqid2988133
http://www.ynsf.ccoo.cn/forum/thread-8244647-1-1.html
http://www.ynsf.ccoo.cn/forum/thread-8094829-1-1.html
http://www.ynsf.ccoo.cn/forum/thread-8675625-1-1.html
http://www.ynsf.ccoo.cn/forum/thread-8236634-1-1.html
http://www.ynsf.ccoo.cn/forum/thread-8843692-1-1.html
http://www.ynsf.ccoo.cn/forum/user/info.asp?username=qqid6061789
http://www.ynsf.ccoo.cn/post/ershou/2450568x.html
http://www.ynsf.ccoo.cn/forum/user/info.asp?username=naipingkkgzz999
http://www.ynsf.ccoo.cn/forum/user/info.asp?username=wqqeen
http://www.ynsf.ccoo.cn/forum/user/info.asp?username=sid14652326
http://www.ynsf.ccoo.cn/forum/thread-7930445-1-1.html
http://www.ynsf.ccoo.cn/forum/thread-8247766-1-1.html
http://www.ynsf.ccoo.cn/forum/thread-6526280-1-1.html
http://www.ynsf.ccoo.cn/news/local/4429982.html
http://www.ynsf.ccoo.cn/post/xinloupan/tuan15561.html
http://www.ynsf.ccoo.cn/post/ershou/2468038x.html
http://www.ynsf.ccoo.cn/forum/show-24775.html
http://www.ynsf.ccoo.cn/post/shenghuo/lvyou/
http://www.ynsf.ccoo.cn/home/news-83088.html
http://www.ynsf.ccoo.cn/reg/?backurl=/bendi/travel.asp
http://www.ynsf.ccoo.cn/forum/thread-8864601-1-1.html
http://www.ynsf.ccoo.cn/post/cheliang/678282x.html
http://www.ynsf.ccoo.cn/bendi/reply-4822.html
http://www.ynsf.ccoo.cn/forum/thread-3756613-1-1.html
http://www.ynsf.ccoo.cn/forum/thread-3047880-1-1.html
http://www.ynsf.ccoo.cn/forum/thread-5049891-1-1.html
http://www.ynsf.ccoo.cn/forum/thread-8530362-1-1.html
http://www.ynsf.ccoo.cn/store/user/login.asp?dir=tobuy&totype=71
http://www.ynsf.ccoo.cn/bendi/info-42010.html
http://www.ynsf.ccoo.cn/forum/user/info.asp?username=sid19697166
http://www.ynsf.ccoo.cn/forum/thread-8656742-1-1.html
http://www.ynsf.ccoo.cn/forum/user/info.asp?username=sid1880870555190726
http://www.ynsf.ccoo.cn/forum/thread-8871737-1-1.html
http://www.ynsf.ccoo.cn/post/qiuzhi/1037717x.html
http://www.ynsf.ccoo.cn/forum/user/info.asp?username=linlinzai
http://www.ynsf.ccoo.cn/post/zhaopin/
http://www.ynsf.ccoo.cn/forum/thread-8688728-1-1.html
http://www.ynsf.ccoo.cn/forum/thread-8433780-1-1.html
http://www.ynsf.ccoo.cn/forum/thread-6262469-1-1.html
http://www.ynsf.ccoo.cn/forum/thread-8161569-1-1.html
http://www.ynsf.ccoo.cn/forum/user/info.asp?username=sfwdjzcy991423
http://www.ynsf.ccoo.cn/forum/thread-6221901-1-1.html
http://www.ynsf.ccoo.cn/reg/?siteid=2398
http://www.ynsf.ccoo.cn/forum/thread-8159774-1-1.html
http://www.ynsf.ccoo.cn/forum/thread-6763355-1-1.html
http://www.ynsf.ccoo.cn/reg/?backurl=/forum/thread-3230659-1-1.html
http://www.ynsf.ccoo.cn/post/fangwu/chushou/3109732x.html
http://www.ynsf.ccoo.cn/forum/thread-8248179-1-1.html
http://www.ynsf.ccoo.cn/forum/user/info.asp?username=shuich559
http://www.ynsf.ccoo.cn/forum/user/info.asp?username=WXID11959307
http://www.ynsf.ccoo.cn/forum/thread-8838217-1-1.html
http://www.ynsf.ccoo.cn/post/shenghuo/jiameng/
http://www.ynsf.ccoo.cn/forum/thread-8316732-1-1.html
http://www.ynsf.ccoo.cn/forum/user/info.asp?username=qqid9628887
http://www.ynsf.ccoo.cn/forum/thread-8316434-1-1.html
http://www.ynsf.ccoo.cn/forum/thread-8277486-1-1.html
http://www.ynsf.ccoo.cn/reg/?backurl=/bendi/eat.asp
http://www.ynsf.ccoo.cn/forum/user/info.asp?username=qqid6102113
http://www.ynsf.ccoo.cn/meishi/shop-284355.html
http://www.ynsf.ccoo.cn/forum/thread-8673142-1-1.html
http://www.ynsf.ccoo.cn/forum/thread-3168353-1-1.html
http://www.ynsf.ccoo.cn/forum/show-24265.html
http://www.ynsf.ccoo.cn/forum/user/info.asp?username=wsbwsb198463
http://www.ynsf.ccoo.cn/forum/thread-8240567-1-1.html
http://www.ynsf.ccoo.cn/home/news-84399.html
http://www.ynsf.ccoo.cn/post/zhaopins/list-17447-0-0-0-0-0-1.html
http://www.ynsf.ccoo.cn/login/?backurl=/cuxiao/
http://www.ynsf.ccoo.cn/forum/thread-8703031-1-1.html
http://www.ynsf.ccoo.cn/forum/thread-8821560-1-1.html
http://www.ynsf.ccoo.cn/post/zhaopin/3116430x.html
http://www.ynsf.ccoo.cn/forum/thread-8881483-1-1.html
http://www.ynsf.ccoo.cn/forum/thread-6070772-1-1.html
http://www.ynsf.ccoo.cn/forum/thread-8247801-1-1.html
http://www.ynsf.ccoo.cn/forum/user/info.asp?username=qqid6293279
http://www.ynsf.ccoo.cn/forum/thread-6112814-1-1.html
http://www.ynsf.ccoo.cn/post/ershou/2465417x.html
http://www.ynsf.ccoo.cn/post/zhaopins/list-55277-0-0-0-0-0-1.html
http://www.ynsf.ccoo.cn/forum/user/info.asp?username=sid15253537
http://www.ynsf.ccoo.cn/forum/thread-5953132-1-1.html
http://www.ynsf.ccoo.cn/news/local/4424340.html
http://www.ynsf.ccoo.cn/post/pet/
http://www.ynsf.ccoo.cn/post/zhaopins/list-17449-0-0-0-0-0-1.html
http://www.ynsf.ccoo.cn/forum/thread-8665433-1-1.html
http://www.ynsf.ccoo.cn/home/shop-290764.html
http://www.ynsf.ccoo.cn/bendi/reply-4816.html
http://www.ynsf.ccoo.cn/forum/thread-8877760-1-1.html
http://www.ynsf.ccoo.cn/forum/user/info.asp?username=qqid8846339
http://www.ynsf.ccoo.cn/forum/thread-8669536-1-1.html
http://www.ynsf.ccoo.cn/forum/user/info.asp?username=_kfc
http://www.ynsf.ccoo.cn/forum/user/info.asp?username=qqid18403722
http://www.ynsf.ccoo.cn/forum/user/info.asp?username=sfnew
http://www.ynsf.ccoo.cn/post/zhaopins/list-28268-0-0-0-0-0-1.html
http://www.ynsf.ccoo.cn/auto/news-71017.html
http://www.ynsf.ccoo.cn/bendi/info-37215.html
http://www.ynsf.ccoo.cn/post/shenghuo/hunqing/
http://www.ynsf.ccoo.cn/forum/thread-8671333-1-1.html
http://www.ynsf.ccoo.cn/forum/thread-8094848-1-1.html
http://www.ynsf.ccoo.cn/forum/thread-8595034-1-1.html
http://www.ynsf.ccoo.cn/forum/user/info.asp?username=qqid10172441
http://www.ynsf.ccoo.cn/forum/thread-8591484-1-1.html
http://www.ynsf.ccoo.cn/forum/thread-3064887-1-1.html
http://www.ynsf.ccoo.cn/forum/user/info.asp?username=qqid6160240
http://www.ynsf.ccoo.cn/cuxiao/list-5.html
http://www.ynsf.ccoo.cn/forum/thread-3834634-1-1.html
http://www.ynsf.ccoo.cn/forum/thread-8308869-1-1.html
http://www.ynsf.ccoo.cn/forum/thread-8372288-2-1.html
http://www.ynsf.ccoo.cn/news/local/4437049.html
http://www.ynsf.ccoo.cn/forum/thread-8824494-1-1.html
http://www.ynsf.ccoo.cn/post/ershou/2451511x.html
http://www.ynsf.ccoo.cn/forum/thread-8844265-1-1.html
http://www.ynsf.ccoo.cn/forum/thread-8181314-1-1.html
http://www.ynsf.ccoo.cn/forum/show-52088.html
http://www.ynsf.ccoo.cn/home/shop-288515.html
http://www.ynsf.ccoo.cn/forum/user/info.asp?username=shuich5599
http://www.ynsf.ccoo.cn/bendi/info-37218.html
http://www.ynsf.ccoo.cn/forum/user/info.asp?username=WXID15184393
http://www.ynsf.ccoo.cn/forum/thread-8840709-1-1.html
http://www.ynsf.ccoo.cn/post/fangwu/zixun/182991x.html
http://www.ynsf.ccoo.cn/forum/thread-8736765-1-1.html
http://www.ynsf.ccoo.cn/forum/thread-6273975-1-1.html
http://www.ynsf.ccoo.cn/forum/thread-8872630-1-1.html
http://www.ynsf.ccoo.cn/forum/thread-8767843-1-1.html
http://www.ynsf.ccoo.cn/cuxiao/list-1.html
http://www.ynsf.ccoo.cn/post/cheliang/681005x.html
http://www.ynsf.ccoo.cn/forum/thread-8881492-1-1.html
http://www.ynsf.ccoo.cn/post/ershou/2305442x.html
http://www.ynsf.ccoo.cn/forum/thread-8830383-1-1.html
http://www.ynsf.ccoo.cn/forum/thread-8620334-1-1.html
http://www.ynsf.ccoo.cn/forum/thread-8595031-1-1.html
http://www.ynsf.ccoo.cn/forum/thread-8668201-1-1.html
http://www.ynsf.ccoo.cn/forum/thread-6526292-1-1.html
http://www.ynsf.ccoo.cn/post/fangwu/chushou/3109726x.html
http://www.ynsf.ccoo.cn/forum/user/info.asp?username=qqid8961822
http://www.ynsf.ccoo.cn/forum/user/info.asp?username=sid15016012
http://www.ynsf.ccoo.cn/forum/thread-8683304-1-1.html
http://www.ynsf.ccoo.cn/forum/thread-8830871-1-1.html
http://www.ynsf.ccoo.cn/bendi/info-37216.html
http://www.ynsf.ccoo.cn/forum/thread-8838231-1-1.html
http://www.ynsf.ccoo.cn/forum/thread-8841146-1-1.html
http://www.ynsf.ccoo.cn/forum/thread-8717156-1-1.html
http://www.ynsf.ccoo.cn/forum/thread-8241908-1-1.html
http://www.ynsf.ccoo.cn/post/ershou/haoma/
http://www.ynsf.ccoo.cn/forum/thread-8821875-1-1.html
http://www.ynsf.ccoo.cn/auto/news-84137.html
http://www.ynsf.ccoo.cn/post/fangwu/chuzu/1779265x.html
http://www.ynsf.ccoo.cn/post/ershou/2467014x.html
http://www.ynsf.ccoo.cn/post/fangwu/chushou/zj/zj_8081/
http://www.ynsf.ccoo.cn/forum/user/info.asp?username=qqid11421771
http://www.ynsf.ccoo.cn/forum/thread-6227822-1-1.html
http://www.ynsf.ccoo.cn/bendi/info-39037.html
http://www.ynsf.ccoo.cn/forum/thread-8864682-1-1.html
http://www.ynsf.ccoo.cn/forum/thread-8288188-1-1.html
http://www.ynsf.ccoo.cn/forum/user/info.asp?username=WXID17562067
http://www.ynsf.ccoo.cn/home/shop-219672.html
http://www.ynsf.ccoo.cn/news/local/4478870.html
http://www.ynsf.ccoo.cn/meishi/shop-299038.html
http://www.ynsf.ccoo.cn/post/pet/qiqu/
http://www.ynsf.ccoo.cn/reg/?backurl=/bendi/gaik.asp
http://www.ynsf.ccoo.cn/forum/thread-6536357-1-1.html
http://www.ynsf.ccoo.cn/forum/thread-8413878-1-1.html
http://www.ynsf.ccoo.cn/forum/thread-8686646-1-1.html
http://www.ynsf.ccoo.cn/forum/thread-8234458-1-1.html
http://www.ynsf.ccoo.cn/login/?backurl=/baby/netshop.asp
http://www.ynsf.ccoo.cn/forum/thread-8744275-1-1.html
http://www.ynsf.ccoo.cn/post/ershou/2469212x.html
http://www.ynsf.ccoo.cn/post/fangwu/qiugou/117879x.html
http://www.ynsf.ccoo.cn/post/ershou/1332254x.html
http://www.ynsf.ccoo.cn/forum/thread-3856570-1-1.html
http://www.ynsf.ccoo.cn/forum/thread-8149744-1-1.html
http://www.ynsf.ccoo.cn/forum/thread-3194879-1-1.html
http://www.ynsf.ccoo.cn/forum/thread-8643990-1-1.html
http://www.ynsf.ccoo.cn/post/ershou/shuma/
http://www.ynsf.ccoo.cn/forum/user/info.asp?username=sid14710553
http://www.ynsf.ccoo.cn/post/fangwu/zixun/189340x.html
http://www.ynsf.ccoo.cn/forum/show-24319.html
http://www.ynsf.ccoo.cn/post/zhaopin/3129878x.html
http://www.ynsf.ccoo.cn/forum/thread-3756586-1-1.html
http://www.ynsf.ccoo.cn/post/zhaopins/list-17450-0-0-0-0-0-1.html
http://www.ynsf.ccoo.cn/reg/?backurl=/auto/netshop.asp?page=1&c=0&d=0&p=1
http://www.ynsf.ccoo.cn/store/shop-291330.html
http://www.ynsf.ccoo.cn/forum/thread-8675615-1-1.html
http://www.ynsf.ccoo.cn/post/zhaopin/3137513x.html
http://www.ynsf.ccoo.cn/forum/thread-8704184-1-1.html
http://www.ynsf.ccoo.cn/home/case-10274.html
http://www.ynsf.ccoo.cn/post/fangwu/chushou/3093224x.html
http://www.ynsf.ccoo.cn/forum/thread-8844086-1-1.html
http://www.ynsf.ccoo.cn/forum/show-101152.html
http://www.ynsf.ccoo.cn/forum/thread-3906096-1-1.html
http://www.ynsf.ccoo.cn/forum/thread-8242065-view-shuich559-back-0-1-1.html
http://www.ynsf.ccoo.cn/forum/thread-6763347-1-1.html
http://www.ynsf.ccoo.cn/forum/thread-8844266-1-1.html
http://www.ynsf.ccoo.cn/reg/?backurl=/baby/netshop.asp?page=1&c=100720&d=0&p=1
http://www.ynsf.ccoo.cn/forum/thread-8821053-1-1.html
http://www.ynsf.ccoo.cn/forum/thread-8682159-1-1.html
http://www.ynsf.ccoo.cn/forum/thread-8814083-1-1.html
http://www.ynsf.ccoo.cn/forum/thread-8627308-1-1.html
http://www.ynsf.ccoo.cn/forum/user/info.asp?username=qqid14166465
http://www.ynsf.ccoo.cn/home/case-10272.html
http://www.ynsf.ccoo.cn/bendi/info-73847.html
http://www.ynsf.ccoo.cn/news/local/4469814.html
http://www.ynsf.ccoo.cn/post/cheliang/636477x.html
http://www.ynsf.ccoo.cn/home/shop-226990.html
http://www.ynsf.ccoo.cn/forum/thread-3074850-1-1.html
http://www.ynsf.ccoo.cn/post/cheliang/606688x.html
http://www.ynsf.ccoo.cn/forum/thread-8871443-1-1.html
http://www.ynsf.ccoo.cn/forum/user/info.asp?username=qqid14798883
http://www.ynsf.ccoo.cn/forum/thread-8676358-1-1.html
http://www.ynsf.ccoo.cn/forum/thread-8684249-1-1.html
http://www.ynsf.ccoo.cn/forum/user/info.asp?username=gxhwmeigh
http://www.ynsf.ccoo.cn/forum/user/info.asp?username=WXID17825269
http://www.ynsf.ccoo.cn/reg/?backurl=/baby/netshop.asp?page=1&c=100723&d=0&p=1
http://www.ynsf.ccoo.cn/post/pet/gou/
http://www.ynsf.ccoo.cn/forum/thread-8249227-1-1.html
http://www.ynsf.ccoo.cn/forum/thread-8430622-1-1.html
http://www.ynsf.ccoo.cn/forum/thread-8781820-1-1.html
http://www.ynsf.ccoo.cn/forum/thread-8362525-1-1.html
http://www.ynsf.ccoo.cn/post/fangwu/chuzu/1771387x.html
http://www.ynsf.ccoo.cn/post/leibie.html
http://www.ynsf.ccoo.cn/forum/user/info.asp?username=qqid13050599
http://www.ynsf.ccoo.cn/forum/thread-8767839-1-1.html
http://www.ynsf.ccoo.cn/forum/thread-8242065-tid-1-back-0-1-1.html
http://www.ynsf.ccoo.cn/post/fangwu/chushou/3111517x.html
http://www.ynsf.ccoo.cn/forum/thread-8595033-1-1.html
http://www.ynsf.ccoo.cn/post/pet/hua/
http://www.ynsf.ccoo.cn/forum/thread-3047844-1-1.html
http://www.ynsf.ccoo.cn/post/shenghuo/jiaoyu/
http://www.ynsf.ccoo.cn/forum/thread-8378926-1-1.html
http://www.ynsf.ccoo.cn/forum/thread-3074016-1-1.html
http://www.ynsf.ccoo.cn/forum/thread-7950020-1-1.html
http://www.ynsf.ccoo.cn/home/news-79637.html
http://www.ynsf.ccoo.cn/forum/thread-7974955-1-1.html
http://www.ynsf.ccoo.cn/post/cheliang/zulin/
http://www.ynsf.ccoo.cn/forum/thread-7956130-1-1.html
http://www.ynsf.ccoo.cn/forum/thread-8083472-1-1.html
http://www.ynsf.ccoo.cn/bendi/info-43273.html
http://www.ynsf.ccoo.cn/forum/thread-8306241-1-1.html
http://www.ynsf.ccoo.cn/forum/thread-8298345-1-1.html
http://www.ynsf.ccoo.cn/login/?backurl=/auto/
http://www.ynsf.ccoo.cn/forum/thread-8377884-1-1.html
http://www.ynsf.ccoo.cn/post/fangwu/chuzu/1762704x.html
http://www.ynsf.ccoo.cn/forum/user/info.asp?username=qqid11166366
http://www.ynsf.ccoo.cn/forum/thread-8381710-1-1.html
http://www.ynsf.ccoo.cn/forum/thread-8680536-1-1.html
http://www.ynsf.ccoo.cn/forum/show-165126.html
http://www.ynsf.ccoo.cn/home/news-68886.html
http://www.ynsf.ccoo.cn/forum/thread-8703061-1-1.html
http://www.ynsf.ccoo.cn/forum/thread-8226490-1-1.html
http://www.ynsf.ccoo.cn/forum/user/info.asp?username=chenfei0
http://www.ynsf.ccoo.cn/post/qiuzhi/682085x.html
http://www.ynsf.ccoo.cn/news/local/4406087.html
http://www.ynsf.ccoo.cn/post/zhaopin/2770378x.html
http://www.ynsf.ccoo.cn/post/ershou/diannao/
http://www.ynsf.ccoo.cn/post/fangwu/qiuzu/218302x.html
http://www.ynsf.ccoo.cn/forum/user/info.asp?username=1393581540
http://www.ynsf.ccoo.cn/forum/thread-8021206-1-1.html
http://www.ynsf.ccoo.cn/forum/thread-8296587-1-1.html
http://www.ynsf.ccoo.cn/forum/thread-4950967-1-1.html
http://www.ynsf.ccoo.cn/forum/thread-8502719-1-1.html
http://www.ynsf.ccoo.cn/forum/thread-4942253-1-1.html
http://www.ynsf.ccoo.cn/forum/user/info.asp?username=qqid8764554
http://www.ynsf.ccoo.cn/forum/thread-6371374-1-1.html
http://www.ynsf.ccoo.cn/forum/thread-8670327-1-1.html
http://www.ynsf.ccoo.cn/forum/thread-8835885-1-1.html
http://www.ynsf.ccoo.cn/forum/thread-7930506-1-1.html
http://www.ynsf.ccoo.cn/forum/thread-5327897-1-1.html
http://www.ynsf.ccoo.cn/forum/postmsg.asp?boardid=127222
http://www.ynsf.ccoo.cn/forum/show-116610.html
http://www.ynsf.ccoo.cn/forum/user/info.asp?username=QQID15114772
http://www.ynsf.ccoo.cn/forum/thread-8881228-1-1.html
http://www.ynsf.ccoo.cn/forum/user/info.asp?username=sftianhu
http://www.ynsf.ccoo.cn/forum/thread-6763359-1-1.html
http://www.ynsf.ccoo.cn/post/zhaopins/list-49275-0-0-0-0-0-1.html
http://www.ynsf.ccoo.cn/forum/thread-5981603-1-1.html
http://www.ynsf.ccoo.cn/post/cheliang/623842x.html
http://www.ynsf.ccoo.cn/news/local/4414782.html
http://www.ynsf.ccoo.cn/forum/thread-8670178-1-1.html
http://www.ynsf.ccoo.cn/forum/thread-8764858-1-1.html
http://www.ynsf.ccoo.cn/post/zhaopins/list-52276-0-0-0-0-0-1.html
http://www.ynsf.ccoo.cn/post/shenghuo/shangwu/
http://www.ynsf.ccoo.cn/forum/postmsg.asp?boardid=111407
http://www.ynsf.ccoo.cn/forum/thread-8457062-1-1.html
http://www.ynsf.ccoo.cn/forum/user/info.asp?username=sid20177779
http://www.ynsf.ccoo.cn/post/fangwu/chuzu/1776417x.html
http://www.ynsf.ccoo.cn/post/fabu/
http://www.ynsf.ccoo.cn/wed/news-64974.html
http://www.ynsf.ccoo.cn/forum/thread-8847825-1-1.html
http://www.ynsf.ccoo.cn/forum/user/info.asp?username=WXID15721434
http://www.ynsf.ccoo.cn/post/cheliang/578456x.html
http://www.ynsf.ccoo.cn/forum/thread-8100206-1-1.html
http://www.ynsf.ccoo.cn/forum/thread-8674758-1-1.html
http://www.ynsf.ccoo.cn/forum/thread-4882433-1-1.html
http://www.ynsf.ccoo.cn/forum/thread-8298167-1-1.html
http://www.ynsf.ccoo.cn/forum/user/info.asp?username=lilies1985
http://www.ynsf.ccoo.cn/cuxiao/85158.html
http://www.ynsf.ccoo.cn/forum/thread-8837746-1-1.html
http://www.ynsf.ccoo.cn/forum/user/info.asp?username=QQID10112356
http://www.ynsf.ccoo.cn/forum/thread-8839698-1-1.html
http://www.ynsf.ccoo.cn/cuxiao/94708.html
http://www.ynsf.ccoo.cn/reg/?backurl=/home/bbs.asp
http://www.ynsf.ccoo.cn/forum/thread-6317237-1-1.html
http://www.ynsf.ccoo.cn/login/recover.asp
http://www.ynsf.ccoo.cn/forum/thread-6317068-1-1.html
http://www.ynsf.ccoo.cn/cuxiao/list-4.html
http://www.ynsf.ccoo.cn/forum/postmsg.asp?boardid=107
http://www.ynsf.ccoo.cn/forum/thread-8863114-1-1.html
http://www.ynsf.ccoo.cn/forum/postmsg.asp?boardid=109
http://www.ynsf.ccoo.cn/forum/thread-3878254-1-1.html
http://www.ynsf.ccoo.cn/store/reg/apply.asp
http://www.ynsf.ccoo.cn/forum/thread-8637740-1-1.html
http://www.ynsf.ccoo.cn/forum/thread-8848712-1-1.html
http://www.ynsf.ccoo.cn/forum/thread-8242065-view-0-back-0-1-1.html
http://www.ynsf.ccoo.cn/post/qiuzhi/1037028x.html
http://www.ynsf.ccoo.cn/post/shenghuo/yiliao/
http://www.ynsf.ccoo.cn/post/peixun/
http://www.ynsf.ccoo.cn/news/local/4378469.html
http://www.ynsf.ccoo.cn/reg/?backurl=/baby/netshop.asp?page=1&c=100721&d=0&p=1
http://www.ynsf.ccoo.cn/forum/thread-8796681-1-1.html
http://www.ynsf.ccoo.cn/forum/thread-8839692-1-1.html
http://www.ynsf.ccoo.cn/forum/thread-8151259-1-1.html
http://www.ynsf.ccoo.cn/forum/thread-8778819-1-1.html
http://www.ynsf.ccoo.cn/forum/thread-8819211-1-1.html
http://www.ynsf.ccoo.cn/post/cheliang/657453x.html
http://www.ynsf.ccoo.cn/forum/thread-8163761-1-1.html
http://www.ynsf.ccoo.cn/forum/user/info.asp?username=qqid5838373
http://www.ynsf.ccoo.cn/post/zhaopins/list-43273-0-0-0-0-0-1.html
http://www.ynsf.ccoo.cn/forum/show-26685.html
http://www.ynsf.ccoo.cn/reg/?backurl=/baby/bbs.asp
http://www.ynsf.ccoo.cn/login/?backurl=/baby/bbs.asp
http://www.ynsf.ccoo.cn/forum/thread-3212715-1-1.html
http://www.ynsf.ccoo.cn/forum/thread-8238726-1-1.html
http://www.ynsf.ccoo.cn/forum/thread-6710696-1-1.html
http://www.ynsf.ccoo.cn/forum/thread-8596227-1-1.html
http://www.ynsf.ccoo.cn/forum/thread-8809325-1-1.html
http://www.ynsf.ccoo.cn/forum/user/info.asp?username=sfga895
http://www.ynsf.ccoo.cn/forum/thread-8382327-1-1.html
http://www.ynsf.ccoo.cn/forum/thread-8743991-1-1.html
http://www.ynsf.ccoo.cn/post/fangwu/chushoushipin/
http://www.ynsf.ccoo.cn/hotel/shop-219425.html
http://www.ynsf.ccoo.cn/forum/thread-8637783-1-1.html
http://www.ynsf.ccoo.cn/forum/thread-8209429-1-1.html
http://www.ynsf.ccoo.cn/forum/user/info.asp?username=WBID3148487964
http://www.ynsf.ccoo.cn/post/fangwu/zj/
http://www.ynsf.ccoo.cn/forum/thread-8593786-1-1.html
http://www.ynsf.ccoo.cn/forum/thread-8151703-1-1.html
http://www.ynsf.ccoo.cn/news/local/4453923.html
http://www.ynsf.ccoo.cn/hotel/shop-228364.html
http://www.ynsf.ccoo.cn/post/zhaopin/2452811x.html
http://www.ynsf.ccoo.cn/forum/thread-8772494-1-1.html
http://www.ynsf.ccoo.cn/post/pet/zengsong/
http://www.ynsf.ccoo.cn/forum/thread-8721402-1-1.html
http://www.ynsf.ccoo.cn/post/xinloupan/
http://www.ynsf.ccoo.cn/post/shangji/
http://www.ynsf.ccoo.cn/forum/thread-8688944-1-1.html
http://www.ynsf.ccoo.cn/news/local/4420875.html
http://www.ynsf.ccoo.cn/forum/show-149731.html
http://www.ynsf.ccoo.cn/forum/thread-7973182-1-1.html
http://www.ynsf.ccoo.cn/login/?backurl=/auto/netshop.asp?page=1&c=0&d=0&p=1
http://www.ynsf.ccoo.cn/store/reg/cx_add.asp
http://www.ynsf.ccoo.cn/forum/thread-8238667-1-1.html
http://www.ynsf.ccoo.cn/post/zhaopin/3140432x.html
http://www.ynsf.ccoo.cn/forum/thread-8669192-1-1.html
http://www.ynsf.ccoo.cn/post/cheliang/zixingche/
http://www.ynsf.ccoo.cn/forum/thread-8700379-1-1.html
http://www.ynsf.ccoo.cn/post/ershou/bangong/
http://www.ynsf.ccoo.cn/forum/thread-8298161-1-1.html
http://www.ynsf.ccoo.cn/cuxiao/93089.html
http://www.ynsf.ccoo.cn/reg/?backurl=/auto/netshop.asp?page=1&c=100717&d=0&p=1
http://www.ynsf.ccoo.cn/post/zhaopins/list-17445-0-0-0-0-0-1.html
http://www.ynsf.ccoo.cn/forum/thread-8778358-1-1.html
http://www.ynsf.ccoo.cn/post/zhaopins/list-17444-0-0-0-0-0-1.html
http://www.ynsf.ccoo.cn/forum/user/info.asp?username=shuich669
http://www.ynsf.ccoo.cn/forum/thread-8275563-1-1.html
http://www.ynsf.ccoo.cn/forum/thread-7930463-1-1.html
http://www.ynsf.ccoo.cn/post/shenghuo/
http://www.ynsf.ccoo.cn/forum/user/info.asp?username=qqid6149125
http://www.ynsf.ccoo.cn/reg/?backurl=/baby/netshop.asp?page=1&c=0&d=0&p=1
http://www.ynsf.ccoo.cn/forum/thread-8687009-1-1.html
http://www.ynsf.ccoo.cn/forum/thread-8309890-1-1.html
http://www.ynsf.ccoo.cn/post/ershou/1349265x.html
http://www.ynsf.ccoo.cn/forum/thread-8004359-1-1.html
http://www.ynsf.ccoo.cn/forum/thread-8809313-1-1.html
http://www.ynsf.ccoo.cn/bendi/info-110969.html
http://www.ynsf.ccoo.cn/forum/thread-8151077-1-1.html
http://www.ynsf.ccoo.cn/forum/thread-7930535-1-1.html
http://www.ynsf.ccoo.cn/forum/user/info.asp?username=WXID18418315
http://www.ynsf.ccoo.cn/forum/thread-3290977-1-1.html
http://www.ynsf.ccoo.cn/news/local/4382217.html
http://www.ynsf.ccoo.cn/forum/thread-8859404-1-1.html
http://www.ynsf.ccoo.cn/forum/thread-6724496-1-1.html
http://www.ynsf.ccoo.cn/forum/thread-8332511-1-1.html
http://www.ynsf.ccoo.cn/news/local/4486892.html
http://www.ynsf.ccoo.cn/forum/thread-8871238-1-1.html
http://www.ynsf.ccoo.cn/forum/user/info.asp?username=cyx0630
http://www.ynsf.ccoo.cn/forum/thread-8833540-1-1.html
http://www.ynsf.ccoo.cn/post/fangwu/chushou/3104541x.html
http://www.ynsf.ccoo.cn/forum/thread-8392545-1-1.html
http://www.ynsf.ccoo.cn/post/jiaoyou/list_1_3_0_0_0.html
http://www.ynsf.ccoo.cn/forum/thread-6724392-1-1.html
http://www.ynsf.ccoo.cn/forum/user/info.asp?username=qqid8725153
http://www.ynsf.ccoo.cn/forum/user/info.asp?username=WXID17746893
http://www.ynsf.ccoo.cn/forum/thread-8182417-1-1.html
http://www.ynsf.ccoo.cn/forum/thread-7953314-1-1.html
http://www.ynsf.ccoo.cn/forum/thread-8749150-1-1.html
http://www.ynsf.ccoo.cn/post/shenghuo/qiche/
http://www.ynsf.ccoo.cn/post/cheliang/618499x.html
http://www.ynsf.ccoo.cn/post/fangwu/chuzu/
http://www.ynsf.ccoo.cn/cuxiao/94232.html
http://www.ynsf.ccoo.cn/forum/thread-3168240-1-1.html
http://www.ynsf.ccoo.cn/forum/thread-7998680-1-1.html
http://www.ynsf.ccoo.cn/reg/?backurl=/forum/thread-8242065-1-1.html
http://www.ynsf.ccoo.cn/reg/?backurl=/bendi/qk.asp
http://www.ynsf.ccoo.cn/post/fangwu/zixun/166250x.html
http://www.ynsf.ccoo.cn/news/local/4371916.html
http://www.ynsf.ccoo.cn/forum/user/info.asp?username=sid18419338
http://www.ynsf.ccoo.cn/reg/?backurl=/baby/netshop.asp?page=1&c=100718&d=0&p=1
http://www.ynsf.ccoo.cn/post/
http://www.ynsf.ccoo.cn/post/cheliang/591886x.html
http://www.ynsf.ccoo.cn/reg/?backurl=/baby/netshop.asp?page=1&c=100719&d=0&p=1
http://www.ynsf.ccoo.cn/forum/thread-8607261-1-1.html
http://www.ynsf.ccoo.cn/post/ershou/2352681x.html
http://www.ynsf.ccoo.cn/login/?backurl=/home/bbs.asp
http://www.ynsf.ccoo.cn/bendi/info-44513.html
http://www.ynsf.ccoo.cn/login/?backurl=/store/reg/apply.asp
http://www.ynsf.ccoo.cn/post/ershou/2460648x.html
http://www.ynsf.ccoo.cn/forum/thread-8810035-1-1.html
http://www.ynsf.ccoo.cn/forum/user/info.asp?username=qqid5127947
http://www.ynsf.ccoo.cn/forum/thread-8230625-1-1.html
http://www.ynsf.ccoo.cn/forum/thread-8200263-1-1.html
http://www.ynsf.ccoo.cn/auto/news-90000.html
http://www.ynsf.ccoo.cn/forum/thread-8645689-1-1.html
http://www.ynsf.ccoo.cn/forum/thread-8361192-1-1.html
http://www.ynsf.ccoo.cn/cuxiao/list-2.html
http://www.ynsf.ccoo.cn/news/local/4411230.html
http://www.ynsf.ccoo.cn/login/?backurl=/post/users/
http://www.ynsf.ccoo.cn/forum/thread-8638441-1-1.html
http://www.ynsf.ccoo.cn/forum/thread-6662195-1-1.html
http://www.ynsf.ccoo.cn/forum/user/info.asp?username=sfntcp
http://www.ynsf.ccoo.cn/forum/show-116775.html
http://www.ynsf.ccoo.cn/forum/thread-8591610-1-1.html
http://www.ynsf.ccoo.cn/reg/?backurl=/cuxiao/
http://www.ynsf.ccoo.cn/forum/user/info.asp?username=WXIDoZ7Wmjizb7t0
http://www.ynsf.ccoo.cn/home/shop-285406.html
http://www.ynsf.ccoo.cn/post/zhaopin/2625468x.html
http://www.ynsf.ccoo.cn/post/cheliang/628373x.html
http://www.ynsf.ccoo.cn/auto/news-86918.html
http://www.ynsf.ccoo.cn/forum/thread-8703673-1-1.html
http://www.ynsf.ccoo.cn/forum/thread-8586037-1-1.html
http://www.ynsf.ccoo.cn/post/ershou/
http://www.ynsf.ccoo.cn/forum/thread-4897705-1-1.html
http://www.ynsf.ccoo.cn/forum/user/info.asp?username=sid14681589
http://www.ynsf.ccoo.cn/forum/thread-3284989-1-1.html
http://www.ynsf.ccoo.cn/forum/thread-6526320-1-1.html
http://www.ynsf.ccoo.cn/post/jiaoyou/list_1_1_0_0_0.html
http://www.ynsf.ccoo.cn/post/shenghuo/yule/
http://www.ynsf.ccoo.cn/forum/thread-8870960-1-1.html
http://www.ynsf.ccoo.cn/forum/thread-8392548-1-1.html
http://www.ynsf.ccoo.cn/post/fangwu/chuzu/1769237x.html
http://www.ynsf.ccoo.cn/forum/thread-8320095-1-1.html
http://www.ynsf.ccoo.cn/forum/thread-8843646-1-1.html
http://www.ynsf.ccoo.cn/post/shenghuo/gonggong/
http://www.ynsf.ccoo.cn/post/cheliang/diandongche/
http://www.ynsf.ccoo.cn/reg/?backurl=/auto/bbs.asp
http://www.ynsf.ccoo.cn/post/cheliang/
http://www.ynsf.ccoo.cn/forum/user/info.asp?username=QQID18691846
http://www.ynsf.ccoo.cn/news/local/4448479.html
http://www.ynsf.ccoo.cn/home/news-83193.html
http://www.ynsf.ccoo.cn/forum/thread-8149710-1-1.html
http://www.ynsf.ccoo.cn/forum/thread-8235131-1-1.html
http://www.ynsf.ccoo.cn/forum/user/info.asp?username=sid19839323
http://www.ynsf.ccoo.cn/post/qiuzhi/1037023x.html
http://www.ynsf.ccoo.cn/forum/thread-8190879-1-1.html
http://www.ynsf.ccoo.cn/forum/thread-8871430-1-1.html
http://www.ynsf.ccoo.cn/forum/thread-8736141-1-1.html
http://www.ynsf.ccoo.cn/forum/show-108534.html
http://www.ynsf.ccoo.cn/forum/thread-8672877-1-1.html
http://www.ynsf.ccoo.cn/forum/thread-5334525-1-1.html
http://www.ynsf.ccoo.cn/forum/thread-8793870-1-1.html
http://www.ynsf.ccoo.cn/post/fangwu/zixun/174413x.html
http://www.ynsf.ccoo.cn/forum/user/info.asp?username=qqid6902323
http://www.ynsf.ccoo.cn/post/fangwu/qiuzu/
http://www.ynsf.ccoo.cn/forum/thread-8663538-1-1.html
http://www.ynsf.ccoo.cn/post/zhaopins/list-34270-0-0-0-0-0-1.html
http://www.ynsf.ccoo.cn/forum/thread-8626144-1-1.html
http://www.ynsf.ccoo.cn/forum/thread-8428393-1-1.html
http://www.ynsf.ccoo.cn/post/ershou/shouji/
http://www.ynsf.ccoo.cn/forum/thread-8402704-1-1.html
http://www.ynsf.ccoo.cn/forum/thread-8684250-1-1.html
http://www.ynsf.ccoo.cn/forum/thread-8301600-1-1.html
http://www.ynsf.ccoo.cn/forum/thread-5123178-1-1.html
http://www.ynsf.ccoo.cn/news/photo/105861.html
http://www.ynsf.ccoo.cn/forum/thread-8325678-1-1.html
http://www.ynsf.ccoo.cn/post/shenghuo/nongye/
http://www.ynsf.ccoo.cn/forum/thread-8678945-1-1.html
http://www.ynsf.ccoo.cn/forum/thread-8638689-1-1.html
http://www.ynsf.ccoo.cn/forum/thread-8721867-1-1.html
http://www.ynsf.ccoo.cn/wed/shop-288635.html
http://www.ynsf.ccoo.cn/forum/thread-3125727-1-1.html
http://www.ynsf.ccoo.cn/post/fangwu/zixun/174592x.html
http://www.ynsf.ccoo.cn/post/qiuzhi/729244x.html
http://www.ynsf.ccoo.cn/forum/thread-8686182-1-1.html
http://www.ynsf.ccoo.cn/forum/thread-8223359-1-1.html
http://www.ynsf.ccoo.cn/post/fangwu/chuzu/1762707x.html
http://www.ynsf.ccoo.cn/forum/user/info.asp?username=qqid17003609
http://www.ynsf.ccoo.cn/forum/thread-8690194-1-1.html
http://www.ynsf.ccoo.cn/post/cheliang/ershouqiche/
http://www.ynsf.ccoo.cn/post/qiuzhi/869655x.html
http://www.ynsf.ccoo.cn/forum/user/info.asp?username=canguartccr0745
http://www.ynsf.ccoo.cn/post/ershou/1312532x.html
http://www.ynsf.ccoo.cn/forum/user/info.asp?username=qqid3791235
http://www.ynsf.ccoo.cn/forum/user/info.asp?username=sid18631867
http://www.ynsf.ccoo.cn/meishi/video-2078.html
http://www.ynsf.ccoo.cn/forum/thread-8413952-1-1.html
http://www.ynsf.ccoo.cn/post/cheliang/244966x.html
http://www.ynsf.ccoo.cn/forum/user/info.asp?username=qqid4509064
http://www.ynsf.ccoo.cn/forum/thread-8786453-1-1.html
http://www.ynsf.ccoo.cn/forum/thread-8242873-1-1.html
http://www.ynsf.ccoo.cn/store/shop-298807.html
http://www.ynsf.ccoo.cn/forum/thread-3230659-back-1-1-1.html
http://www.ynsf.ccoo.cn/forum/thread-8766761-1-1.html
http://www.ynsf.ccoo.cn/forum/thread-8792209-1-1.html
http://www.ynsf.ccoo.cn/forum/thread-8684417-1-1.html
http://www.ynsf.ccoo.cn/forum/thread-8226483-1-1.html
http://www.ynsf.ccoo.cn/post/xinloupan/15561x.html
http://www.ynsf.ccoo.cn/forum/user/info.asp?username=WXID15670073
http://www.ynsf.ccoo.cn/forum/thread-8176751-1-1.html
http://www.ynsf.ccoo.cn/cuxiao/84529.html
http://www.ynsf.ccoo.cn/forum/user/info.asp?username=3300k_2012
http://www.ynsf.ccoo.cn/post/shenghuo/zhuangxiu/
http://www.ynsf.ccoo.cn/post/fangwu/chuzushipin/
http://www.ynsf.ccoo.cn/forum/thread-8882370-1-1.html
http://www.ynsf.ccoo.cn/forum/thread-8565140-1-1.html
http://www.ynsf.ccoo.cn/forum/thread-7933065-1-1.html
http://www.ynsf.ccoo.cn/forum/show-116777.html
http://www.ynsf.ccoo.cn/auto/album-20898.html
