http://www.cxljl.cn
http://www.cxljl.cn/connect.php?mod=login&op=init&referer=index.php&statfrom=login
http://www.cxljl.cn/contact.php
http://www.cxljl.cn/contact.php?id=contact
http://www.cxljl.cn/forum-2-1.html
http://www.cxljl.cn/forum-36-1.html
http://www.cxljl.cn/forum-39-1.html
http://www.cxljl.cn/forum-40-1.html
http://www.cxljl.cn/forum-44-1.html
http://www.cxljl.cn/forum-46-1.html
http://www.cxljl.cn/forum-47-1.html
http://www.cxljl.cn/forum-48-1.html
http://www.cxljl.cn/forum-49-1.html
http://www.cxljl.cn/forum-50-1.html
http://www.cxljl.cn/forum-52-1.html
http://www.cxljl.cn/forum-53-1.html
http://www.cxljl.cn/forum-55-1.html
http://www.cxljl.cn/forum-56-1.html
http://www.cxljl.cn/forum-57-1.html
http://www.cxljl.cn/forum-58-1.html
http://www.cxljl.cn/forum-61-1.html
http://www.cxljl.cn/forum-72-1.html
http://www.cxljl.cn/forum-73-1.html
http://www.cxljl.cn/forum-77-1.html
http://www.cxljl.cn/forum-79-1.html
http://www.cxljl.cn/forum-80-1.html
http://www.cxljl.cn/forum-83-1.html
http://www.cxljl.cn/forum-85-1.html
http://www.cxljl.cn/forum-86-1.html
http://www.cxljl.cn/forum-87-1.html
http://www.cxljl.cn/forum.php
http://www.cxljl.cn/forum.php?action=nav&mod=misc
http://www.cxljl.cn/forum.php?action=showdarkroom&mod=misc
http://www.cxljl.cn/forum.php?gid=1
http://www.cxljl.cn/forum.php?gid=69
http://www.cxljl.cn/forum.php?gid=70
http://www.cxljl.cn/forum.php?gid=71
http://www.cxljl.cn/forum.php?mobile=yes
http://www.cxljl.cn/member.php?action=login&mod=logging&referer=
http://www.cxljl.cn/member.php?mod=register
http://www.cxljl.cn/misc.php?mod=mobile
http://www.cxljl.cn/plugin.php?id=appbyme_app:download
http://www.cxljl.cn/plugin.php?id=dsu_paulsign:sign
http://www.cxljl.cn/plugin.php?id=hwh_114
http://www.cxljl.cn/plugin.php?id=mini_xr:index
http://www.cxljl.cn/portal.php
http://www.cxljl.cn/source/plugin/comiis_code/comiis_cache/view_rewrite_9425.png
http://www.cxljl.cn/
