http://bbs.tianya.cn/list-1011-1.shtml
http://bbs.tianya.cn/list-1014-1.shtml
http://bbs.tianya.cn/list-1017-1.shtml
http://bbs.tianya.cn/list-1020-1.shtml
http://bbs.tianya.cn/list-1022-1.shtml
http://bbs.tianya.cn/list-1025-1.shtml
http://bbs.tianya.cn/list-1027-1.shtml
http://bbs.tianya.cn/list-1029-1.shtml
http://bbs.tianya.cn/list-1032-1.shtml
http://bbs.tianya.cn/list-1084-1.shtml
http://bbs.tianya.cn/list-1092-1.shtml
http://bbs.tianya.cn/list-1103-1.shtml
http://bbs.tianya.cn/list-1126-1.shtml
http://bbs.tianya.cn/list-1136-1.shtml
http://bbs.tianya.cn/list-1141-1.shtml
http://bbs.tianya.cn/list-1142-1.shtml
http://bbs.tianya.cn/list-1155-1.shtml
http://bbs.tianya.cn/list-1167-1.shtml
http://bbs.tianya.cn/list-1168-1.shtml
http://bbs.tianya.cn/list-138-1.shtml
http://bbs.tianya.cn/list-139-1.shtml
http://bbs.tianya.cn/list-14-1.shtml
http://bbs.tianya.cn/list-140-1.shtml
http://bbs.tianya.cn/list-141-1.shtml
http://bbs.tianya.cn/list-142-1.shtml
http://bbs.tianya.cn/list-143-1.shtml
http://bbs.tianya.cn/list-144-1.shtml
http://bbs.tianya.cn/list-147-1.shtml
http://bbs.tianya.cn/list-149-1.shtml
http://bbs.tianya.cn/list-150-1.shtml
http://bbs.tianya.cn/list-151-1.shtml
http://bbs.tianya.cn/list-152-1.shtml
http://bbs.tianya.cn/list-153-1.shtml
http://bbs.tianya.cn/list-157-1.shtml
http://bbs.tianya.cn/list-158-1.shtml
http://bbs.tianya.cn/list-16-1.shtml
http://bbs.tianya.cn/list-160-1.shtml
http://bbs.tianya.cn/list-166-1.shtml
http://bbs.tianya.cn/list-168-1.shtml
http://bbs.tianya.cn/list-169-1.shtml
http://bbs.tianya.cn/list-170-1.shtml
http://bbs.tianya.cn/list-172-1.shtml
http://bbs.tianya.cn/list-173-1.shtml
http://bbs.tianya.cn/list-174-1.shtml
http://bbs.tianya.cn/list-177-1.shtml
http://bbs.tianya.cn/list-178-1.shtml
http://bbs.tianya.cn/list-183-1.shtml
http://bbs.tianya.cn/list-185-1.shtml
http://bbs.tianya.cn/list-187-1.shtml
http://bbs.tianya.cn/list-188-1.shtml
http://bbs.tianya.cn/list-189-1.shtml
http://bbs.tianya.cn/list-191-1.shtml
http://bbs.tianya.cn/list-192-1.shtml
http://bbs.tianya.cn/list-194-1.shtml
http://bbs.tianya.cn/list-20-1.shtml
http://bbs.tianya.cn/list-200-1.shtml
http://bbs.tianya.cn/list-201-1.shtml
http://bbs.tianya.cn/list-203-1.shtml
http://bbs.tianya.cn/list-208-1.shtml
http://bbs.tianya.cn/list-21-1.shtml
http://bbs.tianya.cn/list-210-1.shtml
http://bbs.tianya.cn/list-217-1.shtml
http://bbs.tianya.cn/list-218-1.shtml
http://bbs.tianya.cn/list-22-1.shtml
http://bbs.tianya.cn/list-23-1.shtml
http://bbs.tianya.cn/list-235-1.shtml
http://bbs.tianya.cn/list-24-1.shtml
http://bbs.tianya.cn/list-241-1.shtml
http://bbs.tianya.cn/list-243-1.shtml
http://bbs.tianya.cn/list-246-1.shtml
http://bbs.tianya.cn/list-256-1.shtml
http://bbs.tianya.cn/list-284-1.shtml
http://bbs.tianya.cn/list-29-1.shtml
http://bbs.tianya.cn/list-293-1.shtml
http://bbs.tianya.cn/list-31-1.shtml
http://bbs.tianya.cn/list-329-1.shtml
http://bbs.tianya.cn/list-331-1.shtml
http://bbs.tianya.cn/list-333-1.shtml
http://bbs.tianya.cn/list-338-1.shtml
http://bbs.tianya.cn/list-339-1.shtml
http://bbs.tianya.cn/list-340-1.shtml
http://bbs.tianya.cn/list-341-1.shtml
http://bbs.tianya.cn/list-343-1.shtml
http://bbs.tianya.cn/list-358-1.shtml
http://bbs.tianya.cn/list-361-1.shtml
http://bbs.tianya.cn/list-362-1.shtml
http://bbs.tianya.cn/list-363-1.shtml
http://bbs.tianya.cn/list-364-1.shtml
http://bbs.tianya.cn/list-368-1.shtml
http://bbs.tianya.cn/list-370-1.shtml
http://bbs.tianya.cn/list-371-1.shtml
http://bbs.tianya.cn/list-372-1.shtml
http://bbs.tianya.cn/list-375-1.shtml
http://bbs.tianya.cn/list-38-1.shtml
http://bbs.tianya.cn/list-382-1.shtml
http://bbs.tianya.cn/list-384-1.shtml
http://bbs.tianya.cn/list-388-1.shtml
http://bbs.tianya.cn/list-39-1.shtml
http://bbs.tianya.cn/list-390-1.shtml
http://bbs.tianya.cn/list-393-1.shtml
http://bbs.tianya.cn/list-394-1.shtml
http://bbs.tianya.cn/list-399-1.shtml
http://bbs.tianya.cn/list-3d-1.shtml
http://bbs.tianya.cn/list-40-1.shtml
http://bbs.tianya.cn/list-401-1.shtml
http://bbs.tianya.cn/list-402-1.shtml
http://bbs.tianya.cn/list-408-1.shtml
http://bbs.tianya.cn/list-409-1.shtml
http://bbs.tianya.cn/list-41-1.shtml
http://bbs.tianya.cn/list-410-1.shtml
http://bbs.tianya.cn/list-411-1.shtml
http://bbs.tianya.cn/list-413-1.shtml
http://bbs.tianya.cn/list-414-1.shtml
http://bbs.tianya.cn/list-415-1.shtml
http://bbs.tianya.cn/list-416-1.shtml
http://bbs.tianya.cn/list-417-1.shtml
http://bbs.tianya.cn/list-42-1.shtml
http://bbs.tianya.cn/list-420-1.shtml
http://bbs.tianya.cn/list-421-1.shtml
http://bbs.tianya.cn/list-43-1.shtml
http://bbs.tianya.cn/list-44-1.shtml
http://bbs.tianya.cn/list-443-1.shtml
http://bbs.tianya.cn/list-444-1.shtml
http://bbs.tianya.cn/list-447-1.shtml
http://bbs.tianya.cn/list-448-1.shtml
http://bbs.tianya.cn/list-449-1.shtml
http://bbs.tianya.cn/list-45-1.shtml
http://bbs.tianya.cn/list-46-1.shtml
http://bbs.tianya.cn/list-47-1.shtml
http://bbs.tianya.cn/list-470-1.shtml
http://bbs.tianya.cn/list-471-1.shtml
http://bbs.tianya.cn/list-474-1.shtml
http://bbs.tianya.cn/list-476-1.shtml
http://bbs.tianya.cn/list-477-1.shtml
http://bbs.tianya.cn/list-486-1.shtml
http://bbs.tianya.cn/list-49-1.shtml
http://bbs.tianya.cn/list-494-1.shtml
http://bbs.tianya.cn/list-5028-1.shtml
http://bbs.tianya.cn/list-5030-1.shtml
http://bbs.tianya.cn/list-5031-1.shtml
http://bbs.tianya.cn/list-5032-1.shtml
http://bbs.tianya.cn/list-5033-1.shtml
http://bbs.tianya.cn/list-5036-1.shtml
http://bbs.tianya.cn/list-5037-1.shtml
http://bbs.tianya.cn/list-5038-1.shtml
http://bbs.tianya.cn/list-5061-1.shtml
http://bbs.tianya.cn/list-5098-1.shtml
http://bbs.tianya.cn/list-5111-1.shtml
http://bbs.tianya.cn/list-5153-1.shtml
http://bbs.tianya.cn/list-5154-1.shtml
http://bbs.tianya.cn/list-5155-1.shtml
http://bbs.tianya.cn/list-5156-1.shtml
http://bbs.tianya.cn/list-516-1.shtml
http://bbs.tianya.cn/list-517-1.shtml
http://bbs.tianya.cn/list-5189-1.shtml
http://bbs.tianya.cn/list-52-1.shtml
http://bbs.tianya.cn/list-5210-1.shtml
http://bbs.tianya.cn/list-5214-1.shtml
http://bbs.tianya.cn/list-5230-1.shtml
http://bbs.tianya.cn/list-524-1.shtml
http://bbs.tianya.cn/list-5240-1.shtml
http://bbs.tianya.cn/list-54-1.shtml
http://bbs.tianya.cn/list-56-1.shtml
http://bbs.tianya.cn/list-579-1.shtml
http://bbs.tianya.cn/list-58-1.shtml
http://bbs.tianya.cn/list-59-1.shtml
http://bbs.tianya.cn/list-60-1.shtml
http://bbs.tianya.cn/list-607-1.shtml
http://bbs.tianya.cn/list-61-1.shtml
http://bbs.tianya.cn/list-62-1.shtml
http://bbs.tianya.cn/list-63-1.shtml
http://bbs.tianya.cn/list-641-1.shtml
http://bbs.tianya.cn/list-647-1.shtml
http://bbs.tianya.cn/list-65-1.shtml
http://bbs.tianya.cn/list-66-1.shtml
http://bbs.tianya.cn/list-665-1.shtml
http://bbs.tianya.cn/list-666-1.shtml
http://bbs.tianya.cn/list-67-1.shtml
http://bbs.tianya.cn/list-680-1.shtml
http://bbs.tianya.cn/list-685-1.shtml
http://bbs.tianya.cn/list-686-1.shtml
http://bbs.tianya.cn/list-687-1.shtml
http://bbs.tianya.cn/list-688-1.shtml
http://bbs.tianya.cn/list-689-1.shtml
http://bbs.tianya.cn/list-70-1.shtml
http://bbs.tianya.cn/list-705-1.shtml
http://bbs.tianya.cn/list-71-1.shtml
http://bbs.tianya.cn/list-725-1.shtml
http://bbs.tianya.cn/list-73-1.shtml
http://bbs.tianya.cn/list-730-1.shtml
http://bbs.tianya.cn/list-732-1.shtml
http://bbs.tianya.cn/list-737-1.shtml
http://bbs.tianya.cn/list-738-1.shtml
http://bbs.tianya.cn/list-739-1.shtml
http://bbs.tianya.cn/list-743-1.shtml
http://bbs.tianya.cn/list-75-1.shtml
http://bbs.tianya.cn/list-750-1.shtml
http://bbs.tianya.cn/list-762-1.shtml
http://bbs.tianya.cn/list-763-1.shtml
http://bbs.tianya.cn/list-766-1.shtml
http://bbs.tianya.cn/list-767-1.shtml
http://bbs.tianya.cn/list-768-1.shtml
http://bbs.tianya.cn/list-769-1.shtml
http://bbs.tianya.cn/list-77-1.shtml
http://bbs.tianya.cn/list-777-1.shtml
http://bbs.tianya.cn/list-778-1.shtml
http://bbs.tianya.cn/list-78-1.shtml
http://bbs.tianya.cn/list-780-1.shtml
http://bbs.tianya.cn/list-79-1.shtml
http://bbs.tianya.cn/list-797-1.shtml
http://bbs.tianya.cn/list-798-1.shtml
http://bbs.tianya.cn/list-80-1.shtml
http://bbs.tianya.cn/list-805-1.shtml
http://bbs.tianya.cn/list-810-1.shtml
http://bbs.tianya.cn/list-817-1.shtml
http://bbs.tianya.cn/list-818-1.shtml
http://bbs.tianya.cn/list-819-1.shtml
http://bbs.tianya.cn/list-82-1.shtml
http://bbs.tianya.cn/list-820-1.shtml
http://bbs.tianya.cn/list-828-1.shtml
http://bbs.tianya.cn/list-831-1.shtml
http://bbs.tianya.cn/list-832-1.shtml
http://bbs.tianya.cn/list-833-1.shtml
http://bbs.tianya.cn/list-837-1.shtml
http://bbs.tianya.cn/list-838-1.shtml
http://bbs.tianya.cn/list-84-1.shtml
http://bbs.tianya.cn/list-840-1.shtml
http://bbs.tianya.cn/list-843-1.shtml
http://bbs.tianya.cn/list-844-1.shtml
http://bbs.tianya.cn/list-845-1.shtml
http://bbs.tianya.cn/list-849-1.shtml
http://bbs.tianya.cn/list-857-1.shtml
http://bbs.tianya.cn/list-858-1.shtml
http://bbs.tianya.cn/list-859-1.shtml
http://bbs.tianya.cn/list-860-1.shtml
http://bbs.tianya.cn/list-861-1.shtml
http://bbs.tianya.cn/list-863-1.shtml
http://bbs.tianya.cn/list-872-1.shtml
http://bbs.tianya.cn/list-874-1.shtml
http://bbs.tianya.cn/list-88-1.shtml
http://bbs.tianya.cn/list-881-1.shtml
http://bbs.tianya.cn/list-883-1.shtml
http://bbs.tianya.cn/list-884-1.shtml
http://bbs.tianya.cn/list-886-1.shtml
http://bbs.tianya.cn/list-89-1.shtml
http://bbs.tianya.cn/list-90-1.shtml
http://bbs.tianya.cn/list-901-1.shtml
http://bbs.tianya.cn/list-903-1.shtml
http://bbs.tianya.cn/list-907-1.shtml
http://bbs.tianya.cn/list-909-1.shtml
http://bbs.tianya.cn/list-911-1.shtml
http://bbs.tianya.cn/list-912-1.shtml
http://bbs.tianya.cn/list-919-1.shtml
http://bbs.tianya.cn/list-92-1.shtml
http://bbs.tianya.cn/list-922-1.shtml
http://bbs.tianya.cn/list-923-1.shtml
http://bbs.tianya.cn/list-924-1.shtml
http://bbs.tianya.cn/list-926-1.shtml
http://bbs.tianya.cn/list-927-1.shtml
http://bbs.tianya.cn/list-928-1.shtml
http://bbs.tianya.cn/list-934-1.shtml
http://bbs.tianya.cn/list-943-1.shtml
http://bbs.tianya.cn/list-944-1.shtml
http://bbs.tianya.cn/list-952-1.shtml
http://bbs.tianya.cn/list-96-1.shtml
http://bbs.tianya.cn/list-967-1.shtml
http://bbs.tianya.cn/list-97-1.shtml
http://bbs.tianya.cn/list-972-1.shtml
http://bbs.tianya.cn/list-98-1.shtml
http://bbs.tianya.cn/list-985-1.shtml
http://bbs.tianya.cn/list-99-1.shtml
http://bbs.tianya.cn/list-990-1.shtml
http://bbs.tianya.cn/list-991-1.shtml
http://bbs.tianya.cn/list-995-1.shtml
http://bbs.tianya.cn/list-apply-1.shtml
http://bbs.tianya.cn/list-basketball-1.shtml
http://bbs.tianya.cn/list-books-1.shtml
http://bbs.tianya.cn/list-cars-1.shtml
http://bbs.tianya.cn/list-complaint-1.shtml
http://bbs.tianya.cn/list-consumer-1.shtml
http://bbs.tianya.cn/list-culture-1.shtml
http://bbs.tianya.cn/list-develop-1.shtml
http://bbs.tianya.cn/list-discuss-1.shtml
http://bbs.tianya.cn/list-english-1.shtml
http://bbs.tianya.cn/list-enterprise-1.shtml
http://bbs.tianya.cn/list-fans-1.shtml
http://bbs.tianya.cn/list-fansunion-1.shtml
http://bbs.tianya.cn/list-feeling-1.shtml
http://bbs.tianya.cn/list-filmtv-1.shtml
http://bbs.tianya.cn/list-free-1.shtml
http://bbs.tianya.cn/list-funinfo-1.shtml
http://bbs.tianya.cn/list-funstribe-1.shtml
http://bbs.tianya.cn/list-help-1.shtml
http://bbs.tianya.cn/list-hn-1.shtml
http://bbs.tianya.cn/list-house-1.shtml
http://bbs.tianya.cn/list-indepfilm-1.shtml
http://bbs.tianya.cn/list-it-1.shtml
http://bbs.tianya.cn/list-itinfo-1.shtml
http://bbs.tianya.cn/list-law-1.shtml
http://bbs.tianya.cn/list-lookout-1.shtml
http://bbs.tianya.cn/list-middleschool-1.shtml
http://bbs.tianya.cn/list-motss-1.shtml
http://bbs.tianya.cn/list-music-1.shtml
http://bbs.tianya.cn/list-news-1.shtml
http://bbs.tianya.cn/list-no01-1.shtml
http://bbs.tianya.cn/list-no02-1.shtml
http://bbs.tianya.cn/list-no04-1.shtml
http://bbs.tianya.cn/list-no05-1.shtml
http://bbs.tianya.cn/list-no06-1.shtml
http://bbs.tianya.cn/list-no100-1.shtml
http://bbs.tianya.cn/list-no11-1.shtml
http://bbs.tianya.cn/list-no110-1.shtml
http://bbs.tianya.cn/list-no124-1.shtml
http://bbs.tianya.cn/list-no16-1.shtml
http://bbs.tianya.cn/list-no17-1.shtml
http://bbs.tianya.cn/list-no20-1.shtml
http://bbs.tianya.cn/list-no21-1.shtml
http://bbs.tianya.cn/list-no22-1.shtml
http://bbs.tianya.cn/list-numtechnoloy-1.shtml
http://bbs.tianya.cn/list-oldgirl-1.shtml
http://bbs.tianya.cn/list-outseachina-1.shtml
http://bbs.tianya.cn/list-play-1.shtml
http://bbs.tianya.cn/list-poem-1.shtml
http://bbs.tianya.cn/list-saytenya-1.shtml
http://bbs.tianya.cn/list-servantonline-1.shtml
http://bbs.tianya.cn/list-shortmessage-1.shtml
http://bbs.tianya.cn/list-spirit-1.shtml
http://bbs.tianya.cn/list-sport-1.shtml
http://bbs.tianya.cn/list-stocks-1.shtml
http://bbs.tianya.cn/list-tianyamyself-1.shtml
http://bbs.tianya.cn/list-tianyaphoto-1.shtml
http://bbs.tianya.cn/list-travel-1.shtml
http://bbs.tianya.cn/list-university-1.shtml
http://bbs.tianya.cn/list-water-1.shtml
http://bbs.tianya.cn/list-worldlook-1.shtml
http://bbs.tianya.cn/list.jsp?grade=0&item=106&order=2&sub=0
http://bbs.tianya.cn/list.jsp?grade=0&item=107&order=2&sub=0
http://bbs.tianya.cn/list.jsp?grade=0&item=108&order=2&sub=0
http://bbs.tianya.cn/list.jsp?grade=0&item=1089&order=2&sub=0
http://bbs.tianya.cn/list.jsp?grade=0&item=1090&order=2&sub=0
http://bbs.tianya.cn/list.jsp?grade=0&item=1095&order=2&sub=0
http://bbs.tianya.cn/list.jsp?grade=0&item=1108&order=2&sub=0
http://bbs.tianya.cn/list.jsp?grade=0&item=1109&order=2&sub=0
http://bbs.tianya.cn/list.jsp?grade=0&item=1110&order=2&sub=0
http://bbs.tianya.cn/list.jsp?grade=0&item=1124&order=2&sub=0
http://bbs.tianya.cn/list.jsp?grade=0&item=113&order=2&sub=0
http://bbs.tianya.cn/list.jsp?grade=0&item=1131&order=2&sub=0
http://bbs.tianya.cn/list.jsp?grade=0&item=1138&order=2&sub=0
http://bbs.tianya.cn/list.jsp?grade=0&item=1143&order=2&sub=0
http://bbs.tianya.cn/list.jsp?grade=0&item=1146&order=2&sub=0
http://bbs.tianya.cn/list.jsp?grade=0&item=1147&order=2&sub=0
http://bbs.tianya.cn/list.jsp?grade=0&item=1149&order=2&sub=0
http://bbs.tianya.cn/list.jsp?grade=0&item=1151&order=2&sub=0
http://bbs.tianya.cn/list.jsp?grade=0&item=1154&order=2&sub=0
http://bbs.tianya.cn/list.jsp?grade=0&item=1164&order=2&sub=0
http://bbs.tianya.cn/list.jsp?grade=0&item=1170&order=2&sub=0
http://bbs.tianya.cn/list.jsp?grade=0&item=1171&order=2&sub=0
http://bbs.tianya.cn/list.jsp?grade=0&item=12&order=2&sub=0
http://bbs.tianya.cn/list.jsp?grade=0&item=130&order=2&sub=0
http://bbs.tianya.cn/list.jsp?grade=0&item=131&order=2&sub=0
http://bbs.tianya.cn/list.jsp?grade=0&item=137&order=2&sub=0
http://bbs.tianya.cn/list.jsp?grade=1&item=106&order=1
http://bbs.tianya.cn/list.jsp?grade=1&item=107&order=1
http://bbs.tianya.cn/list.jsp?grade=1&item=108&order=1
http://bbs.tianya.cn/list.jsp?grade=1&item=1089&order=1
http://bbs.tianya.cn/list.jsp?grade=1&item=1090&order=1
http://bbs.tianya.cn/list.jsp?grade=1&item=1095&order=1
http://bbs.tianya.cn/list.jsp?grade=1&item=1108&order=1
http://bbs.tianya.cn/list.jsp?grade=1&item=1109&order=1
http://bbs.tianya.cn/list.jsp?grade=1&item=1110&order=1
http://bbs.tianya.cn/list.jsp?grade=1&item=1124&order=1
http://bbs.tianya.cn/list.jsp?grade=1&item=113&order=1
http://bbs.tianya.cn/list.jsp?grade=1&item=1131&order=1
http://bbs.tianya.cn/list.jsp?grade=1&item=1138&order=1
http://bbs.tianya.cn/list.jsp?grade=1&item=1143&order=1
http://bbs.tianya.cn/list.jsp?grade=1&item=1146&order=1
http://bbs.tianya.cn/list.jsp?grade=1&item=1147&order=1
http://bbs.tianya.cn/list.jsp?grade=1&item=1149&order=1
http://bbs.tianya.cn/list.jsp?grade=1&item=1151&order=1
http://bbs.tianya.cn/list.jsp?grade=1&item=1154&order=1
http://bbs.tianya.cn/list.jsp?grade=1&item=1164&order=1
http://bbs.tianya.cn/list.jsp?grade=1&item=1170&order=1
http://bbs.tianya.cn/list.jsp?grade=1&item=1171&order=1
http://bbs.tianya.cn/list.jsp?grade=1&item=12&order=1
http://bbs.tianya.cn/list.jsp?grade=1&item=130&order=1
http://bbs.tianya.cn/list.jsp?grade=1&item=131&order=1
http://bbs.tianya.cn/list.jsp?grade=1&item=137&order=1
http://bbs.tianya.cn/list.jsp?grade=3&item=106&order=1
http://bbs.tianya.cn/list.jsp?grade=3&item=107&order=1
http://bbs.tianya.cn/list.jsp?grade=3&item=108&order=1
http://bbs.tianya.cn/list.jsp?grade=3&item=1089&order=1
http://bbs.tianya.cn/list.jsp?grade=3&item=1090&order=1
http://bbs.tianya.cn/list.jsp?grade=3&item=1095&order=1
http://bbs.tianya.cn/list.jsp?grade=3&item=1108&order=1
http://bbs.tianya.cn/list.jsp?grade=3&item=1109&order=1
http://bbs.tianya.cn/list.jsp?grade=3&item=1110&order=1
http://bbs.tianya.cn/list.jsp?grade=3&item=1124&order=1
http://bbs.tianya.cn/list.jsp?grade=3&item=113&order=1
http://bbs.tianya.cn/list.jsp?grade=3&item=1131&order=1
http://bbs.tianya.cn/list.jsp?grade=3&item=1138&order=1
http://bbs.tianya.cn/list.jsp?grade=3&item=1143&order=1
http://bbs.tianya.cn/list.jsp?grade=3&item=1146&order=1
http://bbs.tianya.cn/list.jsp?grade=3&item=1147&order=1
http://bbs.tianya.cn/list.jsp?grade=3&item=1149&order=1
http://bbs.tianya.cn/list.jsp?grade=3&item=1151&order=1
http://bbs.tianya.cn/list.jsp?grade=3&item=1154&order=1
http://bbs.tianya.cn/list.jsp?grade=3&item=1164&order=1
http://bbs.tianya.cn/list.jsp?grade=3&item=1170&order=1
http://bbs.tianya.cn/list.jsp?grade=3&item=1171&order=1
http://bbs.tianya.cn/list.jsp?grade=3&item=12&order=1
http://bbs.tianya.cn/list.jsp?grade=3&item=130&order=1
http://bbs.tianya.cn/list.jsp?grade=3&item=131&order=1
http://bbs.tianya.cn/list.jsp?grade=3&item=137&order=1
http://bbs.tianya.cn/list.jsp?grade=4&item=106
http://bbs.tianya.cn/list.jsp?grade=4&item=107
http://bbs.tianya.cn/list.jsp?grade=4&item=108
http://bbs.tianya.cn/list.jsp?grade=4&item=1089
http://bbs.tianya.cn/list.jsp?grade=4&item=1090
http://bbs.tianya.cn/list.jsp?grade=4&item=1095
http://bbs.tianya.cn/list.jsp?grade=4&item=1108
http://bbs.tianya.cn/list.jsp?grade=4&item=1109
http://bbs.tianya.cn/list.jsp?grade=4&item=1110
http://bbs.tianya.cn/list.jsp?grade=4&item=1124
http://bbs.tianya.cn/list.jsp?grade=4&item=113
http://bbs.tianya.cn/list.jsp?grade=4&item=1131
http://bbs.tianya.cn/list.jsp?grade=4&item=1138
http://bbs.tianya.cn/list.jsp?grade=4&item=1143
http://bbs.tianya.cn/list.jsp?grade=4&item=1146
http://bbs.tianya.cn/list.jsp?grade=4&item=1147
http://bbs.tianya.cn/list.jsp?grade=4&item=1149
http://bbs.tianya.cn/list.jsp?grade=4&item=1151
http://bbs.tianya.cn/list.jsp?grade=4&item=1154
http://bbs.tianya.cn/list.jsp?grade=4&item=1164
http://bbs.tianya.cn/list.jsp?grade=4&item=1170
http://bbs.tianya.cn/list.jsp?grade=4&item=1171
http://bbs.tianya.cn/list.jsp?grade=4&item=12
http://bbs.tianya.cn/list.jsp?grade=4&item=130
http://bbs.tianya.cn/list.jsp?grade=4&item=131
http://bbs.tianya.cn/list.jsp?grade=4&item=137
http://bbs.tianya.cn/list.jsp?grade=5&item=106
http://bbs.tianya.cn/list.jsp?grade=5&item=107
http://bbs.tianya.cn/list.jsp?grade=5&item=108
http://bbs.tianya.cn/list.jsp?grade=5&item=1089
http://bbs.tianya.cn/list.jsp?grade=5&item=1090
http://bbs.tianya.cn/list.jsp?grade=5&item=1095
http://bbs.tianya.cn/list.jsp?grade=5&item=1108
http://bbs.tianya.cn/list.jsp?grade=5&item=1109
http://bbs.tianya.cn/list.jsp?grade=5&item=1110
http://bbs.tianya.cn/list.jsp?grade=5&item=1124
http://bbs.tianya.cn/list.jsp?grade=5&item=113
http://bbs.tianya.cn/list.jsp?grade=5&item=1131
http://bbs.tianya.cn/list.jsp?grade=5&item=1138
http://bbs.tianya.cn/list.jsp?grade=5&item=1143
http://bbs.tianya.cn/list.jsp?grade=5&item=1146
http://bbs.tianya.cn/list.jsp?grade=5&item=1147
http://bbs.tianya.cn/list.jsp?grade=5&item=1149
http://bbs.tianya.cn/list.jsp?grade=5&item=1151
http://bbs.tianya.cn/list.jsp?grade=5&item=1154
http://bbs.tianya.cn/list.jsp?grade=5&item=1164
http://bbs.tianya.cn/list.jsp?grade=5&item=1170
http://bbs.tianya.cn/list.jsp?grade=5&item=1171
http://bbs.tianya.cn/list.jsp?grade=5&item=12
http://bbs.tianya.cn/list.jsp?grade=5&item=130
http://bbs.tianya.cn/list.jsp?grade=5&item=131
http://bbs.tianya.cn/list.jsp?grade=5&item=137
http://bbs.tianya.cn/list.jsp?grade=7&item=1095
http://bbs.tianya.cn/list.jsp?grade=7&item=1151
http://bbs.tianya.cn/list.jsp?item=106&order=1
http://bbs.tianya.cn/list.jsp?item=106&sub=1
http://bbs.tianya.cn/list.jsp?item=106&sub=2
http://bbs.tianya.cn/list.jsp?item=106&sub=3
http://bbs.tianya.cn/list.jsp?item=106&sub=4
http://bbs.tianya.cn/list.jsp?item=106&sub=5
http://bbs.tianya.cn/list.jsp?item=106&sub=6
http://bbs.tianya.cn/list.jsp?item=107&order=1
http://bbs.tianya.cn/list.jsp?item=107&sub=1
http://bbs.tianya.cn/list.jsp?item=107&sub=2
http://bbs.tianya.cn/list.jsp?item=107&sub=3
http://bbs.tianya.cn/list.jsp?item=107&sub=4
http://bbs.tianya.cn/list.jsp?item=107&sub=5
http://bbs.tianya.cn/list.jsp?item=107&sub=6
http://bbs.tianya.cn/list.jsp?item=107&sub=7
http://bbs.tianya.cn/list.jsp?item=107&sub=8
http://bbs.tianya.cn/list.jsp?item=107&sub=9
http://bbs.tianya.cn/list.jsp?item=108&order=1
http://bbs.tianya.cn/list.jsp?item=108&sub=1
http://bbs.tianya.cn/list.jsp?item=108&sub=2
http://bbs.tianya.cn/list.jsp?item=108&sub=3
http://bbs.tianya.cn/list.jsp?item=108&sub=4
http://bbs.tianya.cn/list.jsp?item=108&sub=5
http://bbs.tianya.cn/list.jsp?item=108&sub=6
http://bbs.tianya.cn/list.jsp?item=108&sub=7
http://bbs.tianya.cn/list.jsp?item=108&sub=8
http://bbs.tianya.cn/list.jsp?item=1089&order=1
http://bbs.tianya.cn/list.jsp?item=1089&sub=1
http://bbs.tianya.cn/list.jsp?item=1090&order=1
http://bbs.tianya.cn/list.jsp?item=1090&sub=1
http://bbs.tianya.cn/list.jsp?item=1090&sub=2
http://bbs.tianya.cn/list.jsp?item=1090&sub=3
http://bbs.tianya.cn/list.jsp?item=1090&sub=4
http://bbs.tianya.cn/list.jsp?item=1090&sub=5
http://bbs.tianya.cn/list.jsp?item=1090&sub=6
http://bbs.tianya.cn/list.jsp?item=1090&sub=7
http://bbs.tianya.cn/list.jsp?item=1090&sub=8
http://bbs.tianya.cn/list.jsp?item=1095&order=1
http://bbs.tianya.cn/list.jsp?item=1095&sub=1
http://bbs.tianya.cn/list.jsp?item=1095&sub=2
http://bbs.tianya.cn/list.jsp?item=1095&sub=3
http://bbs.tianya.cn/list.jsp?item=1095&sub=4
http://bbs.tianya.cn/list.jsp?item=1095&sub=5
http://bbs.tianya.cn/list.jsp?item=1095&sub=6
http://bbs.tianya.cn/list.jsp?item=1095&sub=7
http://bbs.tianya.cn/list.jsp?item=1108&order=1
http://bbs.tianya.cn/list.jsp?item=1108&sub=1
http://bbs.tianya.cn/list.jsp?item=1109&order=1
http://bbs.tianya.cn/list.jsp?item=1109&sub=1
http://bbs.tianya.cn/list.jsp?item=1110&order=1
http://bbs.tianya.cn/list.jsp?item=1110&sub=1
http://bbs.tianya.cn/list.jsp?item=1124&order=1
http://bbs.tianya.cn/list.jsp?item=1124&sub=1
http://bbs.tianya.cn/list.jsp?item=1124&sub=2
http://bbs.tianya.cn/list.jsp?item=1124&sub=3
http://bbs.tianya.cn/list.jsp?item=1124&sub=4
http://bbs.tianya.cn/list.jsp?item=1124&sub=5
http://bbs.tianya.cn/list.jsp?item=113&order=1
http://bbs.tianya.cn/list.jsp?item=113&sub=1
http://bbs.tianya.cn/list.jsp?item=113&sub=2
http://bbs.tianya.cn/list.jsp?item=113&sub=3
http://bbs.tianya.cn/list.jsp?item=113&sub=4
http://bbs.tianya.cn/list.jsp?item=113&sub=5
http://bbs.tianya.cn/list.jsp?item=113&sub=6
http://bbs.tianya.cn/list.jsp?item=113&sub=7
http://bbs.tianya.cn/list.jsp?item=113&sub=8
http://bbs.tianya.cn/list.jsp?item=113&sub=9
http://bbs.tianya.cn/list.jsp?item=1131&order=1
http://bbs.tianya.cn/list.jsp?item=1131&sub=1
http://bbs.tianya.cn/list.jsp?item=1131&sub=2
http://bbs.tianya.cn/list.jsp?item=1131&sub=3
http://bbs.tianya.cn/list.jsp?item=1131&sub=4
http://bbs.tianya.cn/list.jsp?item=1131&sub=5
http://bbs.tianya.cn/list.jsp?item=1131&sub=6
http://bbs.tianya.cn/list.jsp?item=1131&sub=7
http://bbs.tianya.cn/list.jsp?item=1138&order=1
http://bbs.tianya.cn/list.jsp?item=1138&sub=1
http://bbs.tianya.cn/list.jsp?item=1138&sub=2
http://bbs.tianya.cn/list.jsp?item=1138&sub=3
http://bbs.tianya.cn/list.jsp?item=1138&sub=4
http://bbs.tianya.cn/list.jsp?item=1138&sub=5
http://bbs.tianya.cn/list.jsp?item=1138&sub=6
http://bbs.tianya.cn/list.jsp?item=1138&sub=7
http://bbs.tianya.cn/list.jsp?item=1143&order=1
http://bbs.tianya.cn/list.jsp?item=1143&sub=1
http://bbs.tianya.cn/list.jsp?item=1143&sub=2
http://bbs.tianya.cn/list.jsp?item=1143&sub=3
http://bbs.tianya.cn/list.jsp?item=1143&sub=4
http://bbs.tianya.cn/list.jsp?item=1143&sub=5
http://bbs.tianya.cn/list.jsp?item=1143&sub=6
http://bbs.tianya.cn/list.jsp?item=1146&order=1
http://bbs.tianya.cn/list.jsp?item=1146&sub=1
http://bbs.tianya.cn/list.jsp?item=1146&sub=2
http://bbs.tianya.cn/list.jsp?item=1146&sub=3
http://bbs.tianya.cn/list.jsp?item=1146&sub=4
http://bbs.tianya.cn/list.jsp?item=1147&order=1
http://bbs.tianya.cn/list.jsp?item=1147&sub=1
http://bbs.tianya.cn/list.jsp?item=1149&order=1
http://bbs.tianya.cn/list.jsp?item=1149&sub=1
http://bbs.tianya.cn/list.jsp?item=1149&sub=2
http://bbs.tianya.cn/list.jsp?item=1149&sub=3
http://bbs.tianya.cn/list.jsp?item=1149&sub=4
http://bbs.tianya.cn/list.jsp?item=1149&sub=5
http://bbs.tianya.cn/list.jsp?item=1149&sub=6
http://bbs.tianya.cn/list.jsp?item=1151&order=1
http://bbs.tianya.cn/list.jsp?item=1151&sub=1
http://bbs.tianya.cn/list.jsp?item=1154&order=1
http://bbs.tianya.cn/list.jsp?item=1154&sub=1
http://bbs.tianya.cn/list.jsp?item=1154&sub=2
http://bbs.tianya.cn/list.jsp?item=1154&sub=3
http://bbs.tianya.cn/list.jsp?item=1154&sub=4
http://bbs.tianya.cn/list.jsp?item=1154&sub=5
http://bbs.tianya.cn/list.jsp?item=1154&sub=6
http://bbs.tianya.cn/list.jsp?item=1154&sub=7
http://bbs.tianya.cn/list.jsp?item=1154&sub=8
http://bbs.tianya.cn/list.jsp?item=1164&order=1
http://bbs.tianya.cn/list.jsp?item=1164&sub=1
http://bbs.tianya.cn/list.jsp?item=1164&sub=2
http://bbs.tianya.cn/list.jsp?item=1164&sub=3
http://bbs.tianya.cn/list.jsp?item=1164&sub=4
http://bbs.tianya.cn/list.jsp?item=1164&sub=5
http://bbs.tianya.cn/list.jsp?item=1164&sub=6
http://bbs.tianya.cn/list.jsp?item=1164&sub=7
http://bbs.tianya.cn/list.jsp?item=1170&order=1
http://bbs.tianya.cn/list.jsp?item=1170&sub=1
http://bbs.tianya.cn/list.jsp?item=1170&sub=10
http://bbs.tianya.cn/list.jsp?item=1170&sub=11
http://bbs.tianya.cn/list.jsp?item=1170&sub=2
http://bbs.tianya.cn/list.jsp?item=1170&sub=3
http://bbs.tianya.cn/list.jsp?item=1170&sub=4
http://bbs.tianya.cn/list.jsp?item=1170&sub=5
http://bbs.tianya.cn/list.jsp?item=1170&sub=6
http://bbs.tianya.cn/list.jsp?item=1170&sub=7
http://bbs.tianya.cn/list.jsp?item=1170&sub=8
http://bbs.tianya.cn/list.jsp?item=1170&sub=9
http://bbs.tianya.cn/list.jsp?item=1171&order=1
http://bbs.tianya.cn/list.jsp?item=1171&sub=1
http://bbs.tianya.cn/list.jsp?item=1171&sub=2
http://bbs.tianya.cn/list.jsp?item=1171&sub=3
http://bbs.tianya.cn/list.jsp?item=1171&sub=4
http://bbs.tianya.cn/list.jsp?item=1171&sub=5
http://bbs.tianya.cn/list.jsp?item=1171&sub=6
http://bbs.tianya.cn/list.jsp?item=1171&sub=7
http://bbs.tianya.cn/list.jsp?item=1171&sub=8
http://bbs.tianya.cn/list.jsp?item=1171&sub=9
http://bbs.tianya.cn/list.jsp?item=12&order=1
http://bbs.tianya.cn/list.jsp?item=12&sub=1
http://bbs.tianya.cn/list.jsp?item=12&sub=10
http://bbs.tianya.cn/list.jsp?item=12&sub=11
http://bbs.tianya.cn/list.jsp?item=12&sub=2
http://bbs.tianya.cn/list.jsp?item=12&sub=3
http://bbs.tianya.cn/list.jsp?item=12&sub=4
http://bbs.tianya.cn/list.jsp?item=12&sub=5
http://bbs.tianya.cn/list.jsp?item=12&sub=6
http://bbs.tianya.cn/list.jsp?item=12&sub=7
http://bbs.tianya.cn/list.jsp?item=12&sub=8
http://bbs.tianya.cn/list.jsp?item=12&sub=9
http://bbs.tianya.cn/list.jsp?item=130&order=1
http://bbs.tianya.cn/list.jsp?item=130&sub=1
http://bbs.tianya.cn/list.jsp?item=130&sub=2
http://bbs.tianya.cn/list.jsp?item=130&sub=3
http://bbs.tianya.cn/list.jsp?item=130&sub=4
http://bbs.tianya.cn/list.jsp?item=130&sub=5
http://bbs.tianya.cn/list.jsp?item=130&sub=6
http://bbs.tianya.cn/list.jsp?item=130&sub=7
http://bbs.tianya.cn/list.jsp?item=130&sub=8
http://bbs.tianya.cn/list.jsp?item=131&order=1
http://bbs.tianya.cn/list.jsp?item=131&sub=1
http://bbs.tianya.cn/list.jsp?item=131&sub=10
http://bbs.tianya.cn/list.jsp?item=131&sub=11
http://bbs.tianya.cn/list.jsp?item=131&sub=12
http://bbs.tianya.cn/list.jsp?item=131&sub=13
http://bbs.tianya.cn/list.jsp?item=131&sub=14
http://bbs.tianya.cn/list.jsp?item=131&sub=15
http://bbs.tianya.cn/list.jsp?item=131&sub=16
http://bbs.tianya.cn/list.jsp?item=131&sub=17
http://bbs.tianya.cn/list.jsp?item=131&sub=18
http://bbs.tianya.cn/list.jsp?item=131&sub=19
http://bbs.tianya.cn/list.jsp?item=131&sub=2
http://bbs.tianya.cn/list.jsp?item=131&sub=20
http://bbs.tianya.cn/list.jsp?item=131&sub=3
http://bbs.tianya.cn/list.jsp?item=131&sub=4
http://bbs.tianya.cn/list.jsp?item=131&sub=5
http://bbs.tianya.cn/list.jsp?item=131&sub=6
http://bbs.tianya.cn/list.jsp?item=131&sub=7
http://bbs.tianya.cn/list.jsp?item=131&sub=8
http://bbs.tianya.cn/list.jsp?item=131&sub=9
http://bbs.tianya.cn/list.jsp?item=137&order=1
http://bbs.tianya.cn/list.jsp?item=137&sub=1
http://bbs.tianya.cn/list.jsp?item=137&sub=2
http://bbs.tianya.cn/list.jsp?item=137&sub=3
http://bbs.tianya.cn/list.jsp?item=137&sub=4
http://bbs.tianya.cn/list.jsp?item=137&sub=5
http://bbs.tianya.cn/list.jsp?item=137&sub=6
http://bbs.tianya.cn/list.jsp?item=137&sub=7
http://bbs.tianya.cn/list.jsp?item=137&sub=8
http://bbs.tianya.cn/list.jsp?item=137&sub=9
http://bbs.tianya.cn/travel_index.jsp
http://bbs.tianya.cn
http://bbs.tianya.cn/
http://bbs.tianya.cn/bbs_user_search.jsp
http://bbs.tianya.cn/hotArticle.jsp
http://bbs.tianya.cn/list-100-1.shtml
http://bbs.tianya.cn/list-1005-1.shtml
http://bbs.tianya.cn/list-1012-1.shtml
http://bbs.tianya.cn/list-1013-1.shtml
http://bbs.tianya.cn/list-102-1.shtml
http://bbs.tianya.cn/list-1021-1.shtml
http://bbs.tianya.cn/list-103-1.shtml
http://bbs.tianya.cn/list-105-1.shtml
http://bbs.tianya.cn/list-106-1.shtml
http://bbs.tianya.cn/list-107-1.shtml
http://bbs.tianya.cn/list-108-1.shtml
http://bbs.tianya.cn/list-1089-1.shtml
http://bbs.tianya.cn/list-1090-1.shtml
http://bbs.tianya.cn/list-1095-1.shtml
http://bbs.tianya.cn/list-1108-1.shtml
http://bbs.tianya.cn/list-1109-1.shtml
http://bbs.tianya.cn/list-1110-1.shtml
http://bbs.tianya.cn/list-1124-1.shtml
http://bbs.tianya.cn/list-113-1.shtml
http://bbs.tianya.cn/list-1131-1.shtml
http://bbs.tianya.cn/list-1138-1.shtml
http://bbs.tianya.cn/list-1143-1.shtml
http://bbs.tianya.cn/list-1146-1.shtml
http://bbs.tianya.cn/list-1147-1.shtml
http://bbs.tianya.cn/list-1149-1.shtml
http://bbs.tianya.cn/list-1151-1.shtml
http://bbs.tianya.cn/list-1154-1.shtml
http://bbs.tianya.cn/list-1156-1.shtml
http://bbs.tianya.cn/list-1160-1.shtml
http://bbs.tianya.cn/list-1164-1.shtml
http://bbs.tianya.cn/list-1170-1.shtml
http://bbs.tianya.cn/list-1171-1.shtml
http://bbs.tianya.cn/list-1172-1.shtml
http://bbs.tianya.cn/list-12-1.shtml
http://bbs.tianya.cn/list-130-1.shtml
http://bbs.tianya.cn/list-131-1.shtml
http://bbs.tianya.cn/list-137-1.shtml
