http://bbs.tianya.cn/list-153-1.shtml
http://bbs.tianya.cn/list-54-1.shtml
http://bbs.tianya.cn/list-books-1.shtml
http://bbs.tianya.cn/list-play-1.shtml
http://bbs.tianya.cn/post-105-528172-1.shtml
http://bbs.tianya.cn/post-105-530992-1.shtml
http://bbs.tianya.cn/post-105-532582-1.shtml
http://bbs.tianya.cn/post-105-533198-1.shtml
http://bbs.tianya.cn/post-1095-201585-1.shtml
http://bbs.tianya.cn/post-1095-202228-1.shtml
http://bbs.tianya.cn/post-1095-202332-1.shtml
http://bbs.tianya.cn/post-1172-4-1.shtml
http://bbs.tianya.cn/post-142-562186-1.shtml
http://bbs.tianya.cn/post-142-567734-1.shtml
http://bbs.tianya.cn/post-16-1320751-1.shtml
http://bbs.tianya.cn/post-16-1330993-1.shtml
http://bbs.tianya.cn/post-16-1387827-1.shtml
http://bbs.tianya.cn/post-178-549170-1.shtml
http://bbs.tianya.cn/post-178-556401-1.shtml
http://bbs.tianya.cn/post-178-571183-1.shtml
http://bbs.tianya.cn/post-178-572645-1.shtml
http://bbs.tianya.cn/post-178-573114-1.shtml
http://bbs.tianya.cn/post-178-573849-1.shtml
http://bbs.tianya.cn/post-178-573961-1.shtml
http://bbs.tianya.cn/post-178-573965-1.shtml
http://bbs.tianya.cn/post-178-573981-1.shtml
http://bbs.tianya.cn/post-178-573984-1.shtml
http://bbs.tianya.cn/post-178-573987-1.shtml
http://bbs.tianya.cn/post-178-573994-1.shtml
http://bbs.tianya.cn/post-178-573995-1.shtml
http://bbs.tianya.cn/post-178-574000-1.shtml
http://bbs.tianya.cn/post-178-574004-1.shtml
http://bbs.tianya.cn/post-178-574008-1.shtml
http://bbs.tianya.cn/post-178-574011-1.shtml
http://bbs.tianya.cn/post-178-574015-1.shtml
http://bbs.tianya.cn/post-178-574016-1.shtml
http://bbs.tianya.cn/post-178-574017-1.shtml
http://bbs.tianya.cn/post-178-574023-1.shtml
http://bbs.tianya.cn/post-178-574024-1.shtml
http://bbs.tianya.cn/post-178-574026-1.shtml
http://bbs.tianya.cn/post-178-574029-1.shtml
http://bbs.tianya.cn/post-178-574037-1.shtml
http://bbs.tianya.cn/post-178-574039-1.shtml
http://bbs.tianya.cn/post-178-574041-1.shtml
http://bbs.tianya.cn/post-178-574044-1.shtml
http://bbs.tianya.cn/post-178-574049-1.shtml
http://bbs.tianya.cn/post-178-574050-1.shtml
http://bbs.tianya.cn/post-178-574053-1.shtml
http://bbs.tianya.cn/post-178-574056-1.shtml
http://bbs.tianya.cn/post-189-590363-1.shtml
http://bbs.tianya.cn/post-202-564111-1.shtml
http://bbs.tianya.cn/post-224-21128-1.shtml
http://bbs.tianya.cn/post-224-21521-1.shtml
http://bbs.tianya.cn/post-224-24286-1.shtml
http://bbs.tianya.cn/post-256-85573-1.shtml
http://bbs.tianya.cn/post-287-28010-1.shtml
http://bbs.tianya.cn/post-293-158621-1.shtml
http://bbs.tianya.cn/post-293-159013-1.shtml
http://bbs.tianya.cn/post-293-159144-1.shtml
http://bbs.tianya.cn/post-293-159165-1.shtml
http://bbs.tianya.cn/post-323-63072-1.shtml
http://bbs.tianya.cn/post-329-549972-1.shtml
http://bbs.tianya.cn/post-329-550064-1.shtml
http://bbs.tianya.cn/post-40-765048-1.shtml
http://bbs.tianya.cn/post-40-765188-1.shtml
http://bbs.tianya.cn/post-40-765530-1.shtml
http://bbs.tianya.cn/post-41-1236689-1.shtml
http://bbs.tianya.cn/post-41-1237384-1.shtml
http://bbs.tianya.cn/post-45-1728656-1.shtml
http://bbs.tianya.cn/post-45-1731144-1.shtml
http://bbs.tianya.cn/post-47-1580783-1.shtml
http://bbs.tianya.cn/post-474-42728-1.shtml
http://bbs.tianya.cn/post-5244-1416-1.shtml
http://bbs.tianya.cn/post-5244-1433-1.shtml
http://bbs.tianya.cn/post-665-1081189-1.shtml
http://bbs.tianya.cn/post-687-26445-1.shtml
http://bbs.tianya.cn/post-73-633642-1.shtml
http://bbs.tianya.cn/post-739-10574-1.shtml
http://bbs.tianya.cn/post-767-42352-1.shtml
http://bbs.tianya.cn/post-819-10321-1.shtml
http://bbs.tianya.cn/post-907-14974-1.shtml
http://bbs.tianya.cn/post-907-15106-1.shtml
http://bbs.tianya.cn/post-907-15352-1.shtml
http://bbs.tianya.cn/post-culture-979793-1.shtml
http://bbs.tianya.cn/post-develop-2118478-1.shtml
http://bbs.tianya.cn/post-develop-2156270-1.shtml
http://bbs.tianya.cn/post-develop-2160437-1.shtml
http://bbs.tianya.cn/post-feeling-4138947-1.shtml
http://bbs.tianya.cn/post-feeling-4140920-1.shtml
http://bbs.tianya.cn/post-free-5439941-1.shtml
http://bbs.tianya.cn/post-free-5527872-1.shtml
http://bbs.tianya.cn/post-free-5528500-1.shtml
http://bbs.tianya.cn/post-free-5529379-1.shtml
http://bbs.tianya.cn/post-free-5530097-1.shtml
http://bbs.tianya.cn/post-free-5531259-1.shtml
http://bbs.tianya.cn/post-free-5531397-1.shtml
http://bbs.tianya.cn/post-free-5531937-1.shtml
http://bbs.tianya.cn/post-funinfo-5390415-1.shtml
http://bbs.tianya.cn/post-funinfo-6980708-1.shtml
http://bbs.tianya.cn/post-funinfo-6986014-1.shtml
http://bbs.tianya.cn/post-funinfo-6996717-1.shtml
http://bbs.tianya.cn/post-funinfo-7000657-1.shtml
http://bbs.tianya.cn/post-funinfo-7000761-1.shtml
http://bbs.tianya.cn/post-funinfo-7000815-1.shtml
http://bbs.tianya.cn/post-funinfo-7000818-1.shtml
http://bbs.tianya.cn/post-funinfo-7001254-1.shtml
http://bbs.tianya.cn/post-funinfo-7001335-1.shtml
http://bbs.tianya.cn/post-funinfo-7001402-1.shtml
http://bbs.tianya.cn/post-funinfo-7001494-1.shtml
http://bbs.tianya.cn/post-funinfo-7001518-1.shtml
http://bbs.tianya.cn/post-funinfo-7001687-1.shtml
http://bbs.tianya.cn/post-funinfo-7002549-1.shtml
http://bbs.tianya.cn/post-funinfo-7002589-1.shtml
http://bbs.tianya.cn/post-funinfo-7002878-1.shtml
http://bbs.tianya.cn/post-funinfo-7003155-1.shtml
http://bbs.tianya.cn/post-funinfo-7003600-1.shtml
http://bbs.tianya.cn/post-funinfo-7003728-1.shtml
http://bbs.tianya.cn/post-funinfo-7003918-1.shtml
http://bbs.tianya.cn/post-house-664867-1.shtml
http://bbs.tianya.cn/post-house-664916-1.shtml
http://bbs.tianya.cn/post-house-665283-1.shtml
http://bbs.tianya.cn/post-news-351711-1.shtml
http://bbs.tianya.cn/post-no01-511642-1.shtml
http://bbs.tianya.cn/post-no04-2674723-1.shtml
http://bbs.tianya.cn/post-no04-2674777-1.shtml
http://bbs.tianya.cn/post-no04-2674783-1.shtml
http://bbs.tianya.cn/post-no04-2674810-1.shtml
http://bbs.tianya.cn/post-no04-2674822-1.shtml
http://bbs.tianya.cn/post-no04-2674824-1.shtml
http://bbs.tianya.cn/post-no04-2674831-1.shtml
http://bbs.tianya.cn/post-no04-2674859-1.shtml
http://bbs.tianya.cn/post-no04-2674867-1.shtml
http://bbs.tianya.cn/post-no04-2674883-1.shtml
http://bbs.tianya.cn/post-no04-2674917-1.shtml
http://bbs.tianya.cn/post-spirit-214733-1.shtml
http://bbs.tianya.cn/post-spirit-214792-1.shtml
http://bbs.tianya.cn/post-spirit-214890-1.shtml
http://bbs.tianya.cn/post-spirit-214900-1.shtml
http://bbs.tianya.cn/post-spirit-214995-1.shtml
http://bbs.tianya.cn/post-spirit-215241-1.shtml
http://bbs.tianya.cn/post-spirit-215346-1.shtml
http://bbs.tianya.cn/post-spirit-215353-1.shtml
http://bbs.tianya.cn/post-stocks-1216738-1.shtml
http://bbs.tianya.cn/post-stocks-1408771-1.shtml
http://bbs.tianya.cn/post-stocks-1424084-1.shtml
http://bbs.tianya.cn/post-stocks-1431370-1.shtml
http://bbs.tianya.cn/post-stocks-1458495-1.shtml
http://bbs.tianya.cn/post-stocks-1651783-1.shtml
http://bbs.tianya.cn/post-stocks-1682933-1.shtml
http://bbs.tianya.cn/post-stocks-1699587-1.shtml
http://bbs.tianya.cn/post-stocks-1737733-1.shtml
http://bbs.tianya.cn/post-travel-773056-1.shtml
http://bbs.tianya.cn/post-travel-773390-1.shtml
http://bbs.tianya.cn/post-worldlook-1703004-1.shtml
http://bbs.tianya.cn/post-worldlook-1703830-1.shtml
http://bbs.tianya.cn/post-worldlook-1703839-1.shtml
http://bbs.tianya.cn/post-worldlook-1703954-1.shtml
http://bbs.tianya.cn/post-worldlook-1704209-1.shtml
http://bbs.tianya.cn/post-worldlook-1704560-1.shtml
http://bbs.tianya.cn/post-worldlook-1704584-1.shtml
http://bbs.tianya.cn/post-worldlook-1704918-1.shtml
http://bbs.tianya.cn/post-worldlook-1705270-1.shtml
http://bbs.tianya.cn/post-worldlook-1706176-1.shtml
