http://www.ynsf.ccoo.cn/post/fangwu/xq/22158/
http://www.ynsf.ccoo.cn/post/fangwu/xq/22159/
http://www.ynsf.ccoo.cn/post/fangwu/xq/22160/
http://www.ynsf.ccoo.cn/post/fangwu/xq/22161/
http://www.ynsf.ccoo.cn/post/fangwu/xq/24449/
http://www.ynsf.ccoo.cn/post/fangwu/xq/3098/
http://www.ynsf.ccoo.cn/post/fangwu/zj/jjr/
http://www.ynsf.ccoo.cn/post/jianzhi/
http://www.ynsf.ccoo.cn/post/jiaoyou/pn1/2/
http://www.ynsf.ccoo.cn/post/pet/hua/
http://www.ynsf.ccoo.cn/post/pet/lost/
http://www.ynsf.ccoo.cn/post/pet/mao/
http://www.ynsf.ccoo.cn/post/pet/qiqu/
http://www.ynsf.ccoo.cn/post/pet/zengsong/
http://www.ynsf.ccoo.cn/post/qiuzhi/
http://www.ynsf.ccoo.cn/post/shangji/
http://www.ynsf.ccoo.cn/post/shenghuo/
http://www.ynsf.ccoo.cn/post/shenghuo/canyin/
http://www.ynsf.ccoo.cn/post/shenghuo/gonggong/
http://www.ynsf.ccoo.cn/post/shenghuo/hunqing/
http://www.ynsf.ccoo.cn/post/shenghuo/jiameng/
http://www.ynsf.ccoo.cn/post/shenghuo/jiaoyu/
http://www.ynsf.ccoo.cn/post/shenghuo/jiazheng/
http://www.ynsf.ccoo.cn/post/shenghuo/lvyou/
http://www.ynsf.ccoo.cn/post/shenghuo/nongye/
http://www.ynsf.ccoo.cn/post/shenghuo/pifa/
http://www.ynsf.ccoo.cn/post/shenghuo/qiche/
http://www.ynsf.ccoo.cn/post/shenghuo/shangwu/
http://www.ynsf.ccoo.cn/post/shenghuo/yiliao/
http://www.ynsf.ccoo.cn/post/shenghuo/yule/
http://www.ynsf.ccoo.cn/post/shenghuo/zhuangxiu/
http://www.ynsf.ccoo.cn/post/xinloupan/
http://www.ynsf.ccoo.cn/post/zhaopin/
http://www.ynsf.ccoo.cn/post/zhaopin/bbs/
http://www.ynsf.ccoo.cn/post/zhaopin/gongjuxiang/
http://www.ynsf.ccoo.cn/post/zhaopin/zhichangzixun/
http://www.ynsf.ccoo.cn/qiche/
http://www.ynsf.ccoo.cn/qy/
http://www.ynsf.ccoo.cn/shop/
http://www.ynsf.ccoo.cn/store/
http://www.ynsf.ccoo.cn/store/card/
http://www.ynsf.ccoo.cn/store/shop/
http://www.ynsf.ccoo.cn/store/tuangou/
http://www.ynsf.ccoo.cn/tieba/
http://www.ynsf.ccoo.cn/tuan/
http://www.ynsf.ccoo.cn/wap/
http://www.ynsf.ccoo.cn/wb/
http://www.ynsf.ccoo.cn/weather/
http://www.ynsf.ccoo.cn/wed/
http://www.ynsf.ccoo.cn/wz/
http://www.ynsf.ccoo.cn/youhui/
http://www.ynsf.ccoo.cn/yp/
http://www.ynsf.ccoo.cn/yp/advanced_search/
http://www.ynsf.ccoo.cn/yp/all/
http://www.ynsf.ccoo.cn/
http://www.ynsf.ccoo.cn/ad/
http://www.ynsf.ccoo.cn/auto/
http://www.ynsf.ccoo.cn/auto/album/
http://www.ynsf.ccoo.cn/auto/bbs/
http://www.ynsf.ccoo.cn/auto/news/
http://www.ynsf.ccoo.cn/auto/product/
http://www.ynsf.ccoo.cn/auto/shop/
http://www.ynsf.ccoo.cn/baby/
http://www.ynsf.ccoo.cn/baby/bbs/
http://www.ynsf.ccoo.cn/baby/news/
http://www.ynsf.ccoo.cn/baby/shop/
http://www.ynsf.ccoo.cn/bendi/
http://www.ynsf.ccoo.cn/bianmin/
http://www.ynsf.ccoo.cn/bianmin/jiaotongzhinan/
http://www.ynsf.ccoo.cn/bus/
http://www.ynsf.ccoo.cn/cuxiao/
http://www.ynsf.ccoo.cn/forum/
http://www.ynsf.ccoo.cn/forum/board-127004-1-1.html
http://www.ynsf.ccoo.cn/forum/board-127222-1-1.html
http://www.ynsf.ccoo.cn/forum/board-127454-1-1.html
http://www.ynsf.ccoo.cn/forum/board-127525-1-1.html
http://www.ynsf.ccoo.cn/forum/board-127912-1-1.html
http://www.ynsf.ccoo.cn/forum/board-59673-1-1.html
http://www.ynsf.ccoo.cn/forum/board-59676-1-1.html
http://www.ynsf.ccoo.cn/forum/board-59708-1-1.html
http://www.ynsf.ccoo.cn/forum/board-59709-1-1.html
http://www.ynsf.ccoo.cn/forum/board-59713-1-1.html
http://www.ynsf.ccoo.cn/forum/board-59722-1-1.html
http://www.ynsf.ccoo.cn/forum/board-59823-1-1.html
http://www.ynsf.ccoo.cn/forum/board-59877-1-1.html
http://www.ynsf.ccoo.cn/forum/board-59988-1-1.html
http://www.ynsf.ccoo.cn/forum/board-61399-1-1.html
http://www.ynsf.ccoo.cn/forum/board-62393-1-1.html
http://www.ynsf.ccoo.cn/forum/board-63295-1-1.html
http://www.ynsf.ccoo.cn/forum/board-63943-1-1.html
http://www.ynsf.ccoo.cn/forum/board-63948-1-1.html
http://www.ynsf.ccoo.cn/forum/board-65887-1-1.html
http://www.ynsf.ccoo.cn/forum/user/
http://www.ynsf.ccoo.cn/home/
http://www.ynsf.ccoo.cn/home/bbs/
http://www.ynsf.ccoo.cn/home/case/
http://www.ynsf.ccoo.cn/home/jl/
http://www.ynsf.ccoo.cn/home/jz/
http://www.ynsf.ccoo.cn/home/news/
http://www.ynsf.ccoo.cn/home/product/
http://www.ynsf.ccoo.cn/home/shigong/
http://www.ynsf.ccoo.cn/home/shop/
http://www.ynsf.ccoo.cn/home/tc/
http://www.ynsf.ccoo.cn/home/tuangou/
http://www.ynsf.ccoo.cn/home/zhaobiao/
http://www.ynsf.ccoo.cn/home/zx/
http://www.ynsf.ccoo.cn/hotel/
http://www.ynsf.ccoo.cn/hotel/product/
http://www.ynsf.ccoo.cn/hotel/shop/
http://www.ynsf.ccoo.cn/huoche/
http://www.ynsf.ccoo.cn/jiang/
http://www.ynsf.ccoo.cn/meishi/
http://www.ynsf.ccoo.cn/meishi/bbs/
http://www.ynsf.ccoo.cn/meishi/news/
http://www.ynsf.ccoo.cn/meishi/phonebook/
http://www.ynsf.ccoo.cn/meishi/shop/
http://www.ynsf.ccoo.cn/meishi/tj/
http://www.ynsf.ccoo.cn/meishi/video/
http://www.ynsf.ccoo.cn/news/
http://www.ynsf.ccoo.cn/news/auto/
http://www.ynsf.ccoo.cn/news/baoliao/
http://www.ynsf.ccoo.cn/news/home/
http://www.ynsf.ccoo.cn/news/house/
http://www.ynsf.ccoo.cn/news/local/
http://www.ynsf.ccoo.cn/news/marry/
http://www.ynsf.ccoo.cn/news/meishi/
http://www.ynsf.ccoo.cn/news/photo/
http://www.ynsf.ccoo.cn/news/video/
http://www.ynsf.ccoo.cn/phonebook/
http://www.ynsf.ccoo.cn/phonebook/16695/
http://www.ynsf.ccoo.cn/phonebook/16695/pn2/
http://www.ynsf.ccoo.cn/phonebook/16695/pn3/
http://www.ynsf.ccoo.cn/phonebook/16695/pn4/
http://www.ynsf.ccoo.cn/phonebook/16696/
http://www.ynsf.ccoo.cn/phonebook/16697/
http://www.ynsf.ccoo.cn/phonebook/16699/
http://www.ynsf.ccoo.cn/phonebook/16699/pn1/
http://www.ynsf.ccoo.cn/phonebook/16699/pn2/
http://www.ynsf.ccoo.cn/phonebook/16700/
http://www.ynsf.ccoo.cn/phonebook/16968/
http://www.ynsf.ccoo.cn/phonebook/16968/pn2/
http://www.ynsf.ccoo.cn/phonebook/16968/pn3/
http://www.ynsf.ccoo.cn/phonebook/16968/pn4/
http://www.ynsf.ccoo.cn/phonebook/16968/pn5/
http://www.ynsf.ccoo.cn/phonebook/27/
http://www.ynsf.ccoo.cn/phonebook/27/pn1/
http://www.ynsf.ccoo.cn/phonebook/27/pn2/
http://www.ynsf.ccoo.cn/phonebook/28/
http://www.ynsf.ccoo.cn/phonebook/28/pn1/
http://www.ynsf.ccoo.cn/phonebook/28/pn2/
http://www.ynsf.ccoo.cn/phonebook/30/
http://www.ynsf.ccoo.cn/phonebook/31/
http://www.ynsf.ccoo.cn/phonebook/35/
http://www.ynsf.ccoo.cn/phonebook/36/
http://www.ynsf.ccoo.cn/phonebook/all/
http://www.ynsf.ccoo.cn/phonebook/all/pn10/
http://www.ynsf.ccoo.cn/phonebook/all/pn11/
http://www.ynsf.ccoo.cn/phonebook/all/pn12/
http://www.ynsf.ccoo.cn/phonebook/all/pn13/
http://www.ynsf.ccoo.cn/phonebook/all/pn14/
http://www.ynsf.ccoo.cn/phonebook/all/pn15/
http://www.ynsf.ccoo.cn/phonebook/all/pn2/
http://www.ynsf.ccoo.cn/phonebook/all/pn3/
http://www.ynsf.ccoo.cn/phonebook/all/pn4/
http://www.ynsf.ccoo.cn/phonebook/all/pn5/
http://www.ynsf.ccoo.cn/phonebook/all/pn6/
http://www.ynsf.ccoo.cn/phonebook/all/pn7/
http://www.ynsf.ccoo.cn/phonebook/all/pn8/
http://www.ynsf.ccoo.cn/phonebook/all/pn9/
http://www.ynsf.ccoo.cn/post/
http://www.ynsf.ccoo.cn/post/cheliang/
http://www.ynsf.ccoo.cn/post/cheliang/4sdian/
http://www.ynsf.ccoo.cn/post/cheliang/diandongche/
http://www.ynsf.ccoo.cn/post/cheliang/ershouqiche/
http://www.ynsf.ccoo.cn/post/cheliang/huoche/
http://www.ynsf.ccoo.cn/post/cheliang/motuoche/
http://www.ynsf.ccoo.cn/post/cheliang/peijian/
http://www.ynsf.ccoo.cn/post/cheliang/pinche/
http://www.ynsf.ccoo.cn/post/cheliang/pn1/
http://www.ynsf.ccoo.cn/post/cheliang/pn2/
http://www.ynsf.ccoo.cn/post/cheliang/pn3/
http://www.ynsf.ccoo.cn/post/cheliang/sanlunche/
http://www.ynsf.ccoo.cn/post/cheliang/tuolaji/
http://www.ynsf.ccoo.cn/post/cheliang/xinchemaimai/
http://www.ynsf.ccoo.cn/post/cheliang/zixingche/
http://www.ynsf.ccoo.cn/post/cheliang/zulin/
http://www.ynsf.ccoo.cn/post/ershou/
http://www.ynsf.ccoo.cn/post/ershou/bangong/
http://www.ynsf.ccoo.cn/post/ershou/baojian/
http://www.ynsf.ccoo.cn/post/ershou/diannao/
http://www.ynsf.ccoo.cn/post/ershou/fushi/
http://www.ynsf.ccoo.cn/post/ershou/haoma/
http://www.ynsf.ccoo.cn/post/ershou/jiadian/
http://www.ynsf.ccoo.cn/post/ershou/jiaju/
http://www.ynsf.ccoo.cn/post/ershou/lipin/
http://www.ynsf.ccoo.cn/post/ershou/muying/
http://www.ynsf.ccoo.cn/post/ershou/pn1/
http://www.ynsf.ccoo.cn/post/ershou/pn2/
http://www.ynsf.ccoo.cn/post/ershou/qita/
http://www.ynsf.ccoo.cn/post/ershou/riyong/
http://www.ynsf.ccoo.cn/post/ershou/shougou/
http://www.ynsf.ccoo.cn/post/ershou/shouji/
http://www.ynsf.ccoo.cn/post/ershou/shu/
http://www.ynsf.ccoo.cn/post/ershou/shuma/
http://www.ynsf.ccoo.cn/post/ershou/yundong/
http://www.ynsf.ccoo.cn/post/ershousj/
http://www.ynsf.ccoo.cn/post/fabu/
http://www.ynsf.ccoo.cn/post/fangwu/
http://www.ynsf.ccoo.cn/post/fangwu/chudui/
http://www.ynsf.ccoo.cn/post/fangwu/chushou/
http://www.ynsf.ccoo.cn/post/fangwu/chushou/zj/zj_8081/
http://www.ynsf.ccoo.cn/post/fangwu/chushoushipin/
http://www.ynsf.ccoo.cn/post/fangwu/chuzu/
http://www.ynsf.ccoo.cn/post/fangwu/chuzushipin/
http://www.ynsf.ccoo.cn/post/fangwu/fangjia/
http://www.ynsf.ccoo.cn/post/fangwu/home/
http://www.ynsf.ccoo.cn/post/fangwu/qiugou/
http://www.ynsf.ccoo.cn/post/fangwu/qiuzu/
http://www.ynsf.ccoo.cn/post/fangwu/xq/
http://www.ynsf.ccoo.cn/post/fangwu/xq/22118/
http://www.ynsf.ccoo.cn/post/fangwu/xq/22119/
http://www.ynsf.ccoo.cn/post/fangwu/xq/22121/
http://www.ynsf.ccoo.cn/post/fangwu/xq/22123/
http://www.ynsf.ccoo.cn/post/fangwu/xq/22130/
http://www.ynsf.ccoo.cn/post/fangwu/xq/22131/
http://www.ynsf.ccoo.cn/post/fangwu/xq/22132/
http://www.ynsf.ccoo.cn/post/fangwu/xq/22133/
http://www.ynsf.ccoo.cn/post/fangwu/xq/22134/
http://www.ynsf.ccoo.cn/post/fangwu/xq/22135/
http://www.ynsf.ccoo.cn/post/fangwu/xq/22136/
http://www.ynsf.ccoo.cn/post/fangwu/xq/22137/
http://www.ynsf.ccoo.cn/post/fangwu/xq/22138/
http://www.ynsf.ccoo.cn/post/fangwu/xq/22139/
http://www.ynsf.ccoo.cn/post/fangwu/xq/22143/
http://www.ynsf.ccoo.cn/post/fangwu/xq/22144/
http://www.ynsf.ccoo.cn/post/fangwu/xq/22145/
http://www.ynsf.ccoo.cn/post/fangwu/xq/22146/
http://www.ynsf.ccoo.cn/post/fangwu/xq/22147/
http://www.ynsf.ccoo.cn/post/fangwu/zj/
http://www.ynsf.ccoo.cn/post/jiaoyou/
http://www.ynsf.ccoo.cn/post/job/
http://www.ynsf.ccoo.cn/post/peixun/
http://www.ynsf.ccoo.cn/post/pet/
http://www.ynsf.ccoo.cn/post/pet/fuwu/
http://www.ynsf.ccoo.cn/post/pet/gou/
