http://bbs.tianya.cn/post-293-159752-1.shtml
http://bbs.tianya.cn/post-1005-11374-1.shtml
http://bbs.tianya.cn/post-108-549363-1.shtml
http://bbs.tianya.cn/post-108-549395-1.shtml
http://bbs.tianya.cn/post-1012-23352-1.shtml
http://bbs.tianya.cn/post-1013-11784-1.shtml
http://bbs.tianya.cn/post-100-1083610-1.shtml
http://bbs.tianya.cn/post-1005-8814-1.shtml
http://bbs.tianya.cn/post-107-516832-1.shtml
http://bbs.tianya.cn/post-106-551244-1.shtml
http://bbs.tianya.cn/post-1005-11209-1.shtml
http://bbs.tianya.cn/post-103-566988-1.shtml
http://bbs.tianya.cn/post-106-543770-1.shtml
http://bbs.tianya.cn/compose.jsp?item=106&sub=%E5%85%A8%E9%83%A8
http://bbs.tianya.cn/post-spirit-216130-1.shtml
http://bbs.tianya.cn/post-1021-12124-1.shtml
http://bbs.tianya.cn/post-108-537520-1.shtml
http://bbs.tianya.cn/post-245-8357-1.shtml
http://bbs.tianya.cn/post-100-2000998-1.shtml
http://bbs.tianya.cn/post-108-549355-1.shtml
http://bbs.tianya.cn/post-107-525159-1.shtml
http://bbs.tianya.cn/post-102-540447-1.shtml
http://bbs.tianya.cn/post-1090-1100-1.shtml
http://bbs.tianya.cn/post-1089-46566-1.shtml
http://bbs.tianya.cn/post-1021-734-1.shtml
http://bbs.tianya.cn/post-108-549354-1.shtml
http://bbs.tianya.cn/post-107-513072-1.shtml
http://bbs.tianya.cn/post-1090-939-1.shtml
http://bbs.tianya.cn/post-1012-5792-1.shtml
http://bbs.tianya.cn/post-1005-4842-1.shtml
http://bbs.tianya.cn/post-1095-212175-1.shtml
http://bbs.tianya.cn/post-1012-6763-1.shtml
http://bbs.tianya.cn/post-1090-3279-1.shtml
http://bbs.tianya.cn/post-102-529116-1.shtml
http://bbs.tianya.cn/post-106-550425-1.shtml
http://bbs.tianya.cn/post-1012-27055-1.shtml
http://bbs.tianya.cn/post-103-560815-1.shtml
http://bbs.tianya.cn/post-107-521712-1.shtml
http://bbs.tianya.cn/post-105-529668-1.shtml
http://bbs.tianya.cn/post-108-548435-1.shtml
http://bbs.tianya.cn/post-100-1912392-1.shtml
http://bbs.tianya.cn/post-1005-6270-1.shtml
http://bbs.tianya.cn/post-1090-3259-1.shtml
http://bbs.tianya.cn/post-1090-1494-1.shtml
http://bbs.tianya.cn/post-44-637994-1.shtml
http://bbs.tianya.cn/post-108-549353-1.shtml
http://bbs.tianya.cn/post-1012-27236-1.shtml
http://bbs.tianya.cn/post-107-514290-1.shtml
http://bbs.tianya.cn/post-1005-7149-1.shtml
http://bbs.tianya.cn/post-665-1093273-1.shtml
http://bbs.tianya.cn/post-907-17456-1.shtml
http://bbs.tianya.cn/post-funinfo-7058154-1.shtml
http://bbs.tianya.cn/post-1013-11808-1.shtml
http://bbs.tianya.cn/post-1089-44912-1.shtml
http://bbs.tianya.cn/post-1089-44427-1.shtml
http://bbs.tianya.cn/post-1005-7049-1.shtml
http://bbs.tianya.cn/post-105-530175-1.shtml
http://bbs.tianya.cn/post-100-2001326-1.shtml
http://bbs.tianya.cn/post-102-540364-1.shtml
http://bbs.tianya.cn/post-1090-3246-1.shtml
http://bbs.tianya.cn/post-105-532397-1.shtml
http://bbs.tianya.cn/post-107-189324-1.shtml
http://bbs.tianya.cn/post-1089-46344-1.shtml
http://bbs.tianya.cn/post-103-541385-1.shtml
http://bbs.tianya.cn/post-1089-46575-1.shtml
http://bbs.tianya.cn/post-105-529266-1.shtml
http://bbs.tianya.cn/post-1089-16488-1.shtml
http://bbs.tianya.cn/post-1021-861-1.shtml
http://bbs.tianya.cn/post-1005-10745-1.shtml
http://bbs.tianya.cn/post-105-529933-1.shtml
http://bbs.tianya.cn/post-100-716913-1.shtml
http://bbs.tianya.cn/post-102-540416-1.shtml
http://bbs.tianya.cn/post-107-522872-1.shtml
http://bbs.tianya.cn/post-1012-27161-1.shtml
http://bbs.tianya.cn/post-1090-3271-1.shtml
http://bbs.tianya.cn/post-no01-512371-1.shtml
http://bbs.tianya.cn/post-1089-46418-1.shtml
http://bbs.tianya.cn/post-105-534197-1.shtml
http://bbs.tianya.cn/post-103-567049-1.shtml
http://bbs.tianya.cn/post-funinfo-7059633-1.shtml
http://bbs.tianya.cn/post-1013-10101-1.shtml
http://bbs.tianya.cn/post-stocks-1687297-1.shtml
http://bbs.tianya.cn/post-108-542437-1.shtml
http://bbs.tianya.cn/post-1089-42718-1.shtml
http://bbs.tianya.cn/post-stocks-1773297-1.shtml
http://bbs.tianya.cn/post-1013-10248-1.shtml
http://bbs.tianya.cn/post-1012-27082-1.shtml
http://bbs.tianya.cn/post-107-523585-1.shtml
http://bbs.tianya.cn/post-1089-45655-1.shtml
http://bbs.tianya.cn/post-1090-3308-1.shtml
http://bbs.tianya.cn/post-100-1982569-1.shtml
http://bbs.tianya.cn/post-1170-423-1.shtml
http://bbs.tianya.cn/post-106-551520-1.shtml
http://bbs.tianya.cn/post-1012-27306-1.shtml
http://bbs.tianya.cn/post-107-512348-1.shtml
http://bbs.tianya.cn/post-1021-11228-1.shtml
http://bbs.tianya.cn/post-105-533649-1.shtml
http://bbs.tianya.cn/post-1090-375-1.shtml
http://bbs.tianya.cn/post-1013-8876-1.shtml
http://bbs.tianya.cn/post-105-534242-1.shtml
http://bbs.tianya.cn/post-102-540228-1.shtml
http://bbs.tianya.cn/post-1013-11749-1.shtml
http://bbs.tianya.cn/post-funinfo-7058777-1.shtml
http://bbs.tianya.cn/post-102-540497-1.shtml
http://bbs.tianya.cn/post-develop-2169134-1.shtml
http://bbs.tianya.cn/post-108-549367-1.shtml
http://bbs.tianya.cn/post-105-528283-1.shtml
http://bbs.tianya.cn/post-103-567030-1.shtml
http://bbs.tianya.cn/post-1090-3223-1.shtml
http://bbs.tianya.cn/post-1013-9591-1.shtml
http://bbs.tianya.cn/post-1013-11745-1.shtml
http://bbs.tianya.cn/post-100-2001255-1.shtml
http://bbs.tianya.cn/post-106-536310-1.shtml
http://bbs.tianya.cn/post-1005-4609-1.shtml
http://bbs.tianya.cn/post-1021-821-1.shtml
http://bbs.tianya.cn/post-1090-3211-1.shtml
http://bbs.tianya.cn/post-no04-2680246-1.shtml
http://bbs.tianya.cn/post-no04-2679702-1.shtml
http://bbs.tianya.cn/post-100-1999185-1.shtml
http://bbs.tianya.cn/post-1021-10929-1.shtml
http://bbs.tianya.cn/post-105-533723-1.shtml
http://bbs.tianya.cn/post-102-540474-1.shtml
http://bbs.tianya.cn/post-1089-46592-1.shtml
http://bbs.tianya.cn/post-1013-11778-1.shtml
http://bbs.tianya.cn/post-spirit-216357-1.shtml
http://bbs.tianya.cn/post-1090-3266-1.shtml
http://bbs.tianya.cn/post-16-772452-1.shtml
http://bbs.tianya.cn/post-105-533198-1.shtml
http://bbs.tianya.cn/post-105-528506-1.shtml
http://bbs.tianya.cn/post-1005-11371-1.shtml
http://bbs.tianya.cn/post-1013-10710-1.shtml
http://bbs.tianya.cn/post-1005-11411-1.shtml
http://bbs.tianya.cn/post-108-549328-1.shtml
http://bbs.tianya.cn/post-105-530979-1.shtml
http://bbs.tianya.cn/post-105-530992-1.shtml
http://bbs.tianya.cn/post-1013-10284-1.shtml
http://bbs.tianya.cn/post-16-1019021-1.shtml
http://bbs.tianya.cn/post-no04-2680252-1.shtml
http://bbs.tianya.cn/post-1089-45653-1.shtml
http://bbs.tianya.cn/compose.jsp?item=108&sub=%E5%85%A8%E9%83%A8
http://bbs.tianya.cn/post-108-549291-1.shtml
http://bbs.tianya.cn/post-107-518335-1.shtml
http://bbs.tianya.cn/post-1013-11798-1.shtml
http://bbs.tianya.cn/post-1021-12066-1.shtml
http://bbs.tianya.cn/post-stocks-1774555-1.shtml
http://bbs.tianya.cn/post-1021-12167-1.shtml
http://bbs.tianya.cn/post-107-48418-1.shtml
http://bbs.tianya.cn/post-1013-4714-1.shtml
http://bbs.tianya.cn/post-100-633949-1.shtml
http://bbs.tianya.cn/post-105-531175-1.shtml
http://bbs.tianya.cn/post-103-566996-1.shtml
http://bbs.tianya.cn/post-100-1960600-1.shtml
http://bbs.tianya.cn/post-1089-46537-1.shtml
http://bbs.tianya.cn/post-107-525156-1.shtml
http://bbs.tianya.cn/post-1021-12135-1.shtml
http://bbs.tianya.cn/post-1021-12155-1.shtml
http://bbs.tianya.cn/post-108-549285-1.shtml
http://bbs.tianya.cn/post-100-1975209-1.shtml
http://bbs.tianya.cn/post-1089-43894-1.shtml
http://bbs.tianya.cn/post-102-538570-1.shtml
http://bbs.tianya.cn/post-106-541672-1.shtml
http://bbs.tianya.cn/post-1089-46603-1.shtml
http://bbs.tianya.cn/post-no04-2680340-1.shtml
http://bbs.tianya.cn/post-1005-11226-1.shtml
http://bbs.tianya.cn/post-spirit-216720-1.shtml
http://bbs.tianya.cn/post-100-570638-1.shtml
http://bbs.tianya.cn/post-100-2000137-1.shtml
http://bbs.tianya.cn/post-1013-11779-1.shtml
http://bbs.tianya.cn/post-stocks-1216738-1.shtml
http://bbs.tianya.cn/post-106-544370-1.shtml
http://bbs.tianya.cn/post-1021-12110-1.shtml
http://bbs.tianya.cn/post-45-1733019-1.shtml
http://bbs.tianya.cn/post-1021-12176-1.shtml
http://bbs.tianya.cn/post-103-566396-1.shtml
http://bbs.tianya.cn/post-1089-46178-1.shtml
http://bbs.tianya.cn/post-1090-3304-1.shtml
http://bbs.tianya.cn/post-100-1993743-1.shtml
http://bbs.tianya.cn/post-108-549359-1.shtml
http://bbs.tianya.cn/post-1021-12035-1.shtml
http://bbs.tianya.cn/post-1005-11367-1.shtml
http://bbs.tianya.cn/post-1005-11178-1.shtml
http://bbs.tianya.cn/post-1021-12181-1.shtml
http://bbs.tianya.cn/post-1013-11797-1.shtml
http://bbs.tianya.cn/post-tianyaphoto-128434-1.shtml
http://bbs.tianya.cn/post-1090-3263-1.shtml
http://bbs.tianya.cn/post-907-17277-1.shtml
http://bbs.tianya.cn/post-103-567022-1.shtml
http://bbs.tianya.cn/post-1021-12138-1.shtml
http://bbs.tianya.cn/post-1089-46594-1.shtml
http://bbs.tianya.cn/post-105-534132-1.shtml
http://bbs.tianya.cn/post-106-551548-1.shtml
http://bbs.tianya.cn/post-funinfo-5390415-1.shtml
http://bbs.tianya.cn/post-108-549373-1.shtml
http://bbs.tianya.cn/post-1021-12078-1.shtml
http://bbs.tianya.cn/post-100-1286683-1.shtml
http://bbs.tianya.cn/post-funinfo-7055156-1.shtml
http://bbs.tianya.cn/post-102-540402-1.shtml
http://bbs.tianya.cn/post-105-530046-1.shtml
http://bbs.tianya.cn/post-769-19347-1.shtml
http://bbs.tianya.cn/post-1013-11803-1.shtml
http://bbs.tianya.cn/post-100-2001200-1.shtml
http://bbs.tianya.cn/post-107-514071-1.shtml
http://bbs.tianya.cn/post-284-614146-1.shtml
http://bbs.tianya.cn/post-107-517586-1.shtml
http://bbs.tianya.cn/post-1005-11382-1.shtml
http://bbs.tianya.cn/post-103-567004-1.shtml
http://bbs.tianya.cn/post-108-549366-1.shtml
http://bbs.tianya.cn/post-103-564401-1.shtml
http://bbs.tianya.cn/post-106-551546-1.shtml
http://bbs.tianya.cn/post-102-540456-1.shtml
http://bbs.tianya.cn/post-1013-1821-1.shtml
http://bbs.tianya.cn/post-103-567032-1.shtml
http://bbs.tianya.cn/post-107-519601-1.shtml
http://bbs.tianya.cn/post-106-532364-1.shtml
http://bbs.tianya.cn/post-1095-212303-1.shtml
http://bbs.tianya.cn/post-102-540453-1.shtml
http://bbs.tianya.cn/post-16-1320751-1.shtml
http://bbs.tianya.cn/post-103-567057-1.shtml
http://bbs.tianya.cn/post-1012-15920-1.shtml
http://bbs.tianya.cn/post-1012-24116-1.shtml
http://bbs.tianya.cn/post-1090-1319-1.shtml
http://bbs.tianya.cn/post-100-1972553-1.shtml
http://bbs.tianya.cn/post-107-515417-1.shtml
http://bbs.tianya.cn/post-108-536160-1.shtml
http://bbs.tianya.cn/post-1090-3258-1.shtml
http://bbs.tianya.cn/post-769-19344-1.shtml
http://bbs.tianya.cn/post-108-547471-1.shtml
http://bbs.tianya.cn/post-1089-46590-1.shtml
http://bbs.tianya.cn/post-100-1981207-1.shtml
http://bbs.tianya.cn/post-1089-46257-1.shtml
http://bbs.tianya.cn/post-108-542504-1.shtml
http://bbs.tianya.cn/post-103-567037-1.shtml
http://bbs.tianya.cn/post-106-549206-1.shtml
http://bbs.tianya.cn/post-102-538153-1.shtml
http://bbs.tianya.cn/post-100-1992361-1.shtml
http://bbs.tianya.cn/post-106-545135-1.shtml
http://bbs.tianya.cn/post-1012-10813-1.shtml
http://bbs.tianya.cn/post-100-2001375-1.shtml
http://bbs.tianya.cn/post-free-5536197-1.shtml
http://bbs.tianya.cn/post-103-541128-1.shtml
http://bbs.tianya.cn/post-107-520385-1.shtml
http://bbs.tianya.cn/post-105-534091-1.shtml
http://bbs.tianya.cn/post-106-551540-1.shtml
http://bbs.tianya.cn/post-1013-11812-1.shtml
http://bbs.tianya.cn/post-stocks-1458495-1.shtml
http://bbs.tianya.cn/post-100-1972532-1.shtml
http://bbs.tianya.cn/post-103-567047-1.shtml
http://bbs.tianya.cn/post-103-567038-1.shtml
http://bbs.tianya.cn/post-1089-46589-1.shtml
http://bbs.tianya.cn/post-107-525133-1.shtml
http://bbs.tianya.cn/post-1013-11790-1.shtml
http://bbs.tianya.cn/post-1005-11196-1.shtml
http://bbs.tianya.cn/post-105-529719-1.shtml
http://bbs.tianya.cn/post-1012-27310-1.shtml
http://bbs.tianya.cn/post-102-540227-1.shtml
http://bbs.tianya.cn/post-103-567048-1.shtml
http://bbs.tianya.cn/post-1005-6415-1.shtml
http://bbs.tianya.cn/post-1090-3283-1.shtml
http://bbs.tianya.cn/post-102-540242-1.shtml
http://bbs.tianya.cn/post-103-567036-1.shtml
http://bbs.tianya.cn/post-1013-11769-1.shtml
http://bbs.tianya.cn/post-107-524780-1.shtml
http://bbs.tianya.cn/post-1013-7917-1.shtml
http://bbs.tianya.cn/post-funinfo-7058191-1.shtml
http://bbs.tianya.cn/post-102-540244-1.shtml
http://bbs.tianya.cn/post-102-540351-1.shtml
http://bbs.tianya.cn/post-102-144637-1.shtml
http://bbs.tianya.cn/post-105-529025-1.shtml
http://bbs.tianya.cn/post-107-517212-1.shtml
http://bbs.tianya.cn/post-spirit-215925-1.shtml
http://bbs.tianya.cn/post-funinfo-7045465-1.shtml
http://bbs.tianya.cn/post-stocks-1746414-1.shtml
http://bbs.tianya.cn/post-1089-46510-1.shtml
http://bbs.tianya.cn/post-107-521858-1.shtml
http://bbs.tianya.cn/post-1021-319-1.shtml
http://bbs.tianya.cn/post-100-2001383-1.shtml
http://bbs.tianya.cn/post-665-1093282-1.shtml
http://bbs.tianya.cn/post-1021-12184-1.shtml
http://bbs.tianya.cn/post-1021-1931-1.shtml
http://bbs.tianya.cn/post-1090-3249-1.shtml
http://bbs.tianya.cn/post-1021-12182-1.shtml
http://bbs.tianya.cn/post-1005-10964-1.shtml
http://bbs.tianya.cn/post-107-523634-1.shtml
http://bbs.tianya.cn/post-105-529173-1.shtml
http://bbs.tianya.cn/post-106-530554-1.shtml
http://bbs.tianya.cn/post-107-518521-1.shtml
http://bbs.tianya.cn/post-100-1915829-1.shtml
http://bbs.tianya.cn/post-1089-46540-1.shtml
http://bbs.tianya.cn/post-107-521100-1.shtml
http://bbs.tianya.cn/post-free-5562047-1.shtml
http://bbs.tianya.cn/post-100-1926907-1.shtml
http://bbs.tianya.cn/post-293-159215-1.shtml
http://bbs.tianya.cn/post-1013-10268-1.shtml
http://bbs.tianya.cn/post-1005-11380-1.shtml
http://bbs.tianya.cn/post-1005-10811-1.shtml
http://bbs.tianya.cn/post-1089-39374-1.shtml
http://bbs.tianya.cn/post-100-1989704-1.shtml
http://bbs.tianya.cn/post-102-540458-1.shtml
http://bbs.tianya.cn/post-1021-12187-1.shtml
http://bbs.tianya.cn/post-1005-11408-1.shtml
http://bbs.tianya.cn/post-1005-10827-1.shtml
http://bbs.tianya.cn/post-travel-780513-1.shtml
http://bbs.tianya.cn/post-1013-11796-1.shtml
http://bbs.tianya.cn/post-102-540397-1.shtml
http://bbs.tianya.cn/post-1013-11758-1.shtml
http://bbs.tianya.cn/post-100-1939297-1.shtml
http://bbs.tianya.cn/post-1090-3288-1.shtml
http://bbs.tianya.cn/post-1021-12141-1.shtml
http://bbs.tianya.cn/post-108-549394-1.shtml
http://bbs.tianya.cn/post-1005-11422-1.shtml
http://bbs.tianya.cn/post-1012-27044-1.shtml
http://bbs.tianya.cn/post-102-540420-1.shtml
http://bbs.tianya.cn/post-1090-3239-1.shtml
http://bbs.tianya.cn/post-45-1732154-1.shtml
http://bbs.tianya.cn/post-1012-1802-1.shtml
http://bbs.tianya.cn/post-105-533519-1.shtml
http://bbs.tianya.cn/post-1021-6295-1.shtml
http://bbs.tianya.cn/post-1013-11676-1.shtml
http://bbs.tianya.cn/post-spirit-216824-1.shtml
http://bbs.tianya.cn/post-motss-620152-1.shtml
http://bbs.tianya.cn/post-106-532453-1.shtml
http://bbs.tianya.cn/post-itinfo-285485-1.shtml
http://bbs.tianya.cn/post-1005-10848-1.shtml
http://bbs.tianya.cn/post-102-539998-1.shtml
http://bbs.tianya.cn/post-1012-27272-1.shtml
http://bbs.tianya.cn/post-105-530181-1.shtml
http://bbs.tianya.cn/post-102-540325-1.shtml
http://bbs.tianya.cn/post-1012-8351-1.shtml
http://bbs.tianya.cn/post-funinfo-7044431-1.shtml
http://bbs.tianya.cn/post-no20-584429-1.shtml
http://bbs.tianya.cn/post-100-1974420-1.shtml
http://bbs.tianya.cn/post-107-515939-1.shtml
http://bbs.tianya.cn/post-1021-4145-1.shtml
http://bbs.tianya.cn/post-1089-46580-1.shtml
http://bbs.tianya.cn/post-develop-2169427-1.shtml
http://bbs.tianya.cn/post-1090-359-1.shtml
http://bbs.tianya.cn/post-1013-11771-1.shtml
http://bbs.tianya.cn/post-102-540260-1.shtml
http://bbs.tianya.cn/post-107-518195-1.shtml
http://bbs.tianya.cn/post-1012-27291-1.shtml
http://bbs.tianya.cn/post-1005-5616-1.shtml
http://bbs.tianya.cn/post-102-540419-1.shtml
http://bbs.tianya.cn/post-102-538666-1.shtml
http://bbs.tianya.cn/post-1013-11776-1.shtml
http://bbs.tianya.cn/post-293-159091-1.shtml
http://bbs.tianya.cn/post-102-540390-1.shtml
http://bbs.tianya.cn/post-106-551535-1.shtml
http://bbs.tianya.cn/post-105-529068-1.shtml
http://bbs.tianya.cn/post-100-1959719-1.shtml
http://bbs.tianya.cn/post-1012-25678-1.shtml
http://bbs.tianya.cn/post-1021-12174-1.shtml
http://bbs.tianya.cn/post-108-549380-1.shtml
http://bbs.tianya.cn/post-1089-46607-1.shtml
http://bbs.tianya.cn/post-102-540347-1.shtml
http://bbs.tianya.cn/post-1090-3252-1.shtml
http://bbs.tianya.cn/post-107-525154-1.shtml
http://bbs.tianya.cn/post-1005-7060-1.shtml
http://bbs.tianya.cn/post-102-540460-1.shtml
http://bbs.tianya.cn/post-100-1976738-1.shtml
http://bbs.tianya.cn/post-934-108698-1.shtml
http://bbs.tianya.cn/post-108-536240-1.shtml
http://bbs.tianya.cn/post-1090-3152-1.shtml
http://bbs.tianya.cn/post-100-1916902-1.shtml
http://bbs.tianya.cn/post-1090-3303-1.shtml
http://bbs.tianya.cn/post-1090-1023-1.shtml
http://bbs.tianya.cn/post-funinfo-7046771-1.shtml
http://bbs.tianya.cn/post-1021-882-1.shtml
http://bbs.tianya.cn/post-105-529041-1.shtml
http://bbs.tianya.cn/post-worldlook-1726644-1.shtml
http://bbs.tianya.cn/post-1012-27299-1.shtml
http://bbs.tianya.cn/post-1021-738-1.shtml
http://bbs.tianya.cn/post-107-516124-1.shtml
http://bbs.tianya.cn/post-funinfo-7049010-1.shtml
http://bbs.tianya.cn/post-1013-11809-1.shtml
http://bbs.tianya.cn/post-1013-11007-1.shtml
http://bbs.tianya.cn/post-103-567009-1.shtml
http://bbs.tianya.cn/post-funinfo-7055919-1.shtml
http://bbs.tianya.cn/post-1005-11018-1.shtml
http://bbs.tianya.cn/post-107-515060-1.shtml
http://bbs.tianya.cn/post-1090-3299-1.shtml
http://bbs.tianya.cn/post-100-1933762-1.shtml
http://bbs.tianya.cn/post-103-567043-1.shtml
http://bbs.tianya.cn/post-108-536951-1.shtml
http://bbs.tianya.cn/post-102-539483-1.shtml
http://bbs.tianya.cn/post-1021-736-1.shtml
http://bbs.tianya.cn/post-1013-10281-1.shtml
http://bbs.tianya.cn/post-108-538111-1.shtml
http://bbs.tianya.cn/post-1089-39541-1.shtml
http://bbs.tianya.cn/post-105-530287-1.shtml
http://bbs.tianya.cn/post-105-529208-1.shtml
http://bbs.tianya.cn/post-spirit-215904-1.shtml
http://bbs.tianya.cn/post-106-551532-1.shtml
http://bbs.tianya.cn/post-108-549397-1.shtml
http://bbs.tianya.cn/post-1090-443-1.shtml
http://bbs.tianya.cn/compose.jsp?item=1021&sub=%E5%85%A8%E9%83%A8
http://bbs.tianya.cn/post-107-517895-1.shtml
http://bbs.tianya.cn/post-106-551549-1.shtml
http://bbs.tianya.cn/post-1089-46574-1.shtml
http://bbs.tianya.cn/post-books-562305-1.shtml
http://bbs.tianya.cn/post-106-551439-1.shtml
http://bbs.tianya.cn/post-103-565617-1.shtml
http://bbs.tianya.cn/post-108-549344-1.shtml
http://bbs.tianya.cn/post-108-549361-1.shtml
http://bbs.tianya.cn/post-333-983993-1.shtml
http://bbs.tianya.cn/post-108-549280-1.shtml
http://bbs.tianya.cn/post-1089-46604-1.shtml
http://bbs.tianya.cn/post-107-524772-1.shtml
http://bbs.tianya.cn/post-1089-42561-1.shtml
http://bbs.tianya.cn/post-108-536190-1.shtml
http://bbs.tianya.cn/post-develop-2168764-1.shtml
http://bbs.tianya.cn/post-worldlook-1727021-1.shtml
http://bbs.tianya.cn/post-no04-2679914-1.shtml
http://bbs.tianya.cn/post-1090-3255-1.shtml
http://bbs.tianya.cn/post-106-543735-1.shtml
http://bbs.tianya.cn/post-develop-2168602-1.shtml
http://bbs.tianya.cn/post-103-566778-1.shtml
http://bbs.tianya.cn/post-103-567007-1.shtml
http://bbs.tianya.cn/post-103-567015-1.shtml
http://bbs.tianya.cn/post-1013-8505-1.shtml
http://bbs.tianya.cn/post-102-540407-1.shtml
http://bbs.tianya.cn/post-102-540357-1.shtml
http://bbs.tianya.cn/post-1089-8367-1.shtml
http://bbs.tianya.cn/post-102-540382-1.shtml
http://bbs.tianya.cn/post-worldlook-1716227-1.shtml
http://bbs.tianya.cn/post-1012-27309-1.shtml
http://bbs.tianya.cn/post-245-8358-1.shtml
http://bbs.tianya.cn/post-1090-3292-1.shtml
http://bbs.tianya.cn/post-spirit-216398-1.shtml
http://bbs.tianya.cn/post-107-524377-1.shtml
http://bbs.tianya.cn/post-103-565416-1.shtml
http://bbs.tianya.cn/post-103-560534-1.shtml
http://bbs.tianya.cn/post-108-549349-1.shtml
http://bbs.tianya.cn/post-1013-5741-1.shtml
http://bbs.tianya.cn/post-1013-10343-1.shtml
http://bbs.tianya.cn/post-1021-11837-1.shtml
http://bbs.tianya.cn/post-106-551040-1.shtml
http://bbs.tianya.cn/post-103-567000-1.shtml
http://bbs.tianya.cn/post-106-545163-1.shtml
http://bbs.tianya.cn/post-105-528377-1.shtml
http://bbs.tianya.cn/post-1005-11423-1.shtml
http://bbs.tianya.cn/post-1012-27162-1.shtml
http://bbs.tianya.cn/post-1005-11419-1.shtml
http://bbs.tianya.cn/post-103-567041-1.shtml
http://bbs.tianya.cn/post-107-515658-1.shtml
http://bbs.tianya.cn/post-102-540133-1.shtml
http://bbs.tianya.cn/post-1005-11297-1.shtml
http://bbs.tianya.cn/post-106-551543-1.shtml
http://bbs.tianya.cn/post-103-567054-1.shtml
http://bbs.tianya.cn/post-1089-43751-1.shtml
http://bbs.tianya.cn/post-1005-10910-1.shtml
http://bbs.tianya.cn/post-1012-27296-1.shtml
http://bbs.tianya.cn/post-189-590520-1.shtml
http://bbs.tianya.cn/post-100-1414713-1.shtml
http://bbs.tianya.cn/post-1012-12844-1.shtml
http://bbs.tianya.cn/post-106-545173-1.shtml
http://bbs.tianya.cn/post-1021-12070-1.shtml
http://bbs.tianya.cn/post-1090-3067-1.shtml
http://bbs.tianya.cn/post-1012-510-1.shtml
http://bbs.tianya.cn/post-108-548135-1.shtml
http://bbs.tianya.cn/post-105-531032-1.shtml
http://bbs.tianya.cn/post-108-536899-1.shtml
http://bbs.tianya.cn/post-108-548322-1.shtml
http://bbs.tianya.cn/post-1012-27288-1.shtml
http://bbs.tianya.cn/post-106-527778-1.shtml
http://bbs.tianya.cn/post-spirit-215838-1.shtml
http://bbs.tianya.cn/post-1090-3235-1.shtml
http://bbs.tianya.cn/post-1090-3267-1.shtml
http://bbs.tianya.cn/post-102-540381-1.shtml
http://bbs.tianya.cn/post-1012-27209-1.shtml
http://bbs.tianya.cn/post-100-2001261-1.shtml
http://bbs.tianya.cn/post-1090-3248-1.shtml
http://bbs.tianya.cn/post-105-528756-1.shtml
http://bbs.tianya.cn/post-107-525157-1.shtml
http://bbs.tianya.cn/post-769-19338-1.shtml
http://bbs.tianya.cn/post-100-1998438-1.shtml
http://bbs.tianya.cn/post-106-545060-1.shtml
http://bbs.tianya.cn/post-1021-12076-1.shtml
http://bbs.tianya.cn/post-1090-3300-1.shtml
http://bbs.tianya.cn/post-culture-982227-1.shtml
http://bbs.tianya.cn/post-travel-780126-1.shtml
http://bbs.tianya.cn/post-free-5555710-1.shtml
http://bbs.tianya.cn/post-funinfo-7049925-1.shtml
http://bbs.tianya.cn/post-funinfo-5075702-1.shtml
http://bbs.tianya.cn/post-103-567005-1.shtml
http://bbs.tianya.cn/post-1089-44985-1.shtml
http://bbs.tianya.cn/post-105-529834-1.shtml
http://bbs.tianya.cn/post-1012-23834-1.shtml
http://bbs.tianya.cn/post-1021-11782-1.shtml
http://bbs.tianya.cn/post-1090-3270-1.shtml
http://bbs.tianya.cn/post-1021-12136-1.shtml
http://bbs.tianya.cn/post-1005-4906-1.shtml
http://bbs.tianya.cn/post-102-540483-1.shtml
http://bbs.tianya.cn/post-1012-27313-1.shtml
http://bbs.tianya.cn/post-1013-7856-1.shtml
http://bbs.tianya.cn/post-1089-10979-1.shtml
http://bbs.tianya.cn/post-108-547816-1.shtml
http://bbs.tianya.cn/post-100-1870418-1.shtml
http://bbs.tianya.cn/post-103-567023-1.shtml
http://bbs.tianya.cn/post-1089-46521-1.shtml
http://bbs.tianya.cn/post-105-532155-1.shtml
http://bbs.tianya.cn/post-100-1981726-1.shtml
http://bbs.tianya.cn/post-108-548429-1.shtml
http://bbs.tianya.cn/post-spirit-216584-1.shtml
http://bbs.tianya.cn/post-5055-5314-1.shtml
http://bbs.tianya.cn/post-1013-11777-1.shtml
http://bbs.tianya.cn/post-1089-45198-1.shtml
http://bbs.tianya.cn/post-1012-27316-1.shtml
http://bbs.tianya.cn/post-100-2001118-1.shtml
http://bbs.tianya.cn/post-107-525146-1.shtml
http://bbs.tianya.cn/post-102-540247-1.shtml
http://bbs.tianya.cn/post-1005-11168-1.shtml
http://bbs.tianya.cn/post-5247-1030-1.shtml
http://bbs.tianya.cn/post-107-525178-1.shtml
http://bbs.tianya.cn/post-travel-780562-1.shtml
http://bbs.tianya.cn/post-105-529590-1.shtml
http://bbs.tianya.cn/post-102-540455-1.shtml
http://bbs.tianya.cn/post-1012-27081-1.shtml
http://bbs.tianya.cn/post-1089-45502-1.shtml
http://bbs.tianya.cn/post-106-551480-1.shtml
http://bbs.tianya.cn/post-100-1892219-1.shtml
http://bbs.tianya.cn/post-1021-12132-1.shtml
http://bbs.tianya.cn/post-1090-3251-1.shtml
http://bbs.tianya.cn/post-45-1732850-1.shtml
http://bbs.tianya.cn/post-no04-2680100-1.shtml
http://bbs.tianya.cn/post-1005-6442-1.shtml
http://bbs.tianya.cn/post-1013-11801-1.shtml
http://bbs.tianya.cn/post-free-5114044-1.shtml
http://bbs.tianya.cn/post-1012-5464-1.shtml
http://bbs.tianya.cn/post-103-567040-1.shtml
http://bbs.tianya.cn/post-1005-11378-1.shtml
http://bbs.tianya.cn/post-100-1982774-1.shtml
http://bbs.tianya.cn/post-106-551533-1.shtml
http://bbs.tianya.cn/post-1012-16126-1.shtml
http://bbs.tianya.cn/post-1013-10240-1.shtml
http://bbs.tianya.cn/post-1013-11799-1.shtml
http://bbs.tianya.cn/post-100-2000887-1.shtml
http://bbs.tianya.cn/post-105-529710-1.shtml
http://bbs.tianya.cn/post-105-528866-1.shtml
http://bbs.tianya.cn/post-107-517624-1.shtml
http://bbs.tianya.cn/post-245-8355-1.shtml
http://bbs.tianya.cn/post-106-549282-1.shtml
http://bbs.tianya.cn/post-funinfo-7055363-1.shtml
http://bbs.tianya.cn/post-no05-395081-1.shtml
http://bbs.tianya.cn/post-1012-27237-1.shtml
http://bbs.tianya.cn/post-102-538100-1.shtml
http://bbs.tianya.cn/post-1021-12154-1.shtml
http://bbs.tianya.cn/post-1012-23715-1.shtml
http://bbs.tianya.cn/post-1090-3221-1.shtml
http://bbs.tianya.cn/post-1090-396-1.shtml
http://bbs.tianya.cn/post-106-551512-1.shtml
http://bbs.tianya.cn/post-108-548892-1.shtml
http://bbs.tianya.cn/post-1090-3225-1.shtml
http://bbs.tianya.cn/post-934-108590-1.shtml
http://bbs.tianya.cn/post-106-551437-1.shtml
http://bbs.tianya.cn/post-105-532265-1.shtml
http://bbs.tianya.cn/post-1013-11748-1.shtml
http://bbs.tianya.cn/post-102-540437-1.shtml
http://bbs.tianya.cn/post-108-549370-1.shtml
http://bbs.tianya.cn/post-107-523253-1.shtml
http://bbs.tianya.cn/post-1021-12068-1.shtml
http://bbs.tianya.cn/post-1090-3231-1.shtml
http://bbs.tianya.cn/post-665-1093244-1.shtml
http://bbs.tianya.cn/post-16-1277650-1.shtml
http://bbs.tianya.cn/post-tianyamyself-281602-1.shtml
http://bbs.tianya.cn/post-1012-27196-1.shtml
http://bbs.tianya.cn/post-108-549336-1.shtml
http://bbs.tianya.cn/post-stocks-1740412-1.shtml
http://bbs.tianya.cn/post-1013-9495-1.shtml
http://bbs.tianya.cn/post-107-518795-1.shtml
http://bbs.tianya.cn/post-develop-2169223-1.shtml
http://bbs.tianya.cn/post-107-516948-1.shtml
http://bbs.tianya.cn/post-100-1977643-1.shtml
http://bbs.tianya.cn/post-1089-46560-1.shtml
http://bbs.tianya.cn/post-1090-3290-1.shtml
http://bbs.tianya.cn/post-1021-6499-1.shtml
http://bbs.tianya.cn/post-108-539954-1.shtml
http://bbs.tianya.cn/post-1090-3230-1.shtml
http://bbs.tianya.cn/post-1021-12179-1.shtml
http://bbs.tianya.cn/post-107-512124-1.shtml
http://bbs.tianya.cn/post-105-529203-1.shtml
http://bbs.tianya.cn/post-1021-6770-1.shtml
http://bbs.tianya.cn/post-183-562497-1.shtml
http://bbs.tianya.cn/post-1012-3794-1.shtml
http://bbs.tianya.cn/post-1089-45904-1.shtml
http://bbs.tianya.cn/post-108-537290-1.shtml
http://bbs.tianya.cn/post-1005-4202-1.shtml
http://bbs.tianya.cn/post-100-1819560-1.shtml
http://bbs.tianya.cn/post-103-566461-1.shtml
http://bbs.tianya.cn/post-1005-10794-1.shtml
http://bbs.tianya.cn/post-no04-2679629-1.shtml
http://bbs.tianya.cn/post-1090-3291-1.shtml
http://bbs.tianya.cn/post-103-566882-1.shtml
http://bbs.tianya.cn/post-worldlook-1726977-1.shtml
http://bbs.tianya.cn/post-oldgirl-163889-1.shtml
http://bbs.tianya.cn/post-1089-46598-1.shtml
http://bbs.tianya.cn/post-free-5439941-1.shtml
http://bbs.tianya.cn/post-1021-12119-1.shtml
http://bbs.tianya.cn/post-105-534207-1.shtml
http://bbs.tianya.cn/post-103-560235-1.shtml
http://bbs.tianya.cn/post-934-108828-1.shtml
http://bbs.tianya.cn/post-103-567025-1.shtml
http://bbs.tianya.cn/post-1013-11750-1.shtml
http://bbs.tianya.cn/post-1090-3219-1.shtml
http://bbs.tianya.cn/post-worldlook-1725944-1.shtml
http://bbs.tianya.cn/post-free-5557917-1.shtml
http://bbs.tianya.cn/post-100-1893363-1.shtml
http://bbs.tianya.cn/post-1012-26651-1.shtml
http://bbs.tianya.cn/post-105-531463-1.shtml
http://bbs.tianya.cn/post-1089-36128-1.shtml
http://bbs.tianya.cn/post-1005-4796-1.shtml
http://bbs.tianya.cn/post-106-534078-1.shtml
http://bbs.tianya.cn/post-1005-11223-1.shtml
http://bbs.tianya.cn/post-1089-46581-1.shtml
http://bbs.tianya.cn/post-1090-3206-1.shtml
http://bbs.tianya.cn/post-sport-244836-1.shtml
http://bbs.tianya.cn/post-102-540385-1.shtml
http://bbs.tianya.cn/post-100-1666831-1.shtml
http://bbs.tianya.cn/post-107-523643-1.shtml
http://bbs.tianya.cn/post-1021-12077-1.shtml
http://bbs.tianya.cn/post-107-517753-1.shtml
http://bbs.tianya.cn/post-105-530284-1.shtml
http://bbs.tianya.cn/post-1090-3261-1.shtml
http://bbs.tianya.cn/post-108-549399-1.shtml
http://bbs.tianya.cn/post-106-528148-1.shtml
http://bbs.tianya.cn/post-107-518883-1.shtml
http://bbs.tianya.cn/post-183-562489-1.shtml
http://bbs.tianya.cn/post-1090-3285-1.shtml
http://bbs.tianya.cn/post-no04-2680134-1.shtml
http://bbs.tianya.cn/post-1021-12172-1.shtml
http://bbs.tianya.cn/post-1021-11864-1.shtml
http://bbs.tianya.cn/post-1089-46535-1.shtml
http://bbs.tianya.cn/post-1013-11754-1.shtml
http://bbs.tianya.cn/post-96-786599-1.shtml
http://bbs.tianya.cn/post-1013-11813-1.shtml
http://bbs.tianya.cn/post-107-525161-1.shtml
http://bbs.tianya.cn/post-1005-7007-1.shtml
http://bbs.tianya.cn/post-5244-1249-1.shtml
http://bbs.tianya.cn/post-107-522611-1.shtml
http://bbs.tianya.cn/post-worldlook-1722901-1.shtml
http://bbs.tianya.cn/post-106-551454-1.shtml
http://bbs.tianya.cn/post-1005-4689-1.shtml
http://bbs.tianya.cn/post-106-534926-1.shtml
http://bbs.tianya.cn/post-333-983859-1.shtml
http://bbs.tianya.cn/post-1021-12173-1.shtml
http://bbs.tianya.cn/post-feeling-4157269-1.shtml
http://bbs.tianya.cn/post-1021-12180-1.shtml
http://bbs.tianya.cn/post-1012-27333-1.shtml
http://bbs.tianya.cn/post-1090-3274-1.shtml
http://bbs.tianya.cn/post-293-159013-1.shtml
http://bbs.tianya.cn/post-1021-12163-1.shtml
http://bbs.tianya.cn/post-1090-3305-1.shtml
http://bbs.tianya.cn/post-1089-44734-1.shtml
http://bbs.tianya.cn/compose.jsp?item=1090&sub=%E5%85%A8%E9%83%A8
http://bbs.tianya.cn/post-1090-3243-1.shtml
http://bbs.tianya.cn/post-103-566935-1.shtml
http://bbs.tianya.cn/post-946-535-1.shtml
http://bbs.tianya.cn/post-103-567019-1.shtml
http://bbs.tianya.cn/post-1005-4201-1.shtml
http://bbs.tianya.cn/post-100-1938419-1.shtml
http://bbs.tianya.cn/post-100-1957893-1.shtml
http://bbs.tianya.cn/post-100-570265-1.shtml
http://bbs.tianya.cn/post-107-515300-1.shtml
http://bbs.tianya.cn/post-108-549360-1.shtml
http://bbs.tianya.cn/post-1089-46591-1.shtml
http://bbs.tianya.cn/post-worldlook-1725378-1.shtml
http://bbs.tianya.cn/post-1013-11800-1.shtml
http://bbs.tianya.cn/post-103-561219-1.shtml
http://bbs.tianya.cn/post-no04-2680283-1.shtml
http://bbs.tianya.cn/post-105-534004-1.shtml
http://bbs.tianya.cn/post-1005-11375-1.shtml
http://bbs.tianya.cn/post-103-567051-1.shtml
http://bbs.tianya.cn/post-103-567034-1.shtml
http://bbs.tianya.cn/post-106-551536-1.shtml
http://bbs.tianya.cn/post-1089-46601-1.shtml
http://bbs.tianya.cn/compose.jsp?item=102&sub=%E5%85%A8%E9%83%A8
http://bbs.tianya.cn/post-102-540368-1.shtml
http://bbs.tianya.cn/post-1013-11807-1.shtml
http://bbs.tianya.cn/post-1012-27323-1.shtml
http://bbs.tianya.cn/post-100-1964158-1.shtml
http://bbs.tianya.cn/post-108-549289-1.shtml
http://bbs.tianya.cn/post-105-531832-1.shtml
http://bbs.tianya.cn/post-1005-11377-1.shtml
http://bbs.tianya.cn/post-1012-26369-1.shtml
http://bbs.tianya.cn/post-1089-46572-1.shtml
http://bbs.tianya.cn/post-culture-982225-1.shtml
http://bbs.tianya.cn/post-1090-3245-1.shtml
http://bbs.tianya.cn/post-107-516763-1.shtml
http://bbs.tianya.cn/post-1090-3232-1.shtml
http://bbs.tianya.cn/post-1021-12152-1.shtml
http://bbs.tianya.cn/post-1021-747-1.shtml
http://bbs.tianya.cn/post-1013-11707-1.shtml
http://bbs.tianya.cn/post-1089-39406-1.shtml
http://bbs.tianya.cn/post-107-518172-1.shtml
http://bbs.tianya.cn/post-106-551260-1.shtml
http://bbs.tianya.cn/post-105-528152-1.shtml
http://bbs.tianya.cn/post-1012-23508-1.shtml
http://bbs.tianya.cn/post-1012-2389-1.shtml
http://bbs.tianya.cn/post-1090-2957-1.shtml
http://bbs.tianya.cn/post-103-567058-1.shtml
http://bbs.tianya.cn/post-1090-3213-1.shtml
http://bbs.tianya.cn/post-free-5563979-1.shtml
http://bbs.tianya.cn/post-1013-11763-1.shtml
http://bbs.tianya.cn/post-100-1958910-1.shtml
http://bbs.tianya.cn/post-1012-27294-1.shtml
http://bbs.tianya.cn/post-105-529172-1.shtml
http://bbs.tianya.cn/post-103-567044-1.shtml
http://bbs.tianya.cn/post-102-540371-1.shtml
http://bbs.tianya.cn/post-funinfo-7059184-1.shtml
http://bbs.tianya.cn/post-funinfo-7049919-1.shtml
http://bbs.tianya.cn/post-1089-46565-1.shtml
http://bbs.tianya.cn/post-1021-11979-1.shtml
http://bbs.tianya.cn/post-1005-11334-1.shtml
http://bbs.tianya.cn/post-103-567016-1.shtml
http://bbs.tianya.cn/post-funinfo-7055924-1.shtml
http://bbs.tianya.cn/post-no04-2680112-1.shtml
http://bbs.tianya.cn/post-1021-735-1.shtml
http://bbs.tianya.cn/post-1090-2973-1.shtml
http://bbs.tianya.cn/post-108-549378-1.shtml
http://bbs.tianya.cn/post-106-532677-1.shtml
http://bbs.tianya.cn/post-108-539109-1.shtml
http://bbs.tianya.cn/post-1005-10978-1.shtml
http://bbs.tianya.cn/post-1005-10859-1.shtml
http://bbs.tianya.cn/post-1021-4102-1.shtml
http://bbs.tianya.cn/post-funinfo-7055521-1.shtml
http://bbs.tianya.cn/post-1090-3260-1.shtml
http://bbs.tianya.cn/post-travel-780318-1.shtml
http://bbs.tianya.cn/post-100-1901466-1.shtml
http://bbs.tianya.cn/post-108-549351-1.shtml
http://bbs.tianya.cn/post-100-1999520-1.shtml
http://bbs.tianya.cn/post-funinfo-7052857-1.shtml
http://bbs.tianya.cn/post-106-551495-1.shtml
http://bbs.tianya.cn/post-103-567020-1.shtml
http://bbs.tianya.cn/post-1005-5768-1.shtml
http://bbs.tianya.cn/post-107-515803-1.shtml
http://bbs.tianya.cn/post-106-530904-1.shtml
http://bbs.tianya.cn/post-1005-11203-1.shtml
http://bbs.tianya.cn/post-107-521280-1.shtml
http://bbs.tianya.cn/post-105-529214-1.shtml
http://bbs.tianya.cn/post-106-551376-1.shtml
http://bbs.tianya.cn/post-1005-7002-1.shtml
http://bbs.tianya.cn/post-106-528693-1.shtml
http://bbs.tianya.cn/post-1013-11760-1.shtml
http://bbs.tianya.cn/post-102-540411-1.shtml
http://bbs.tianya.cn/post-106-551290-1.shtml
http://bbs.tianya.cn/post-1005-11165-1.shtml
http://bbs.tianya.cn/post-105-533253-1.shtml
http://bbs.tianya.cn/post-103-567059-1.shtml
http://bbs.tianya.cn/post-102-540189-1.shtml
http://bbs.tianya.cn/post-1090-3297-1.shtml
http://bbs.tianya.cn/post-105-531599-1.shtml
http://bbs.tianya.cn/post-102-540272-1.shtml
http://bbs.tianya.cn/post-100-1959434-1.shtml
http://bbs.tianya.cn/post-1021-12137-1.shtml
http://bbs.tianya.cn/post-106-551529-1.shtml
http://bbs.tianya.cn/post-106-551538-1.shtml
http://bbs.tianya.cn/post-1013-10253-1.shtml
http://bbs.tianya.cn/post-1012-27295-1.shtml
http://bbs.tianya.cn/post-1013-10132-1.shtml
http://bbs.tianya.cn/post-102-540216-1.shtml
http://bbs.tianya.cn/post-1013-11755-1.shtml
http://bbs.tianya.cn/post-108-549379-1.shtml
http://bbs.tianya.cn/post-106-530632-1.shtml
http://bbs.tianya.cn/post-1090-3207-1.shtml
http://bbs.tianya.cn/post-102-540281-1.shtml
http://bbs.tianya.cn/post-106-551544-1.shtml
http://bbs.tianya.cn/post-1013-11794-1.shtml
http://bbs.tianya.cn/post-1005-10700-1.shtml
http://bbs.tianya.cn/post-103-567017-1.shtml
http://bbs.tianya.cn/post-1089-46577-1.shtml
http://bbs.tianya.cn/post-1021-12153-1.shtml
http://bbs.tianya.cn/post-106-551407-1.shtml
http://bbs.tianya.cn/post-1012-27319-1.shtml
http://bbs.tianya.cn/post-funinfo-7052660-1.shtml
http://bbs.tianya.cn/post-1012-27303-1.shtml
http://bbs.tianya.cn/post-feeling-4078642-1.shtml
http://bbs.tianya.cn/post-1089-2536-1.shtml
http://bbs.tianya.cn/post-107-512151-1.shtml
http://bbs.tianya.cn/post-worldlook-1726762-1.shtml
http://bbs.tianya.cn/post-102-540219-1.shtml
http://bbs.tianya.cn/post-1013-11815-1.shtml
http://bbs.tianya.cn/post-100-2000290-1.shtml
http://bbs.tianya.cn/post-108-549400-1.shtml
http://bbs.tianya.cn/post-103-566993-1.shtml
http://bbs.tianya.cn/post-oldgirl-163550-1.shtml
http://bbs.tianya.cn/post-108-549364-1.shtml
http://bbs.tianya.cn/post-1012-24032-1.shtml
http://bbs.tianya.cn/post-1021-12158-1.shtml
http://bbs.tianya.cn/post-105-529174-1.shtml
http://bbs.tianya.cn/post-105-529659-1.shtml
http://bbs.tianya.cn/post-102-538611-1.shtml
http://bbs.tianya.cn/post-1012-23878-1.shtml
http://bbs.tianya.cn/post-102-540491-1.shtml
http://bbs.tianya.cn/post-1089-46502-1.shtml
http://bbs.tianya.cn/post-1090-3293-1.shtml
http://bbs.tianya.cn/post-107-525162-1.shtml
http://bbs.tianya.cn/post-1013-11785-1.shtml
http://bbs.tianya.cn/post-1090-3296-1.shtml
http://bbs.tianya.cn/post-105-533151-1.shtml
http://bbs.tianya.cn/post-1005-11353-1.shtml
http://bbs.tianya.cn/post-stocks-1424084-1.shtml
http://bbs.tianya.cn/post-100-1996976-1.shtml
http://bbs.tianya.cn/post-102-530890-1.shtml
http://bbs.tianya.cn/post-1021-11980-1.shtml
http://bbs.tianya.cn/post-1090-3265-1.shtml
http://bbs.tianya.cn/post-105-530138-1.shtml
http://bbs.tianya.cn/post-1090-1162-1.shtml
http://bbs.tianya.cn/post-102-540438-1.shtml
http://bbs.tianya.cn/post-1021-12177-1.shtml
http://bbs.tianya.cn/post-1012-1626-1.shtml
http://bbs.tianya.cn/post-105-530641-1.shtml
http://bbs.tianya.cn/post-100-1826063-1.shtml
http://bbs.tianya.cn/post-1012-27305-1.shtml
http://bbs.tianya.cn/post-100-742689-1.shtml
http://bbs.tianya.cn/post-102-536346-1.shtml
http://bbs.tianya.cn/post-103-560282-1.shtml
http://bbs.tianya.cn/post-1013-2897-1.shtml
http://bbs.tianya.cn/post-103-567014-1.shtml
http://bbs.tianya.cn/post-develop-2168806-1.shtml
http://bbs.tianya.cn/post-no04-2680205-1.shtml
http://bbs.tianya.cn/post-106-529129-1.shtml
http://bbs.tianya.cn/post-329-550760-1.shtml
http://bbs.tianya.cn/post-107-515447-1.shtml
http://bbs.tianya.cn/post-1005-8784-1.shtml
http://bbs.tianya.cn/post-107-522281-1.shtml
http://bbs.tianya.cn/post-1013-11765-1.shtml
http://bbs.tianya.cn/post-1090-3240-1.shtml
http://bbs.tianya.cn/post-107-517615-1.shtml
http://bbs.tianya.cn/post-1089-46596-1.shtml
http://bbs.tianya.cn/post-free-4159868-1.shtml
http://bbs.tianya.cn/post-103-567028-1.shtml
http://bbs.tianya.cn/post-free-5564922-1.shtml
http://bbs.tianya.cn/post-105-530055-1.shtml
http://bbs.tianya.cn/post-1013-11780-1.shtml
http://bbs.tianya.cn/post-103-567045-1.shtml
http://bbs.tianya.cn/post-free-5564098-1.shtml
http://bbs.tianya.cn/post-1005-11399-1.shtml
http://bbs.tianya.cn/post-1012-27298-1.shtml
http://bbs.tianya.cn/post-106-542009-1.shtml
http://bbs.tianya.cn/post-funinfo-7055778-1.shtml
http://bbs.tianya.cn/post-1090-3289-1.shtml
http://bbs.tianya.cn/post-worldlook-1726821-1.shtml
http://bbs.tianya.cn/post-1095-210115-1.shtml
http://bbs.tianya.cn/post-103-567055-1.shtml
http://bbs.tianya.cn/post-1090-1821-1.shtml
http://bbs.tianya.cn/post-1089-46567-1.shtml
http://bbs.tianya.cn/post-1021-11746-1.shtml
http://bbs.tianya.cn/post-no05-397137-1.shtml
http://bbs.tianya.cn/post-106-550688-1.shtml
http://bbs.tianya.cn/post-free-5562409-1.shtml
http://bbs.tianya.cn/post-106-551506-1.shtml
http://bbs.tianya.cn/post-1012-27328-1.shtml
http://bbs.tianya.cn/post-103-567021-1.shtml
http://bbs.tianya.cn/post-1021-12183-1.shtml
http://bbs.tianya.cn/post-1005-11301-1.shtml
http://bbs.tianya.cn/post-1013-11814-1.shtml
http://bbs.tianya.cn/post-103-567008-1.shtml
http://bbs.tianya.cn/post-106-551541-1.shtml
http://bbs.tianya.cn/post-107-519417-1.shtml
http://bbs.tianya.cn/post-103-566985-1.shtml
http://bbs.tianya.cn/post-tianyamyself-281428-1.shtml
http://bbs.tianya.cn/post-108-548173-1.shtml
http://bbs.tianya.cn/post-100-2001377-1.shtml
http://bbs.tianya.cn/post-107-512499-1.shtml
http://bbs.tianya.cn/post-1012-7937-1.shtml
http://bbs.tianya.cn/post-102-540369-1.shtml
http://bbs.tianya.cn/post-106-550644-1.shtml
http://bbs.tianya.cn/post-100-2000136-1.shtml
http://bbs.tianya.cn/post-103-567010-1.shtml
http://bbs.tianya.cn/post-106-550829-1.shtml
http://bbs.tianya.cn/post-106-527735-1.shtml
http://bbs.tianya.cn/post-no02-396828-1.shtml
http://bbs.tianya.cn/post-102-540478-1.shtml
http://bbs.tianya.cn/post-108-537438-1.shtml
http://bbs.tianya.cn/post-1012-27314-1.shtml
http://bbs.tianya.cn/post-1089-45741-1.shtml
http://bbs.tianya.cn/post-105-532200-1.shtml
http://bbs.tianya.cn/post-107-525166-1.shtml
http://bbs.tianya.cn/post-105-534243-1.shtml
http://bbs.tianya.cn/post-1012-26384-1.shtml
http://bbs.tianya.cn/post-free-5448780-1.shtml
http://bbs.tianya.cn/post-103-566982-1.shtml
http://bbs.tianya.cn/post-100-790019-1.shtml
http://bbs.tianya.cn/post-108-549398-1.shtml
http://bbs.tianya.cn/post-108-549393-1.shtml
http://bbs.tianya.cn/post-1021-12185-1.shtml
http://bbs.tianya.cn/post-103-567013-1.shtml
http://bbs.tianya.cn/post-106-551539-1.shtml
http://bbs.tianya.cn/post-funinfo-7055162-1.shtml
http://bbs.tianya.cn/post-103-567001-1.shtml
http://bbs.tianya.cn/post-stocks-1773782-1.shtml
http://bbs.tianya.cn/post-100-1836865-1.shtml
http://bbs.tianya.cn/post-1089-46134-1.shtml
http://bbs.tianya.cn/post-103-567026-1.shtml
http://bbs.tianya.cn/post-100-2001376-1.shtml
http://bbs.tianya.cn/compose.jsp?item=103&sub=%E5%85%A8%E9%83%A8
http://bbs.tianya.cn/post-travel-780476-1.shtml
http://bbs.tianya.cn/post-107-525169-1.shtml
http://bbs.tianya.cn/post-no04-2679508-1.shtml
http://bbs.tianya.cn/post-108-549307-1.shtml
http://bbs.tianya.cn/post-1089-45933-1.shtml
http://bbs.tianya.cn/post-1005-6167-1.shtml
http://bbs.tianya.cn/post-1089-46206-1.shtml
http://bbs.tianya.cn/post-103-567006-1.shtml
http://bbs.tianya.cn/post-102-540432-1.shtml
http://bbs.tianya.cn/post-105-528975-1.shtml
http://bbs.tianya.cn/post-100-1997271-1.shtml
http://bbs.tianya.cn/post-105-533553-1.shtml
http://bbs.tianya.cn/post-1089-46539-1.shtml
http://bbs.tianya.cn/post-100-1892446-1.shtml
http://bbs.tianya.cn/post-1013-11793-1.shtml
http://bbs.tianya.cn/post-1089-40055-1.shtml
http://bbs.tianya.cn/post-feeling-3957396-1.shtml
http://bbs.tianya.cn/post-106-551516-1.shtml
http://bbs.tianya.cn/post-1089-46355-1.shtml
http://bbs.tianya.cn/post-107-516522-1.shtml
http://bbs.tianya.cn/post-1090-3242-1.shtml
http://bbs.tianya.cn/post-1013-11792-1.shtml
http://bbs.tianya.cn/post-1012-27330-1.shtml
http://bbs.tianya.cn/post-108-541183-1.shtml
http://bbs.tianya.cn/post-1013-10326-1.shtml
http://bbs.tianya.cn/post-103-567035-1.shtml
http://bbs.tianya.cn/post-16-1266800-1.shtml
http://bbs.tianya.cn/post-102-540467-1.shtml
http://bbs.tianya.cn/post-1090-3286-1.shtml
http://bbs.tianya.cn/post-funinfo-7055922-1.shtml
http://bbs.tianya.cn/post-1089-46600-1.shtml
http://bbs.tianya.cn/post-105-533060-1.shtml
http://bbs.tianya.cn/post-1090-3282-1.shtml
http://bbs.tianya.cn/post-1013-11077-1.shtml
http://bbs.tianya.cn/post-107-525163-1.shtml
http://bbs.tianya.cn/post-105-529216-1.shtml
http://bbs.tianya.cn/post-108-549311-1.shtml
http://bbs.tianya.cn/post-106-529707-1.shtml
http://bbs.tianya.cn/post-769-19346-1.shtml
http://bbs.tianya.cn/post-1090-3253-1.shtml
http://bbs.tianya.cn/post-107-516902-1.shtml
http://bbs.tianya.cn/post-1021-12189-1.shtml
http://bbs.tianya.cn/post-105-529712-1.shtml
http://bbs.tianya.cn/post-934-108822-1.shtml
http://bbs.tianya.cn/post-102-540454-1.shtml
http://bbs.tianya.cn/post-100-2001378-1.shtml
http://bbs.tianya.cn/post-108-549390-1.shtml
http://bbs.tianya.cn/post-106-551494-1.shtml
http://bbs.tianya.cn/post-1013-11795-1.shtml
http://bbs.tianya.cn/post-107-516380-1.shtml
http://bbs.tianya.cn/post-news-353273-1.shtml
http://bbs.tianya.cn/post-102-540408-1.shtml
http://bbs.tianya.cn/post-no04-2680224-1.shtml
http://bbs.tianya.cn/post-100-2001296-1.shtml
http://bbs.tianya.cn/post-107-517842-1.shtml
http://bbs.tianya.cn/post-1012-27001-1.shtml
http://bbs.tianya.cn/post-1005-11362-1.shtml
http://bbs.tianya.cn/post-1021-12175-1.shtml
http://bbs.tianya.cn/post-245-8356-1.shtml
http://bbs.tianya.cn/post-1021-5450-1.shtml
http://bbs.tianya.cn/post-1090-3218-1.shtml
http://bbs.tianya.cn/post-100-1969858-1.shtml
http://bbs.tianya.cn/post-100-1969609-1.shtml
http://bbs.tianya.cn/post-106-551272-1.shtml
http://bbs.tianya.cn/post-100-1907114-1.shtml
http://bbs.tianya.cn/post-culture-982217-1.shtml
http://bbs.tianya.cn/post-1012-166-1.shtml
http://bbs.tianya.cn/post-1013-8661-1.shtml
http://bbs.tianya.cn/post-1012-27324-1.shtml
http://bbs.tianya.cn/post-funinfo-7055479-1.shtml
http://bbs.tianya.cn/post-stocks-1682933-1.shtml
http://bbs.tianya.cn/post-102-540480-1.shtml
http://bbs.tianya.cn/post-1005-10991-1.shtml
http://bbs.tianya.cn/post-103-566989-1.shtml
http://bbs.tianya.cn/post-1005-10851-1.shtml
http://bbs.tianya.cn/post-no02-402457-1.shtml
http://bbs.tianya.cn/post-1012-27308-1.shtml
http://bbs.tianya.cn/post-100-799339-1.shtml
http://bbs.tianya.cn/post-934-108676-1.shtml
http://bbs.tianya.cn/post-103-567042-1.shtml
http://bbs.tianya.cn/post-1090-3174-1.shtml
http://bbs.tianya.cn/post-100-2001266-1.shtml
http://bbs.tianya.cn/compose.jsp?item=107&sub=%E5%85%A8%E9%83%A8
http://bbs.tianya.cn/post-1090-3256-1.shtml
http://bbs.tianya.cn/post-1013-11722-1.shtml
http://bbs.tianya.cn/post-1005-11193-1.shtml
http://bbs.tianya.cn/post-105-528249-1.shtml
http://bbs.tianya.cn/post-934-108802-1.shtml
http://bbs.tianya.cn/post-103-566995-1.shtml
http://bbs.tianya.cn/post-1013-9998-1.shtml
http://bbs.tianya.cn/post-100-2001381-1.shtml
http://bbs.tianya.cn/post-1013-11802-1.shtml
http://bbs.tianya.cn/post-funinfo-7059307-1.shtml
http://bbs.tianya.cn/post-907-17291-1.shtml
http://bbs.tianya.cn/post-1012-27056-1.shtml
http://bbs.tianya.cn/post-no01-512352-1.shtml
http://bbs.tianya.cn/post-907-17820-1.shtml
http://bbs.tianya.cn/post-107-519418-1.shtml
http://bbs.tianya.cn/post-106-543479-1.shtml
http://bbs.tianya.cn/post-1013-11625-1.shtml
http://bbs.tianya.cn/post-103-560392-1.shtml
http://bbs.tianya.cn/post-108-549087-1.shtml
http://bbs.tianya.cn/post-1021-10219-1.shtml
http://bbs.tianya.cn/post-1090-3257-1.shtml
http://bbs.tianya.cn/post-1005-11363-1.shtml
http://bbs.tianya.cn/post-worldlook-1727044-1.shtml
http://bbs.tianya.cn/post-107-524779-1.shtml
http://bbs.tianya.cn/post-1013-11806-1.shtml
http://bbs.tianya.cn/post-1005-10885-1.shtml
http://bbs.tianya.cn/post-105-534076-1.shtml
http://bbs.tianya.cn/post-107-518535-1.shtml
http://bbs.tianya.cn/post-stocks-1647514-1.shtml
http://bbs.tianya.cn/post-103-567011-1.shtml
http://bbs.tianya.cn/post-culture-982609-1.shtml
http://bbs.tianya.cn/post-100-1924396-1.shtml
http://bbs.tianya.cn/post-1090-3088-1.shtml
http://bbs.tianya.cn/post-1089-19390-1.shtml
http://bbs.tianya.cn/post-41-1238255-1.shtml
http://bbs.tianya.cn/post-1090-3273-1.shtml
http://bbs.tianya.cn/post-103-567052-1.shtml
http://bbs.tianya.cn/post-100-1980820-1.shtml
http://bbs.tianya.cn/post-1095-208472-1.shtml
http://bbs.tianya.cn/post-105-532728-1.shtml
http://bbs.tianya.cn/post-107-525145-1.shtml
http://bbs.tianya.cn/post-106-542981-1.shtml
http://bbs.tianya.cn/post-105-533484-1.shtml
http://bbs.tianya.cn/post-1089-46569-1.shtml
http://bbs.tianya.cn/post-stocks-1759662-1.shtml
http://bbs.tianya.cn/post-stocks-1708119-1.shtml
http://bbs.tianya.cn/post-1090-3281-1.shtml
http://bbs.tianya.cn/post-1005-11154-1.shtml
http://bbs.tianya.cn/post-stocks-1770704-1.shtml
http://bbs.tianya.cn/post-1005-10724-1.shtml
http://bbs.tianya.cn/post-96-787498-1.shtml
http://bbs.tianya.cn/post-1089-46587-1.shtml
http://bbs.tianya.cn/post-108-549371-1.shtml
http://bbs.tianya.cn/post-stocks-1772452-1.shtml
http://bbs.tianya.cn/post-108-531868-1.shtml
http://bbs.tianya.cn/post-worldlook-1727110-1.shtml
http://bbs.tianya.cn/post-stocks-1307010-1.shtml
http://bbs.tianya.cn/post-1090-896-1.shtml
http://bbs.tianya.cn/post-106-551510-1.shtml
http://bbs.tianya.cn/post-itinfo-329590-1.shtml
http://bbs.tianya.cn/post-1012-16175-1.shtml
http://bbs.tianya.cn/post-108-549348-1.shtml
http://bbs.tianya.cn/post-1013-10317-1.shtml
http://bbs.tianya.cn/post-102-540026-1.shtml
http://bbs.tianya.cn/post-100-2001179-1.shtml
http://bbs.tianya.cn/post-107-517713-1.shtml
http://bbs.tianya.cn/post-103-567056-1.shtml
http://bbs.tianya.cn/post-103-566742-1.shtml
http://bbs.tianya.cn/post-1005-11372-1.shtml
http://bbs.tianya.cn/post-108-548218-1.shtml
http://bbs.tianya.cn/post-1005-10804-1.shtml
http://bbs.tianya.cn/post-108-549377-1.shtml
http://bbs.tianya.cn/post-free-5562383-1.shtml
http://bbs.tianya.cn/post-funinfo-7038796-1.shtml
http://bbs.tianya.cn/post-funinfo-7060441-1.shtml
http://bbs.tianya.cn/post-107-518484-1.shtml
http://bbs.tianya.cn/post-102-540449-1.shtml
http://bbs.tianya.cn/post-funinfo-7051686-1.shtml
http://bbs.tianya.cn/post-feeling-4156959-1.shtml
http://bbs.tianya.cn/post-1090-3181-1.shtml
http://bbs.tianya.cn/post-108-548522-1.shtml
http://bbs.tianya.cn/compose.jsp?item=105&sub=%E5%85%A8%E9%83%A8
http://bbs.tianya.cn/post-103-567018-1.shtml
http://bbs.tianya.cn/post-1013-11783-1.shtml
http://bbs.tianya.cn/post-spirit-216643-1.shtml
http://bbs.tianya.cn/compose.jsp?item=1005&sub=%E5%85%A8%E9%83%A8
http://bbs.tianya.cn/post-108-549396-1.shtml
http://bbs.tianya.cn/post-220-15784-1.shtml
http://bbs.tianya.cn/post-106-551537-1.shtml
http://bbs.tianya.cn/post-108-549368-1.shtml
http://bbs.tianya.cn/post-1013-11787-1.shtml
http://bbs.tianya.cn/post-102-540383-1.shtml
http://bbs.tianya.cn/post-1090-3204-1.shtml
http://bbs.tianya.cn/post-16-803392-1.shtml
http://bbs.tianya.cn/post-1005-7110-1.shtml
http://bbs.tianya.cn/post-108-548094-1.shtml
http://bbs.tianya.cn/post-1013-11782-1.shtml
http://bbs.tianya.cn/post-103-567050-1.shtml
http://bbs.tianya.cn/post-1013-11774-1.shtml
http://bbs.tianya.cn/post-100-1974453-1.shtml
http://bbs.tianya.cn/post-1021-12133-1.shtml
http://bbs.tianya.cn/post-1089-38731-1.shtml
http://bbs.tianya.cn/post-102-540481-1.shtml
http://bbs.tianya.cn/post-106-551504-1.shtml
http://bbs.tianya.cn/post-1005-11352-1.shtml
http://bbs.tianya.cn/post-284-615178-1.shtml
http://bbs.tianya.cn/post-100-2001382-1.shtml
http://bbs.tianya.cn/post-1021-681-1.shtml
http://bbs.tianya.cn/compose.jsp?item=1013&sub=%E5%85%A8%E9%83%A8
http://bbs.tianya.cn/post-102-540484-1.shtml
http://bbs.tianya.cn/post-103-566997-1.shtml
http://bbs.tianya.cn/post-103-567029-1.shtml
http://bbs.tianya.cn/post-1089-46548-1.shtml
http://bbs.tianya.cn/post-1012-27311-1.shtml
http://bbs.tianya.cn/post-16-1422741-1.shtml
http://bbs.tianya.cn/post-no04-2680150-1.shtml
http://bbs.tianya.cn/post-100-2001240-1.shtml
http://bbs.tianya.cn/post-108-549374-1.shtml
http://bbs.tianya.cn/post-1013-11291-1.shtml
http://bbs.tianya.cn/post-1013-11759-1.shtml
http://bbs.tianya.cn/post-funinfo-7013587-1.shtml
http://bbs.tianya.cn/post-106-550363-1.shtml
http://bbs.tianya.cn/post-1013-10314-1.shtml
http://bbs.tianya.cn/post-105-531747-1.shtml
http://bbs.tianya.cn/post-907-16480-1.shtml
http://bbs.tianya.cn/post-1013-10198-1.shtml
http://bbs.tianya.cn/post-1013-11791-1.shtml
http://bbs.tianya.cn/post-1021-12123-1.shtml
http://bbs.tianya.cn/post-1012-27159-1.shtml
http://bbs.tianya.cn/post-1089-32027-1.shtml
http://bbs.tianya.cn/post-travel-779537-1.shtml
http://bbs.tianya.cn/post-98-1064024-1.shtml
http://bbs.tianya.cn/post-107-525183-1.shtml
http://bbs.tianya.cn/post-free-4115971-1.shtml
http://bbs.tianya.cn/post-183-538920-1.shtml
http://bbs.tianya.cn/post-1012-27267-1.shtml
http://bbs.tianya.cn/post-107-525149-1.shtml
http://bbs.tianya.cn/post-105-533119-1.shtml
http://bbs.tianya.cn/post-1090-3236-1.shtml
http://bbs.tianya.cn/post-108-548341-1.shtml
http://bbs.tianya.cn/post-105-528677-1.shtml
http://bbs.tianya.cn/post-1013-6923-1.shtml
http://bbs.tianya.cn/post-100-2001185-1.shtml
http://bbs.tianya.cn/post-108-549330-1.shtml
http://bbs.tianya.cn/post-1013-11757-1.shtml
http://bbs.tianya.cn/post-100-1891686-1.shtml
http://bbs.tianya.cn/post-106-527854-1.shtml
http://bbs.tianya.cn/post-1013-11775-1.shtml
http://bbs.tianya.cn/post-102-540492-1.shtml
http://bbs.tianya.cn/post-108-548335-1.shtml
http://bbs.tianya.cn/post-1021-5545-1.shtml
http://bbs.tianya.cn/post-100-1923179-1.shtml
http://bbs.tianya.cn/post-1089-46555-1.shtml
http://bbs.tianya.cn/post-1021-4101-1.shtml
http://bbs.tianya.cn/post-106-551553-1.shtml
http://bbs.tianya.cn/post-103-564170-1.shtml
http://bbs.tianya.cn/post-1021-899-1.shtml
http://bbs.tianya.cn/post-105-528172-1.shtml
http://bbs.tianya.cn/post-cars-414522-1.shtml
http://bbs.tianya.cn/post-108-543247-1.shtml
http://bbs.tianya.cn/post-103-566998-1.shtml
http://bbs.tianya.cn/post-1090-3295-1.shtml
http://bbs.tianya.cn/post-102-527666-1.shtml
http://bbs.tianya.cn/post-1012-25936-1.shtml
http://bbs.tianya.cn/post-1089-46608-1.shtml
http://bbs.tianya.cn/post-102-540029-1.shtml
http://bbs.tianya.cn/post-103-567046-1.shtml
http://bbs.tianya.cn/compose.jsp?item=100&sub=%E5%85%A8%E9%83%A8
http://bbs.tianya.cn/post-1005-11376-1.shtml
http://bbs.tianya.cn/post-105-529598-1.shtml
http://bbs.tianya.cn/post-spirit-216804-1.shtml
http://bbs.tianya.cn/post-105-528159-1.shtml
http://bbs.tianya.cn/post-108-536883-1.shtml
http://bbs.tianya.cn/post-107-516134-1.shtml
http://bbs.tianya.cn/post-1021-12073-1.shtml
http://bbs.tianya.cn/post-107-516527-1.shtml
http://bbs.tianya.cn/post-106-551552-1.shtml
http://bbs.tianya.cn/post-105-534241-1.shtml
http://bbs.tianya.cn/post-1021-12146-1.shtml
http://bbs.tianya.cn/post-106-531419-1.shtml
http://bbs.tianya.cn/post-41-1239890-1.shtml
http://bbs.tianya.cn/post-107-515674-1.shtml
http://bbs.tianya.cn/post-108-549375-1.shtml
http://bbs.tianya.cn/post-106-551514-1.shtml
http://bbs.tianya.cn/post-1013-11789-1.shtml
http://bbs.tianya.cn/post-105-532582-1.shtml
http://bbs.tianya.cn/post-1089-46524-1.shtml
http://bbs.tianya.cn/post-1005-11351-1.shtml
http://bbs.tianya.cn/post-102-538518-1.shtml
http://bbs.tianya.cn/post-106-551522-1.shtml
http://bbs.tianya.cn/post-1012-20411-1.shtml
http://bbs.tianya.cn/post-103-561819-1.shtml
http://bbs.tianya.cn/post-1012-23509-1.shtml
http://bbs.tianya.cn/post-103-566913-1.shtml
http://bbs.tianya.cn/post-100-2001374-1.shtml
http://bbs.tianya.cn/post-no05-221892-1.shtml
http://bbs.tianya.cn/post-1021-9627-1.shtml
http://bbs.tianya.cn/post-1089-46398-1.shtml
http://bbs.tianya.cn/post-1005-11410-1.shtml
http://bbs.tianya.cn/post-1013-10348-1.shtml
http://bbs.tianya.cn/post-1021-11963-1.shtml
http://bbs.tianya.cn/post-1021-2152-1.shtml
http://bbs.tianya.cn/post-1012-27292-1.shtml
http://bbs.tianya.cn/post-107-517119-1.shtml
http://bbs.tianya.cn/post-1090-1321-1.shtml
http://bbs.tianya.cn/post-105-534237-1.shtml
http://bbs.tianya.cn/post-1005-11373-1.shtml
http://bbs.tianya.cn/post-oldgirl-163724-1.shtml
http://bbs.tianya.cn/post-1089-45263-1.shtml
http://bbs.tianya.cn/post-5244-1494-1.shtml
http://bbs.tianya.cn/post-1005-8816-1.shtml
http://bbs.tianya.cn/post-1089-45117-1.shtml
http://bbs.tianya.cn/post-107-523650-1.shtml
http://bbs.tianya.cn/post-1090-3234-1.shtml
http://bbs.tianya.cn/post-1021-12188-1.shtml
http://bbs.tianya.cn/post-105-528612-1.shtml
http://bbs.tianya.cn/compose.jsp?item=1012&sub=%E5%85%A8%E9%83%A8
http://bbs.tianya.cn/post-103-566999-1.shtml
http://bbs.tianya.cn/post-1089-43512-1.shtml
http://bbs.tianya.cn/post-no02-402523-1.shtml
http://bbs.tianya.cn/post-102-540289-1.shtml
http://bbs.tianya.cn/post-1013-3218-1.shtml
http://bbs.tianya.cn/post-1089-46602-1.shtml
http://bbs.tianya.cn/post-funinfo-7048689-1.shtml
http://bbs.tianya.cn/post-1012-27290-1.shtml
http://bbs.tianya.cn/post-106-551531-1.shtml
http://bbs.tianya.cn/post-free-3107631-1.shtml
http://bbs.tianya.cn/post-100-2001171-1.shtml
http://bbs.tianya.cn/post-1012-24464-1.shtml
http://bbs.tianya.cn/post-100-2001189-1.shtml
http://bbs.tianya.cn/post-1005-11358-1.shtml
http://bbs.tianya.cn/post-1089-46446-1.shtml
http://bbs.tianya.cn/post-105-529864-1.shtml
http://bbs.tianya.cn/post-665-1093155-1.shtml
http://bbs.tianya.cn/post-108-545974-1.shtml
http://bbs.tianya.cn/post-102-540378-1.shtml
http://bbs.tianya.cn/post-1090-3250-1.shtml
http://bbs.tianya.cn/post-1021-790-1.shtml
http://bbs.tianya.cn/post-106-551519-1.shtml
http://bbs.tianya.cn/post-106-551455-1.shtml
http://bbs.tianya.cn/post-1021-12156-1.shtml
http://bbs.tianya.cn/post-funinfo-7055997-1.shtml
http://bbs.tianya.cn/post-1013-2464-1.shtml
http://bbs.tianya.cn/post-1013-8896-1.shtml
http://bbs.tianya.cn/post-no04-2680305-1.shtml
http://bbs.tianya.cn/post-1021-4950-1.shtml
http://bbs.tianya.cn/post-stocks-1401261-1.shtml
http://bbs.tianya.cn/post-108-549365-1.shtml
http://bbs.tianya.cn/post-1090-3022-1.shtml
http://bbs.tianya.cn/post-907-16502-1.shtml
http://bbs.tianya.cn/post-102-540392-1.shtml
http://bbs.tianya.cn/post-106-533829-1.shtml
http://bbs.tianya.cn/post-1089-34877-1.shtml
http://bbs.tianya.cn/post-100-1960347-1.shtml
http://bbs.tianya.cn/post-333-985354-1.shtml
http://bbs.tianya.cn/post-1012-27289-1.shtml
http://bbs.tianya.cn/post-1021-12118-1.shtml
http://bbs.tianya.cn/post-1013-11772-1.shtml
http://bbs.tianya.cn/post-106-551545-1.shtml
http://bbs.tianya.cn/post-1090-3197-1.shtml
http://bbs.tianya.cn/post-1021-12157-1.shtml
http://bbs.tianya.cn/post-1005-11364-1.shtml
http://bbs.tianya.cn/post-102-540280-1.shtml
http://bbs.tianya.cn/post-develop-2165572-1.shtml
http://bbs.tianya.cn/post-1089-46519-1.shtml
http://bbs.tianya.cn/post-105-533157-1.shtml
http://bbs.tianya.cn/post-feeling-4156138-1.shtml
http://bbs.tianya.cn/post-1005-11361-1.shtml
http://bbs.tianya.cn/post-107-516618-1.shtml
http://bbs.tianya.cn/post-1005-11268-1.shtml
http://bbs.tianya.cn/post-1012-27320-1.shtml
http://bbs.tianya.cn/post-1090-1317-1.shtml
http://bbs.tianya.cn/post-1090-3298-1.shtml
http://bbs.tianya.cn/post-103-566939-1.shtml
http://bbs.tianya.cn/post-feeling-4144931-1.shtml
http://bbs.tianya.cn/post-1021-12166-1.shtml
http://bbs.tianya.cn/post-106-550838-1.shtml
http://bbs.tianya.cn/post-1012-27321-1.shtml
http://bbs.tianya.cn/post-spirit-216438-1.shtml
http://bbs.tianya.cn/post-102-540461-1.shtml
http://bbs.tianya.cn/post-funinfo-7055773-1.shtml
http://bbs.tianya.cn/post-1021-12098-1.shtml
http://bbs.tianya.cn/post-102-540241-1.shtml
http://bbs.tianya.cn/post-105-532056-1.shtml
http://bbs.tianya.cn/post-103-567053-1.shtml
http://bbs.tianya.cn/post-107-59112-1.shtml
http://bbs.tianya.cn/post-1021-12148-1.shtml
http://bbs.tianya.cn/post-100-1978079-1.shtml
http://bbs.tianya.cn/post-1012-27331-1.shtml
http://bbs.tianya.cn/post-1021-12059-1.shtml
http://bbs.tianya.cn/post-1021-12069-1.shtml
http://bbs.tianya.cn/post-102-540356-1.shtml
http://bbs.tianya.cn/post-107-524422-1.shtml
http://bbs.tianya.cn/post-1021-12128-1.shtml
http://bbs.tianya.cn/post-1089-46553-1.shtml
http://bbs.tianya.cn/post-1090-3309-1.shtml
http://bbs.tianya.cn/post-105-529260-1.shtml
http://bbs.tianya.cn/post-1005-11388-1.shtml
http://bbs.tianya.cn/post-106-551530-1.shtml
http://bbs.tianya.cn/post-1013-11603-1.shtml
http://bbs.tianya.cn/post-107-525185-1.shtml
http://bbs.tianya.cn/post-1012-15220-1.shtml
http://bbs.tianya.cn/post-feeling-4153398-1.shtml
http://bbs.tianya.cn/post-1021-12071-1.shtml
http://bbs.tianya.cn/post-107-523696-1.shtml
http://bbs.tianya.cn/post-1005-11381-1.shtml
http://bbs.tianya.cn/post-108-549369-1.shtml
http://bbs.tianya.cn/post-100-1891915-1.shtml
http://bbs.tianya.cn/post-1012-27312-1.shtml
http://bbs.tianya.cn/post-103-564901-1.shtml
http://bbs.tianya.cn/post-1089-46264-1.shtml
http://bbs.tianya.cn/post-1013-11739-1.shtml
http://bbs.tianya.cn/post-108-341051-1.shtml
http://bbs.tianya.cn/post-102-540450-1.shtml
http://bbs.tianya.cn/post-103-562823-1.shtml
http://bbs.tianya.cn/post-1090-3247-1.shtml
http://bbs.tianya.cn/post-102-540448-1.shtml
http://bbs.tianya.cn/post-1013-11811-1.shtml
http://bbs.tianya.cn/post-102-540485-1.shtml
http://bbs.tianya.cn/post-100-2001256-1.shtml
http://bbs.tianya.cn/post-develop-2168756-1.shtml
http://bbs.tianya.cn/post-1095-211110-1.shtml
http://bbs.tianya.cn/post-107-518945-1.shtml
http://bbs.tianya.cn/post-1089-46007-1.shtml
http://bbs.tianya.cn/post-107-523680-1.shtml
http://bbs.tianya.cn/post-105-534021-1.shtml
http://bbs.tianya.cn/post-108-549376-1.shtml
http://bbs.tianya.cn/post-100-655106-1.shtml
http://bbs.tianya.cn/post-feeling-4144378-1.shtml
http://bbs.tianya.cn/post-funinfo-7058985-1.shtml
http://bbs.tianya.cn/post-1012-27293-1.shtml
http://bbs.tianya.cn/post-103-566983-1.shtml
http://bbs.tianya.cn/post-travel-780749-1.shtml
http://bbs.tianya.cn/post-1089-37222-1.shtml
http://bbs.tianya.cn/post-1090-3294-1.shtml
http://bbs.tianya.cn/post-105-529224-1.shtml
http://bbs.tianya.cn/post-1021-12130-1.shtml
http://bbs.tianya.cn/post-100-639355-1.shtml
http://bbs.tianya.cn/post-100-1883958-1.shtml
http://bbs.tianya.cn/post-105-533527-1.shtml
http://bbs.tianya.cn/post-103-561839-1.shtml
http://bbs.tianya.cn/post-1021-12186-1.shtml
http://bbs.tianya.cn/post-no04-2680206-1.shtml
http://bbs.tianya.cn/post-100-2001379-1.shtml
http://bbs.tianya.cn/post-100-1864095-1.shtml
http://bbs.tianya.cn/post-183-562490-1.shtml
http://bbs.tianya.cn/post-103-560234-1.shtml
http://bbs.tianya.cn/post-1005-10717-1.shtml
http://bbs.tianya.cn/post-stocks-1743421-1.shtml
http://bbs.tianya.cn/post-100-2001380-1.shtml
http://bbs.tianya.cn/post-108-545666-1.shtml
http://bbs.tianya.cn/post-spirit-216368-1.shtml
http://bbs.tianya.cn/post-102-540451-1.shtml
http://bbs.tianya.cn/post-1013-11695-1.shtml
http://bbs.tianya.cn/post-107-515312-1.shtml
http://bbs.tianya.cn/post-1089-46578-1.shtml
http://bbs.tianya.cn/post-1021-12044-1.shtml
http://bbs.tianya.cn/post-1021-912-1.shtml
http://bbs.tianya.cn/post-108-549372-1.shtml
http://bbs.tianya.cn/post-934-108818-1.shtml
http://bbs.tianya.cn/post-spirit-216103-1.shtml
http://bbs.tianya.cn/post-16-1628647-1.shtml
http://bbs.tianya.cn/post-1021-12147-1.shtml
http://bbs.tianya.cn/post-1089-46552-1.shtml
http://bbs.tianya.cn/post-102-540394-1.shtml
http://bbs.tianya.cn/post-1005-11379-1.shtml
http://bbs.tianya.cn/post-1012-27318-1.shtml
http://bbs.tianya.cn/post-108-536173-1.shtml
http://bbs.tianya.cn/post-outseachina-103939-1.shtml
http://bbs.tianya.cn/post-108-548324-1.shtml
http://bbs.tianya.cn/post-100-1960104-1.shtml
http://bbs.tianya.cn/post-106-551392-1.shtml
http://bbs.tianya.cn/post-1095-212276-1.shtml
http://bbs.tianya.cn/post-1013-11761-1.shtml
http://bbs.tianya.cn/post-1089-46595-1.shtml
http://bbs.tianya.cn/post-1021-12074-1.shtml
http://bbs.tianya.cn/post-108-536882-1.shtml
http://bbs.tianya.cn/post-motss-620029-1.shtml
http://bbs.tianya.cn/post-1012-27329-1.shtml
http://bbs.tianya.cn/post-1005-10928-1.shtml
http://bbs.tianya.cn/compose.jsp?item=1089&sub=%E5%85%A8%E9%83%A8
http://bbs.tianya.cn/post-1005-10802-1.shtml
http://bbs.tianya.cn/post-105-534086-1.shtml
http://bbs.tianya.cn/post-107-516035-1.shtml
