3181>> [list-manual] list <- /list-22-1.shtml
3182>> [list-manual] list <- /list-168-1.shtml
3183>> [detail-manual] post- <- /post-1013-2464-1.shtml
3184>> [list-manual] list <- /list-837-1.shtml
3185>> [list-manual] list <- /list-108-1.shtml
3186>> [list-manual] list <- /list-183-1.shtml
3187>> [list-manual] list <- /list-99-1.shtml
3188>> [list-manual] list <- /list-58-1.shtml
3189>> [list-manual] list <- /list-no110-1.shtml
3190>> [list-manual] list <- /list-fans-1.shtml
3191>> [list-manual] list <- /list-108-1.shtml
3192>> [detail-manual] post- <- /post-102-540232-1.shtml
3193>> [list-manual] list <- /list-no20-1.shtml
3194>> [list-manual] list <- /list-1013-1.shtml
3195>> [list-manual] list <- /list-apply-1.shtml
3196>> [detail-manual] post- <- /post-1012-24464-1.shtml
3197>> [list-manual] list <- /list-oldgirl-1.shtml
3198>> [list-manual] list <- /list-1160-1.shtml
3199>> [list-manual] list <- /list-1089-1.shtml
3200>> [list-manual] list <- /list-culture-1.shtml
3201>> [list-manual] list <- /list-923-1.shtml
3202>> [list-manual] list <- /list-apply-1.shtml
3203>> [list-manual] list <- /list-22-1.shtml
3204>> [list-manual] list <- /list-477-1.shtml
3205>> [list-manual] list <- /list-3d-1.shtml
3206>> [detail-manual] post- <- /post-1021-861-1.shtml
3207>> [list-manual] list <- /list-743-1.shtml
3208>> [list-manual] list <- /list-494-1.shtml
3209>> [list-manual] list <- /list-numtechnoloy-1.shtml
3210>> [list-manual] list <- /list-183-1.shtml
3211>> [list-manual] list <- /list-767-1.shtml
3212>> [list-manual] list <- /list-39-1.shtml
3213>> [list-manual] list <- /list-401-1.shtml
3214>> [list-manual] list <- /list-108-1.shtml
3215>> [list-manual] list <- /list-217-1.shtml
3216>> [list-manual] list <- /list-873-1.shtml
3217>> [list-manual] list <- /list-149-1.shtml
3218>> [list-manual] list <- /list-help-1.shtml
3219>> [list-manual] list <- /list-oldgirl-1.shtml
3220>> [list-manual] list <- /list-743-1.shtml
3221>> [list-manual] list <- /list-113-1.shtml
3222>> [list-manual] list <- /list-191-1.shtml
3223>> [list-manual] list <- /list-apply-1.shtml
3224>> [list-manual] list <- /list-151-1.shtml
3225>> [detail-manual] post- <- /post-100-1991869-1.shtml
3226>> [list-manual] list <- /list-46-1.shtml
3227>> [detail-manual] post- <- /post-free-5537921-1.shtml
3228>> [list-manual] list <- /list-shortmessage-1.shtml
3229>> [detail-manual] post- <- /post-no04-2676162-1.shtml
3230>> [list-manual] list <- /list-spirit-1.shtml
3231>> [detail-manual] post- <- /post-1005-11178-1.shtml
3232>> [list-manual] list <- /list-417-1.shtml
3233>> [list-manual] list <- /list-517-1.shtml
3234>> [list-manual] list <- /list-tianyamyself-1.shtml
3235>> [list-manual] list <- /list-743-1.shtml
3236>> [list-manual] list <- /list-860-1.shtml
3237>> [list-manual] list <- /list-837-1.shtml
3238>> [detail-manual] post- <- /post-1021-11921-1.shtml
3239>> [list-manual] list <- /list-417-1.shtml
3240>> [list-manual] list <- /list-217-1.shtml
3241>> [list-manual] list <- /list-motss-1.shtml
3242>> [list-manual] list <- /list-outseachina-1.shtml
3243>> [list-manual] list <- /list-178-1.shtml
3244>> [list-manual] list <- /list-168-1.shtml
3245>> [list-manual] list <- /list-free-1.shtml
3246>> [list-manual] list <- /list-417-1.shtml
3247>> [list-manual] list <- /list-1013-1.shtml
3248>> [list-manual] list <- /list-cars-1.shtml
3249>> [detail-manual] post- <- /post-feeling-4141926-1.shtml
3250>> [error] post- <- /post-stocks-1761681-1.shtml
3251>> [list-manual] list <- /list-860-1.shtml
3252>> [list-manual] list <- /list-61-1.shtml
3253>> [detail-manual] post- <- /post-1005-11373-1.shtml
3254>> [list-manual] list <- /list.jsp?grade=0&item=1005&order=2&sub=0
3255>> [list-manual] list <- /list-166-1.shtml
3256>> [list-manual] list <- /list-201-1.shtml
3257>> [list-manual] list <- /list-29-1.shtml
3258>> [list-manual] list <- /list-outseachina-1.shtml
3259>> [list-manual] list <- /list-477-1.shtml
3260>> [list-manual] list <- /list-1124-1.shtml
3261>> [list-manual] list <- /list-free-1.shtml
3262>> [detail-manual] post- <- /post-1095-204132-1.shtml
3263>> [list-manual] list <- /list-210-1.shtml
3264>> [error] list <- /list-no20-1.shtml
3265>> [error] list <- /list-849-1.shtml
3266>> [error] list <- /list-1089-1.shtml
3267>> [error] list <- /list-1124-1.shtml
3268>> [error] list <- /list-401-1.shtml
3269>> [list-manual] list <- /list-29-1.shtml
3270>> [detail-manual] post- <- /post-1021-11905-1.shtml
3271>> [list-manual] list <- /list-358-1.shtml
3272>> [list-manual] list <- /list-358-1.shtml
3273>> [list-manual] list <- /list-338-1.shtml
3274>> [list-manual] list <- /list-22-1.shtml
3275>> [list-manual] list <- /list-basketball-1.shtml
3276>> [list-manual] list <- /list-numtechnoloy-1.shtml
3277>> [list-manual] list <- /list-191-1.shtml
3278>> [list-manual] list <- /list-358-1.shtml
3279>> [detail-manual] post- <- /post-worldlook-1711062-1.shtml
3280>> [list-manual] list <- /list-1089-1.shtml
3281>> [list-manual] list <- /list-1110-1.shtml
3282>> [list-manual] list <- /list-1110-1.shtml
3283>> [detail-manual] post- <- /post-245-8248-1.shtml
3284>> [list-manual] list <- /list-43-1.shtml
3285>> [list-manual] list <- /list-108-1.shtml
3286>> [list-manual] list <- /list-university-1.shtml
3287>> [list-manual] list <- /list-388-1.shtml
3288>> [list-manual] list <- /list-tianyamyself-1.shtml
3289>> [list-manual] list <- /list-1110-1.shtml
3290>> [list-manual] list <- /list-numtechnoloy-1.shtml
3291>> [list-manual] list <- /list-364-1.shtml
3292>> [list-manual] list <- /list-364-1.shtml
3293>> [list-manual] list <- /list-apply-1.shtml
3294>> [detail-manual] post- <- /post-funinfo-7015726-1.shtml
3295>> [list-manual] list <- /list-372-1.shtml
3296>> [list-manual] list <- /list-spirit-1.shtml
3297>> [list-manual] list <- /list-766-1.shtml
3298>> [list-manual] list <- /list-168-1.shtml
3299>> [list-manual] list <- /list-364-1.shtml
3300>> [list-manual] list <- /list-university-1.shtml
3301>> [list-manual] list <- /list-777-1.shtml
3302>> [list-manual] list <- /list-777-1.shtml
3303>> [detail-manual] post- <- /post-1013-11573-1.shtml
3304>> [list-manual] list <- /list-743-1.shtml
3305>> [list-manual] list <- /list-837-1.shtml
3306>> [list-manual] list <- /list-motss-1.shtml
3307>> [list-manual] list <- /list-71-1.shtml
3308>> [list-manual] list <- /list-166-1.shtml
3309>> [list-manual] list <- /list-spirit-1.shtml
3310>> [detail-manual] post- <- /post-102-540242-1.shtml
3311>> [list-manual] list <- /list-777-1.shtml
3312>> [list-manual] list <- /list-no110-1.shtml
3313>> [list-manual] list <- /list-no110-1.shtml
3314>> [list-manual] list <- /list-417-1.shtml
3315>> [list-manual] list <- /list-no05-1.shtml
3316>> [list-manual] list <- /list-61-1.shtml
3317>> [list-manual] list <- /list-no20-1.shtml
3318>> [list-manual] list <- /list-131-1.shtml
3319>> [list-manual] list <- /list-motss-1.shtml
3320>> [list-manual] list <- /list-no110-1.shtml
3321>> [list-manual] list <- /list-culture-1.shtml
3322>> [list-manual] list <- /list-culture-1.shtml
3323>> [list-manual] list <- /list-outseachina-1.shtml
3324>> [list-manual] list <- /list.jsp?item=1012&sub=3
3325>> [detail-manual] post- <- /post-worldlook-1711949-1.shtml
3326>> [list-manual] list <- /list-414-1.shtml
3327>> [list-manual] list <- /list-22-1.shtml
3328>> [list-manual] list <- /list-183-1.shtml
3329>> [list-manual] list <- /list-61-1.shtml
3330>> [list-manual] list <- /list-culture-1.shtml
3331>> [list-manual] list <- /list-183-1.shtml
3332>> [list-manual] list <- /list-1124-1.shtml
3333>> [list-manual] list <- /list-183-1.shtml
3334>> [detail-manual] post- <- /post-45-1731465-1.shtml
3335>> [detail-manual] post- <- /post-tianyamyself-279929-1.shtml
3336>> [detail-manual] post- <- /post-worldlook-1711829-1.shtml
3337>> [detail-manual] post- <- /post-105-529260-1.shtml
3338>> [list-manual] list <- /list-141-1.shtml
3339>> [list-manual] list <- /list-108-1.shtml
3340>> [list-manual] list <- /list-24-1.shtml
3341>> [detail-manual] post- <- /post-no04-2675861-1.shtml
3342>> [list-manual] list <- /list-210-1.shtml
3343>> [list-manual] list <- /list-oldgirl-1.shtml
3344>> [list-manual] list <- /list-183-1.shtml
3345>> [list-manual] list <- /list-358-1.shtml
3346>> [list-manual] list <- /list-oldgirl-1.shtml
3347>> [list-manual] list <- /list.jsp?item=1012&sub=2
3348>> [list-manual] list <- /list-45-1.shtml
3349>> [list-manual] list <- /list-apply-1.shtml
3350>> [list-manual] list <- /list-338-1.shtml
3351>> [list-manual] list <- /list-130-1.shtml
3352>> [detail-manual] post- <- /post-1005-11358-1.shtml
3353>> [detail-manual] post- <- /post-1005-6637-1.shtml
3354>> [list-manual] list <- /list-shortmessage-1.shtml
3355>> [list-manual] list <- /list-oldgirl-1.shtml
3356>> [list-manual] list <- /list-1110-1.shtml
3357>> [list-manual] list <- /list-3d-1.shtml
3358>> [detail-manual] post- <- /post-100-1983323-1.shtml
3359>> [list-manual] list <- /list-743-1.shtml
3360>> [list-manual] list <- /list-consumer-1.shtml
3361>> [list-manual] list <- /list-43-1.shtml
3362>> [list-manual] list <- /list-no02-1.shtml
3363>> [list-manual] list <- /list-217-1.shtml
3364>> [list-manual] list <- /list-3d-1.shtml
3365>> [list-manual] list <- /list-364-1.shtml
3366>> [list-manual] list <- /list-210-1.shtml
3367>> [detail-manual] post- <- /post-1021-790-1.shtml
3368>> [list-manual] list <- /list-217-1.shtml
3369>> [detail-manual] post- <- /post-100-1981974-1.shtml
3370>> [detail-manual] post- <- /post-100-1992171-1.shtml
3371>> [detail-manual] post- <- /post-100-1857577-1.shtml
3372>> [list-manual] list <- /list-417-1.shtml
3373>> [detail-manual] post- <- /post-oldgirl-162458-1.shtml
3374>> [detail-manual] post- <- /post-no20-581090-1.shtml
3375>> [detail-manual] post- <- /post-develop-2141112-1.shtml
3376>> [detail-manual] post- <- /post-5244-1439-1.shtml
3377>> [list-manual] list <- /list-filmtv-1.shtml
3378>> [list-manual] list <- /list-394-1.shtml
3379>> [list-manual] list <- /list-780-1.shtml
3380>> [list-manual] list <- /list-151-1.shtml
3381>> [list-manual] list <- /list-777-1.shtml
3382>> [list-manual] list <- /list-217-1.shtml
3383>> [list-manual] list <- /list.jsp?item=1012&sub=7
3384>> [list-manual] list <- /list-151-1.shtml
3385>> [list-manual] list <- /list-cars-1.shtml
3386>> [list-manual] list <- /list-5031-1.shtml
3387>> [list-manual] list <- /list-372-1.shtml
3388>> [list-manual] list <- /list-860-1.shtml
3389>> [list-manual] list <- /list-1108-1.shtml
3390>> [list-manual] list <- /list-no110-1.shtml
3391>> [list-manual] list <- /list-151-1.shtml
3392>> [list-manual] list <- /list-860-1.shtml
3393>> [list-manual] list <- /list-1124-1.shtml
3394>> [list-manual] list <- /list-no05-1.shtml
3395>> [detail-manual] post- <- /post-1089-45933-1.shtml
3396>> [detail-manual] post- <- /post-907-15106-1.shtml
3397>> [detail-manual] post- <- /post-56-632199-1.shtml
3398>> [list-manual] list <- /list-143-1.shtml
3399>> [list-manual] list <- /list-free-1.shtml
3400>> [list-manual] list <- /list-399-1.shtml
3401>> [detail-manual] post- <- /post-1013-3218-1.shtml
3402>> [list-manual] list <- /list-culture-1.shtml
3403>> [list-manual] list <- /list-860-1.shtml
3404>> [list-manual] list <- /list-338-1.shtml
3405>> [list-manual] list <- /list-358-1.shtml
3406>> [list-manual] list <- /list-free-1.shtml
3407>> [detail-manual] post- <- /post-worldlook-1711949-1.shtml
3408>> [list-manual] list <- /list-414-1.shtml
3409>> [detail-manual] post- <- /post-907-15234-1.shtml
3410>> [detail-manual] post- <- /post-1089-46007-1.shtml
3411>> [list-manual] list <- /list-100-1.shtml
3412>> [list-manual] list <- /list-29-1.shtml
3413>> [list-manual] list <- /list-1090-1.shtml
3414>> [list-manual] list <- /list-183-1.shtml
3415>> [list-manual] list <- /list.jsp?item=1012&sub=5
3416>> [list-manual] list <- /list-free-1.shtml
3417>> [list-manual] list <- /list-1110-1.shtml
3418>> [list-manual] list <- /list-29-1.shtml
3419>> [detail-manual] post- <- /post-worldlook-1711829-1.shtml
3420>> [detail-manual] post- <- /post-feeling-4144594-1.shtml
3421>> [list-manual] list <- /list-45-1.shtml
3422>> [detail-manual] post- <- /post-no04-2676233-1.shtml
3423>> [list-manual] list <- /list-5155-1.shtml
3424>> [detail-manual] post- <- /post-1005-11158-1.shtml
3425>> [list-manual] list <- /list-1089-1.shtml
3426>> [list-manual] list <- /list-oldgirl-1.shtml
3427>> [list-manual] list <- /list-5036-1.shtml
3428>> [list-manual] list <- /list-29-1.shtml
3429>> [list-manual] list <- /list-364-1.shtml
3430>> [detail-manual] post- <- /post-1021-11640-1.shtml
3431>> [list-manual] list <- /list-1089-1.shtml
3432>> [list-manual] list <- /list-consumer-1.shtml
3433>> [list-manual] list <- /list-numtechnoloy-1.shtml
3434>> [list-manual] list <- /list-144-1.shtml
3435>> [list-manual] list <- /list-3d-1.shtml
3436>> [detail-manual] post- <- /post-1012-27140-1.shtml
3437>> [list-manual] list <- /list.jsp?item=1012&sub=9
3438>> [list-manual] list <- /list-1089-1.shtml
3439>> [list-manual] list <- /list-777-1.shtml
3440>> [detail-manual] post- <- /post-oldgirl-162458-1.shtml
3441>> [detail-manual] post- <- /post-no20-581090-1.shtml
3442>> [list-manual] list <- /list-filmtv-1.shtml
3443>> [list-manual] list <- /list-numtechnoloy-1.shtml
3444>> [list-manual] list <- /list-university-1.shtml
3445>> [list-manual] list <- /list-no02-1.shtml
3446>> [detail-manual] post- <- /post-1013-5343-1.shtml
3447>> [list-manual] list <- /list-217-1.shtml
3448>> [list-manual] list <- /list-no110-1.shtml
3449>> [list-manual] list <- /list-numtechnoloy-1.shtml
3450>> [list-manual] list <- /list-5031-1.shtml
3451>> [list-manual] list <- /list-university-1.shtml
3452>> [list-manual] list <- /list-spirit-1.shtml
3453>> [detail-manual] post- <- /post-no04-2676250-1.shtml
3454>> [list-manual] list <- /list-763-1.shtml
3455>> [list-manual] list <- /list.jsp?item=1012&sub=8
3456>> [list-manual] list <- /list-151-1.shtml
3457>> [detail-manual] post- <- /post-100-1939297-1.shtml
3458>> [list-manual] list <- /list-culture-1.shtml
3459>> [list-manual] list <- /list-university-1.shtml
3460>> [detail-manual] post- <- /post-1089-45933-1.shtml
3461>> [list-manual] list <- /list-143-1.shtml
3462>> [list-manual] list <- /list-spirit-1.shtml
3463>> [list-manual] list <- /list.jsp?grade=7&item=100
3464>> [list-manual] list <- /list-860-1.shtml
3465>> [list-manual] list <- /list-952-1.shtml
3466>> [detail-manual] post- <- /post-1005-11360-1.shtml
3467>> [list-manual] list <- /list-motss-1.shtml
3468>> [list-manual] list <- /list-motss-1.shtml
3469>> [detail-manual] post- <- /post-1089-46007-1.shtml
3470>> [list-manual] list <- /list-100-1.shtml
3471>> [list-manual] list <- /list.jsp?item=102&order=1
3472>> [detail-manual] post- <- /post-1012-24280-1.shtml
3473>> [detail-manual] post- <- /post-1012-27090-1.shtml
3474>> [list-manual] list <- /list-43-1.shtml
3475>> [list-manual] list <- /list-free-1.shtml
3476>> [list-manual] \/$ <- /
3477>> [list-manual] list <- /list-61-1.shtml
3478>> [list-manual] list <- /list-61-1.shtml
3479>> [list-manual] list <- /list-5155-1.shtml
3480>> [list-manual] list <- /list-183-1.shtml
3481>> [detail-manual] post- <- /post-1012-27210-1.shtml
3482>> [list-manual] list <- /list-394-1.shtml
3483>> [list-manual] list <- /list-409-1.shtml
3484>> [list-manual] list <- /list-29-1.shtml
3485>> [list-manual] list <- /list-210-1.shtml
3486>> [list-manual] list <- /list-210-1.shtml
3487>> [list-manual] list <- /list-144-1.shtml
3488>> [list-manual] list <- /list-spirit-1.shtml
3489>> [list-manual] list <- /list-763-1.shtml
3490>> [list-manual] list <- /list-338-1.shtml
3491>> [list-manual] list <- /list-1089-1.shtml
3492>> [detail-manual] post- <- /post-no04-2676287-1.shtml
3493>> [list-manual] list <- /list-284-1.shtml
3494>> [list-manual] list <- /list-372-1.shtml
3495>> [list-manual] list <- /list-oldgirl-1.shtml
3496>> [list-manual] list <- /list-motss-1.shtml
3497>> [list-manual] list <- /list-338-1.shtml
3498>> [list-manual] list <- /list-952-1.shtml
3499>> [list-manual] list <- /list-43-1.shtml
3500>> [list-manual] list <- /list-numtechnoloy-1.shtml
3501>> [detail-manual] post- <- /post-lookout-473562-1.shtml
3502>> [detail-manual] post- <- /post-feeling-4144594-1.shtml
3503>> [detail-manual] post- <- /post-189-590389-1.shtml
3504>> [list-manual] list <- /list-923-1.shtml
3505>> [list-manual] list <- /list-3d-1.shtml
3506>> [detail-manual] post- <- /post-1012-4159-1.shtml
3507>> [list-manual] list <- /list-no05-1.shtml
3508>> [list-manual] list <- /list-61-1.shtml
3509>> [detail-manual] post- <- /post-1005-11364-1.shtml
3510>> [detail-manual] post- <- /post-1005-11361-1.shtml
3511>> [list-manual] list <- /list-43-1.shtml
3512>> [list-manual] \/$ <- /
3513>> [list-manual] list <- /list-394-1.shtml
3514>> [list-manual] list <- /list-university-1.shtml
3515>> [list-manual] list <- /list-767-1.shtml
3516>> [detail-manual] post- <- /post-100-1991363-1.shtml
3517>> [list-manual] list <- /list-217-1.shtml
3518>> [detail-manual] post- <- /post-1012-27197-1.shtml
3519>> [list-manual] list <- /list-414-1.shtml
3520>> [detail-manual] post- <- /post-102-540395-1.shtml
3521>> [list-manual] list <- /list-210-1.shtml
3522>> [detail-manual] post- <- /post-1005-11268-1.shtml
3523>> [list-manual] list <- /list-394-1.shtml
3524>> [list-manual] list <- /list-409-1.shtml
3525>> [list-manual] list <- /list-spirit-1.shtml
3526>> [list-manual] list <- /list-372-1.shtml
3527>> [list-manual] list <- /list-113-1.shtml
3528>> [list-manual] list <- /list-151-1.shtml
3529>> [list-manual] list <- /list-923-1.shtml
3530>> [list-manual] list <- /list-372-1.shtml
3531>> [list-manual] list <- /list-338-1.shtml
3532>> [list-manual] list <- /list-141-1.shtml
3533>> [list-manual] list <- /list-motss-1.shtml
3534>> [list-manual] list <- /list-no05-1.shtml
3535>> [list-manual] list <- /list-860-1.shtml
3536>> [detail-manual] post- <- /post-245-8244-1.shtml
3537>> [detail-manual] post- <- /post-funinfo-7014949-1.shtml
3538>> [list-manual] list <- /list-766-1.shtml
3539>> [list-manual] list <- /list-767-1.shtml
3540>> [list-manual] list <- /list-no05-1.shtml
3541>> [list-manual] list <- /list-43-1.shtml
3542>> [detail-manual] post- <- /post-1012-15220-1.shtml
3543>> [list-manual] list <- /list-912-1.shtml
3544>> [list-manual] list <- /list-414-1.shtml
3545>> [list-manual] list <- /list-61-1.shtml
3546>> [list-manual] list <- /list-free-1.shtml
3547>> [detail-manual] post- <- /post-funinfo-7011337-1.shtml
3548>> [detail-manual] post- <- /post-no01-511113-1.shtml
3549>> [detail-manual] post- <- /post-free-5538499-1.shtml
3550>> [list-manual] list <- /list-5036-1.shtml
3551>> [list-manual] list <- /list-113-1.shtml
3552>> [list-manual] list <- /list-414-1.shtml
3553>> [list-manual] list <- /list.jsp?grade=4&item=1012
3554>> [detail-manual] post- <- /post-102-540359-1.shtml
3555>> [list-manual] list <- /list-394-1.shtml
3556>> [detail-manual] post- <- /post-1021-10539-1.shtml
3557>> [list-manual] list <- /list-141-1.shtml
3558>> [detail-manual] post- <- /post-1013-11716-1.shtml
3559>> [list-manual] list <- /list-210-1.shtml
3560>> [list-manual] list <- /list-29-1.shtml
3561>> [detail-manual] post- <- /post-1170-331-1.shtml
3562>> [list-manual] list <- /list.jsp?grade=3&item=1005&order=1
3563>> [detail-manual] post- <- /post-funinfo-7014949-1.shtml
3564>> [error-manual] error <- /list-5036-1.shtml
3565>> [error-manual] error <- /list-372-1.shtml
3566>> [error-manual] error <- /list-45-1.shtml
3567>> [error-manual] error <- /list-338-1.shtml
3568>> [error-manual] error <- /list-1089-1.shtml
3569>> [detail-manual] post- <- /post-free-5538499-1.shtml
3570>> [error-manual] error <- /list-766-1.shtml
3571>> [list-manual] list <- /list-5031-1.shtml
3572>> [list-manual] list <- /list-no05-1.shtml
3573>> [detail-manual] post- <- /post-1013-10198-1.shtml
3574>> [list-manual] list <- /list-43-1.shtml
3575>> [detail-manual] post- <- /post-1021-11834-1.shtml
3576>> [list-manual] list <- /list-filmtv-1.shtml
3577>> [list-manual] list <- /list-numtechnoloy-1.shtml
3578>> [detail-manual] post- <- /post-1005-10818-1.shtml
3579>> [detail-manual] post- <- /post-1005-11350-1.shtml
3580>> [detail-manual] post- <- /post-1005-11388-1.shtml
3581>> [list-manual] list <- /list-141-1.shtml
3582>> [detail-manual] post- <- /post-funinfo-7011337-1.shtml
3583>> [detail-manual] post- <- /post-102-540241-1.shtml
3584>> [list-manual] list <- /list-414-1.shtml
3585>> [detail-manual] post- <- /post-1012-27081-1.shtml
3586>> [detail-manual] post- <- /post-1012-26953-1.shtml
3587>> [list-manual] list <- /list-143-1.shtml
3588>> [list-manual] list <- /list-394-1.shtml
3589>> [list-manual] list <- /list-5031-1.shtml
3590>> [list-manual] list <- /list-university-1.shtml
3591>> [list-manual] list <- /list-45-1.shtml
3592>> [detail-manual] post- <- /post-102-540411-1.shtml
3593>> [detail-manual] post- <- /post-102-540356-1.shtml
3594>> [detail-manual] post- <- /post-102-540332-1.shtml
3595>> [list-manual] list <- /list-141-1.shtml
3596>> [list-manual] list <- /list-100-1.shtml
3597>> [list-manual] list <- /list-372-1.shtml
3598>> [list-manual] list <- /list-143-1.shtml
3599>> [list-manual] list <- /list-spirit-1.shtml
3600>> [list-manual] list <- /list.jsp?grade=5&item=1021
3601>> [list-manual] list <- /list-no05-1.shtml
3602>> [list-manual] list <- /list-45-1.shtml
3603>> [detail-manual] post- <- /post-1005-11381-1.shtml
3604>> [detail-manual] post- <- /post-1005-4906-1.shtml
3605>> [list-manual] list <- /list-filmtv-1.shtml
3606>> [list-manual] list <- /list-5155-1.shtml
3607>> [list-manual] list <- /list-motss-1.shtml
3608>> [list-manual] list <- /list-414-1.shtml
3609>> [list-manual] list <- /list-71-1.shtml
3610>> [list-manual] list <- /list-144-1.shtml
3611>> [list-manual] list <- /list-5031-1.shtml
3612>> [detail-manual] post- <- /post-100-1827180-1.shtml
3613>> [list-manual] list <- /list-61-1.shtml
3614>> [detail-manual] post- <- /post-1021-6870-1.shtml
3615>> [list-manual] list <- /list-100-1.shtml
3616>> [list-manual] list <- /list-1151-1.shtml
3617>> [list-manual] list <- /list-141-1.shtml
3618>> [list-manual] list <- /list-763-1.shtml
3619>> [list-manual] list <- /list-143-1.shtml
3620>> [list-manual] list <- /list-5155-1.shtml
3621>> [detail-manual] post- <- /post-100-1977643-1.shtml
3622>> [list-manual] list <- /list-210-1.shtml
3623>> [list-manual] list <- /list-filmtv-1.shtml
3624>> [detail-manual] post- <- /post-1013-11648-1.shtml
3625>> [list-manual] list <- /list-45-1.shtml
3626>> [list-manual] list <- /list-100-1.shtml
3627>> [list-manual] list <- /list-952-1.shtml
3628>> [list-manual] list <- /list-144-1.shtml
3629>> [list-manual] list <- /list-338-1.shtml
3630>> [detail-manual] post- <- /post-1013-7816-1.shtml
3631>> [detail-manual] post- <- /post-1013-11498-1.shtml
3632>> [list-manual] list <- /list-filmtv-1.shtml
3633>> [list-manual] list <- /list-5031-1.shtml
3634>> [list-manual] list <- /list-5155-1.shtml
3635>> [list-manual] \/$ <- /
3636>> [detail-manual] post- <- /post-100-1983309-1.shtml
3637>> [list-manual] list <- /list-43-1.shtml
3638>> [list-manual] list <- /list-763-1.shtml
3639>> [list-manual] list <- /list-5031-1.shtml
3640>> [detail-manual] post- <- /post-102-540450-1.shtml
3641>> [detail-manual] post- <- /post-102-540370-1.shtml
3642>> [detail-manual] post- <- /post-102-540384-1.shtml
3643>> [list-manual] list <- /list-143-1.shtml
3644>> [list-manual] list <- /list-409-1.shtml
3645>> [detail-manual] post- <- /post-1005-11348-1.shtml
3646>> [list-manual] list <- /list-144-1.shtml
3647>> [detail-manual] post- <- /post-100-1874861-1.shtml
3648>> [list-manual] list <- /list-394-1.shtml
3649>> [list-manual] list <- /list-952-1.shtml
3650>> [detail-manual] post- <- /post-102-540454-1.shtml
3651>> [list-manual] list <- /list-100-1.shtml
3652>> [list-manual] list <- /list-143-1.shtml
3653>> [list-manual] list <- /list-5033-1.shtml
3654>> [list-manual] list <- /list-763-1.shtml
3655>> [list-manual] \/$ <- /
3656>> [list-manual] list <- /list-372-1.shtml
3657>> [list-manual] list <- /list-5155-1.shtml
3658>> [list-manual] list <- /list-100-1.shtml
3659>> [list-manual] list <- /list-952-1.shtml
3660>> [detail-manual] post- <- /post-1012-20411-1.shtml
3661>> [list-manual] list <- /list-923-1.shtml
3662>> [list-manual] list <- /list-409-1.shtml
3663>> [list-manual] list <- /list-no05-1.shtml
3664>> [list-manual] list <- /list-5155-1.shtml
3665>> [detail-manual] post- <- /post-102-540237-1.shtml
3666>> [list-manual] list <- /list-144-1.shtml
3667>> [list-manual] \/$ <- /
3668>> [list-manual] list <- /list-767-1.shtml
3669>> [detail-manual] post- <- /post-100-1988040-1.shtml
3670>> [list-manual] list <- /list-414-1.shtml
3671>> [detail-manual] post- <- /post-1021-11891-1.shtml
3672>> [detail-manual] post- <- /post-1021-912-1.shtml
3673>> [list-manual] list <- /list-923-1.shtml
3674>> [list-manual] list <- /list-144-1.shtml
3675>> [list-manual] list <- /list.jsp?grade=5&item=102
3676>> [list-manual] list <- /list-113-1.shtml
3677>> [list-manual] list <- /list-409-1.shtml
3678>> [list-manual] list <- /list-141-1.shtml
3679>> [list-manual] list <- /list-767-1.shtml
3680>> [list-manual] list <- /list-763-1.shtml
3681>> [list-manual] list <- /list-5036-1.shtml
3682>> [detail-manual] post- <- /post-1005-10717-1.shtml
3683>> [detail-manual] post- <- /post-1005-11353-1.shtml
3684>> [list-manual] list <- /list-923-1.shtml
3685>> [list-manual] list <- /list-113-1.shtml
3686>> [list-manual] list <- /list-45-1.shtml
3687>> [list-manual] list <- /list-763-1.shtml
3688>> [detail-manual] post- <- /post-1013-9787-1.shtml
3689>> [list-manual] list <- /list-952-1.shtml
3690>> [list-manual] list <- /list-767-1.shtml
3691>> [list-manual] list <- /list-766-1.shtml
3692>> [detail-manual] post- <- /post-1021-11949-1.shtml
3693>> [detail-manual] post- <- /post-1021-11842-1.shtml
3694>> [list-manual] list <- /list-5036-1.shtml
3695>> [list-manual] list <- /list-filmtv-1.shtml
3696>> [list-manual] \/$ <- /
3697>> [list-manual] list <- /list-952-1.shtml
3698>> [list-manual] list <- /list-113-1.shtml
3699>> [list-manual] list <- /list-130-1.shtml
3700>> [list-manual] list <- /list-5031-1.shtml
3701>> [list-manual] list <- /list-409-1.shtml
3702>> [list-manual] \/$ <- /
3703>> [detail-manual] post- <- /post-1005-11379-1.shtml
3704>> [list-manual] list <- /list-5036-1.shtml
3705>> [list-manual] list <- /list-766-1.shtml
3706>> [list-manual] list <- /list-143-1.shtml
3707>> [detail-manual] post- <- /post-1013-11695-1.shtml
3708>> [list-manual] list <- /list-923-1.shtml
3709>> [detail-manual] post- <- /post-1005-10802-1.shtml
3710>> [list-manual] list <- /list-766-1.shtml
3711>> [list-manual] list <- /list-409-1.shtml
3712>> [list-manual] list <- /list-767-1.shtml
3713>> [list-manual] list <- /list-100-1.shtml
3714>> [detail-manual] post- <- /post-102-540451-1.shtml
3715>> [list-manual] list <- /list-923-1.shtml
3716>> [list-manual] list <- /list-113-1.shtml
3717>> [list-manual] list <- /list-5155-1.shtml
3718>> [list-manual] list <- /list-767-1.shtml
3719>> [list-manual] list <- /list-5036-1.shtml
3720>> [detail-manual] post- <- /post-100-1992177-1.shtml
3721>> [detail-manual] post- <- /post-100-1828582-1.shtml
3722>> [list-manual] list <- /list.jsp?grade=5&item=100
3723>> [list-manual] list <- /list-113-1.shtml
3724>> [detail-manual] post- <- /post-1013-11711-1.shtml
3725>> [list-manual] list <- /list-766-1.shtml
3726>> [detail-manual] post- <- /post-102-540394-1.shtml
3727>> [list-manual] list <- /list-766-1.shtml
3728>> [list-manual] list <- /list-144-1.shtml
3729>> [list-manual] list <- /list-130-1.shtml
3730>> [list-manual] list <- /list-763-1.shtml
3731>> [detail-manual] post- <- /post-102-540409-1.shtml
3732>> [list-manual] list <- /list-5036-1.shtml
3733>> [list-manual] list <- /list-952-1.shtml
3734>> [list-manual] list <- /list-166-1.shtml
3735>> [list-manual] \/$ <- /
3736>> [list-manual] list <- /list-409-1.shtml
3737>> [detail-manual] post- <- /post-100-1790091-1.shtml
3738>> [detail-manual] post- <- /post-100-1904211-1.shtml
3739>> [list-manual] list <- /list.jsp?grade=1&item=100&order=1
3740>> [list-manual] list <- /list-923-1.shtml
3741>> [list-manual] list <- /list-767-1.shtml
3742>> [list-manual] list <- /list-113-1.shtml
3743>> [list-manual] list <- /list-766-1.shtml
3744>> [detail-manual] post- <- /post-100-1960104-1.shtml
3745>> [detail-manual] post- <- /post-100-849402-1.shtml
3746>> [list-manual] list <- /list.jsp?item=100&sub=19
3747>> [list-manual] list <- /list.jsp?item=100&sub=18
3748>> [list-manual] list <- /list-370-1.shtml
3749>> [list-manual] list <- /list.jsp?item=100&sub=13
3750>> [list-manual] list <- /list.jsp?item=100&sub=12
3751>> [list-manual] list <- /list.jsp?item=100&sub=11
3752>> [list-manual] list <- /list.jsp?item=100&sub=10
3753>> [list-manual] list <- /list-5036-1.shtml
3754>> [list-manual] list <- /list.jsp?item=100&sub=16
3755>> [list-manual] list <- /list.jsp?item=100&sub=15
3756>> [list-manual] list <- /list.jsp?item=100&sub=14
3757>> [list-manual] list <- /list-play-1.shtml
3758>> [list-manual] list <- /list-153-1.shtml
3759>> [list-manual] list <- /list-49-1.shtml
3760>> [list-manual] list <- /list-1172-1.shtml
3761>> [list-manual] list <- /list.jsp?grade=3&item=103&order=1
3762>> [list-manual] list <- /list-96-1.shtml
3763>> [list-manual] list <- /list-218-1.shtml
3764>> [detail-manual] post- <- /post-103-566700-1.shtml
3765>> [list-manual] list <- /list-5154-1.shtml
3766>> [list-manual] list <- /list-341-1.shtml
3767>> [list-manual] list <- /list-1156-1.shtml
3768>> [list-manual] list <- /list-65-1.shtml
3769>> [list-manual] list <- /list-393-1.shtml
3770>> [list-manual] list <- /list-778-1.shtml
3771>> [list-manual] list <- /list-138-1.shtml
3772>> [detail-manual] post- <- /post-103-560815-1.shtml
3773>> [list-manual] list <- /list-3d-1.shtml
3774>> [list-manual] list <- /list-52-1.shtml
3775>> [list-manual] list <- /list-middleschool-1.shtml
3776>> [list-manual] list <- /list-934-1.shtml
3777>> [list-manual] list <- /list-5030-1.shtml
3778>> [list-manual] list <- /list-169-1.shtml
3779>> [list-manual] list <- /list-92-1.shtml
3780>> [list-manual] list <- /list-730-1.shtml
3781>> [list-manual] list <- /list-89-1.shtml
3782>> [detail-manual] post- <- /post-103-566698-1.shtml
3783>> [list-manual] list <- /list-fansunion-1.shtml
3784>> [list-manual] list <- /list-90-1.shtml
3785>> [list-manual] list <- /list-41-1.shtml
3786>> [list-manual] list <- /list-737-1.shtml
3787>> [list-manual] list <- /list-444-1.shtml
3788>> [list-manual] list <- /list-474-1.shtml
3789>> [detail-manual] post- <- /post-103-566689-1.shtml
3790>> [list-manual] list <- /list-177-1.shtml
3791>> [detail-manual] compose.jsp <- /compose.jsp?item=103&sub=%E5%85%A8%E9%83%A8
3792>> [list-manual] list <- /list-no16-1.shtml
3793>> [list-manual] list <- /list-158-1.shtml
3794>> [list-manual] list <- /list-665-1.shtml
3795>> [list-manual] list <- /list-77-1.shtml
3796>> [detail-manual] post- <- /post-103-561219-1.shtml
3797>> [list-manual] list <- /list.jsp?item=103&sub=1
3798>> [list-manual] list <- /list.jsp?item=103&sub=2
3799>> [list-manual] list <- /list.jsp?item=103&sub=3
3800>> [list-manual] list <- /list.jsp?item=103&sub=4
3801>> [list-manual] list <- /list.jsp?item=103&sub=5
3802>> [list-manual] list <- /list.jsp?item=103&sub=6
3803>> [list-manual] list <- /list.jsp?item=103&sub=7
3804>> [list-manual] list <- /list.jsp?item=103&sub=8
3805>> [detail-manual] post- <- /post-103-566676-1.shtml
3806>> [list-manual] list <- /list-343-1.shtml
3807>> [list-manual] list <- /list-help-1.shtml
3808>> [list-manual] list <- /list-59-1.shtml
3809>> [list-manual] list <- /list-838-1.shtml
3810>> [list-manual] list <- /list-142-1.shtml
3811>> [detail-manual] post- <- /post-103-566669-1.shtml
3812>> [list-manual] list <- /list-368-1.shtml
3813>> [list-manual] list <- /list-991-1.shtml
3814>> [list-manual] list <- /list-42-1.shtml
3815>> [list-manual] list <- /list-16-1.shtml
3816>> [list-manual] list <- /list-itinfo-1.shtml
3817>> [list-manual] list <- /list-82-1.shtml
3818>> [list-manual] list <- /list-810-1.shtml
3819>> [list-manual] list <- /list-21-1.shtml
3820>> [detail-manual] post- <- /post-103-566706-1.shtml
3821>> [list-manual] list <- /list-863-1.shtml
3822>> [list-manual] list <- /list-420-1.shtml
3823>> [list-manual] list <- /list-579-1.shtml
3824>> [detail-manual] post- <- /post-103-566396-1.shtml
3825>> [list-manual] list <- /list-174-1.shtml
3826>> [list-manual] list <- /list-857-1.shtml
3827>> [list-manual] list <- /list-494-1.shtml
3828>> [list-manual] list <- /list-476-1.shtml
3829>> [detail-manual] post- <- /post-103-566671-1.shtml
3830>> [list-manual] list <- /list-56-1.shtml
3831>> [detail-manual] post- <- /post-103-566699-1.shtml
3832>> [list-manual] list <- /list-170-1.shtml
3833>> [list-manual] list <- /list-607-1.shtml
3834>> [list-manual] list <- /list-cars-1.shtml
3835>> [list-manual] list <- /list-no11-1.shtml
3836>> [list-manual] list <- /list-413-1.shtml
3837>> [list-manual] list <- /list-641-1.shtml
3838>> [list-manual] list <- /list-828-1.shtml
3839>> [list-manual] list <- /list-38-1.shtml
3840>> [list-manual] list <- /list-375-1.shtml
3841>> [detail-manual] post- <- /post-103-565947-1.shtml
3842>> [list-manual] list <- /list-160-1.shtml
3843>> [detail-manual] post- <- /post-103-566709-1.shtml
3844>> [list-manual] list <- /list-130-1.shtml
3845>> [list-manual] list <- /list-363-1.shtml
3846>> [detail-manual] post- <- /post-103-566670-1.shtml
3847>> [list-manual] list <- /list-137-1.shtml
3848>> [list-manual] list <- /list-60-1.shtml
3849>> [list-manual] list <- /list-470-1.shtml
3850>> [list-manual] list <- /list-331-1.shtml
3851>> [list-manual] list <- /list-861-1.shtml
3852>> [list-manual] list <- /list-5230-1.shtml
3853>> [list-manual] list <- /list-travel-1.shtml
3854>> [list-manual] list <- /list-849-1.shtml
3855>> [list-manual] list <- /list-235-1.shtml
3856>> [list-manual] list <- /list-no01-1.shtml
3857>> [detail-manual] post- <- /post-103-566663-1.shtml
3858>> [list-manual] list <- /list-no06-1.shtml
3859>> [detail-manual] post- <- /post-103-566673-1.shtml
3860>> [detail-manual] post- <- /post-103-566656-1.shtml
3861>> [list-manual] list <- /list-408-1.shtml
3862>> [list-manual] list <- /list-371-1.shtml
3863>> [list-manual] list <- /list-no124-1.shtml
3864>> [list-manual] list <- /list-english-1.shtml
3865>> [list-manual] list <- /list-187-1.shtml
3866>> [list-manual] list <- /list-84-1.shtml
3867>> [list-manual] list <- /list-basketball-1.shtml
3868>> [list-manual] list <- /list-no100-1.shtml
3869>> [list-manual] list <- /list-924-1.shtml
3870>> [list-manual] list <- /list-54-1.shtml
3871>> [list-manual] list <- /list-indepfilm-1.shtml
3872>> [detail-manual] post- <- /post-103-566677-1.shtml
3873>> [list-manual] list <- /list-no22-1.shtml
3874>> [detail-manual] post- <- /post-103-566683-1.shtml
3875>> [detail-manual] post- <- /post-103-566183-1.shtml
3876>> [list-manual] list <- /list-1095-1.shtml
3877>> [list-manual] list <- /list-411-1.shtml
3878>> [list-manual] list <- /list-discuss-1.shtml
3879>> [detail-manual] post- <- /post-103-566697-1.shtml
3880>> [list-manual] list <- /list-732-1.shtml
3881>> [list-manual] list <- /list-103-1.shtml
3882>> [list-manual] list <- /list-516-1.shtml
3883>> [list-manual] list <- /list-762-1.shtml
3884>> [list-manual] list <- /list-water-1.shtml
3885>> [list-manual] list <- /list-shortmessage-1.shtml
3886>> [list-manual] list <- /list-172-1.shtml
3887>> [list-manual] list <- /list-201-1.shtml
3888>> [list-manual] list <- /list-339-1.shtml
3889>> [list-manual] list <- /list-1109-1.shtml
3890>> [list-manual] list <- /list-5031-1.shtml
3891>> [list-manual] list <- /list-107-1.shtml
3892>> [list-manual] list <- /list-192-1.shtml
3893>> [list-manual] list <- /list-lookout-1.shtml
3894>> [list-manual] list <- /list-1012-1.shtml
3895>> [list-manual] list <- /list-203-1.shtml
3896>> [list-manual] list <- /list-447-1.shtml
3897>> [detail-manual] post- <- /post-103-566684-1.shtml
3898>> [list-manual] list <- /list-106-1.shtml
3899>> [list-manual] list <- /list-99-1.shtml
3900>> [list-manual] list <- /list-5038-1.shtml
3901>> [list-manual] list <- /list-consumer-1.shtml
3902>> [list-manual] list <- /list-370-1.shtml
3903>> [list-manual] list <- /list-5156-1.shtml
3904>> [detail-manual] post- <- /post-103-566693-1.shtml
3905>> [list-manual] list <- /list-844-1.shtml
3906>> [detail-manual] post- <- /post-103-566682-1.shtml
3907>> [list-manual] list <- /list-1149-1.shtml
3908>> [list-manual] list <- /list-150-1.shtml
3909>> [list-manual] list <- /list-5032-1.shtml
3910>> [list-manual] list <- /list-funstribe-1.shtml
3911>> [list-manual] list <- /list-157-1.shtml
3912>> [detail-manual] post- <- /post-103-566660-1.shtml
3913>> [detail-manual] post- <- /post-103-566691-1.shtml
3914>> [list-manual] list <- /list-1108-1.shtml
3915>> [list-manual] list <- /list-1147-1.shtml
3916>> [list-manual] list <- /list.jsp?item=103&sub=10
3917>> [list-manual] list <- /list.jsp?item=103&sub=11
3918>> [list-manual] list <- /list-972-1.shtml
3919>> [list-manual] list <- /list-1164-1.shtml
3920>> [detail-manual] post- <- /post-103-566667-1.shtml
3921>> [list-manual] list <- /list-188-1.shtml
3922>> [list-manual] list <- /list-200-1.shtml
3923>> [list-manual] list <- /list-666-1.shtml
3924>> [list-manual] list <- /list-415-1.shtml
3925>> [list-manual] list <- /list.jsp?grade=1&item=103&order=1
3926>> [list-manual] list <- /list-384-1.shtml
3927>> [list-manual] list <- /list-241-1.shtml
3928>> [list-manual] list <- /list-859-1.shtml
3929>> [detail-manual] post- <- /post-103-566662-1.shtml
3930>> [list-manual] list <- /list-471-1.shtml
3931>> [list-manual] list <- /list-1005-1.shtml
3932>> [list-manual] list <- /list-1021-1.shtml
3933>> [list-manual] list <- /list-tianyaphoto-1.shtml
3934>> [detail-manual] post- <- /post-103-566461-1.shtml
3935>> [detail-manual] post- <- /post-103-566690-1.shtml
3936>> [detail-manual] post- <- /post-103-553553-1.shtml
3937>> [list-manual] list <- /list-901-1.shtml
3938>> [list-manual] list <- /list-705-1.shtml
3939>> [list-manual] list <- /list-139-1.shtml
3940>> [list-manual] list <- /list-67-1.shtml
3941>> [list-manual] list <- /list-944-1.shtml
3942>> [list-manual] list <- /list-805-1.shtml
3943>> [detail-manual] post- <- /post-103-566004-1.shtml
3944>> [list-manual] list <- /list-79-1.shtml
3945>> [list-manual] list <- /list-no17-1.shtml
3946>> [list-manual] list <- /list-5210-1.shtml
3947>> [list-manual] list <- /list-443-1.shtml
3948>> [list-manual] list <- /list-333-1.shtml
3949>> [detail-manual] post- <- /post-103-542297-1.shtml
3950>> [list-manual] list <- /list-78-1.shtml
3951>> [list-manual] list <- /list-1170-1.shtml
3952>> [list-manual] list <- /list-912-1.shtml
3953>> [list-manual] index <- /travel_index.jsp
3954>> [list-manual] list <- /list-907-1.shtml
3955>> [list-manual] list <- /list-88-1.shtml
3956>> [list-manual] list <- /list-worldlook-1.shtml
3957>> [list-manual] list <- /list.jsp?item=103&order=1
3958>> [list-manual] list <- /list.jsp?grade=4&item=103
3959>> [list-manual] list <- /list-388-1.shtml
3960>> [list-manual] list <- /list-71-1.shtml
3961>> [list-manual] list <- /list-24-1.shtml
3962>> [list-manual] list <- /list-no02-1.shtml
3963>> [list-manual] list <- /list-5033-1.shtml
3964>> [list-manual] list <- /list-399-1.shtml
3965>> [detail-manual] post- <- /post-103-566703-1.shtml
3966>> [detail-manual] post- <- /post-103-566711-1.shtml
3967>> [detail-manual] post- <- /post-103-566646-1.shtml
3968>> [list-manual] list <- /list-75-1.shtml
3969>> [list-manual] list <- /list-173-1.shtml
3970>> [list-manual] list <- /list-883-1.shtml
3971>> [list-manual] list <- /list-23-1.shtml
3972>> [detail-manual] post- <- /post-103-566704-1.shtml
3973>> [list-manual] list <- /list-524-1.shtml
3974>> [list-manual] list <- /list-funinfo-1.shtml
3975>> [list-manual] list <- /list-62-1.shtml
3976>> [list-manual] list <- /list-768-1.shtml
3977>> [detail-manual] post- <- /post-103-564401-1.shtml
3978>> [list-manual] list <- /list-797-1.shtml
3979>> [list-manual] list <- /list-1131-1.shtml
3980>> [list-manual] list <- /list-486-1.shtml
3981>> [detail-manual] post- <- /post-103-566678-1.shtml
3982>> [list-manual] list <- /list-music-1.shtml
3983>> [list-manual] list <- /list.jsp?item=103&sub=9
3984>> [list-manual] list <- /list-law-1.shtml
3985>> [detail-manual] post- <- /post-103-566675-1.shtml
3986>> [list-manual] list <- /list-5240-1.shtml
3987>> [list-manual] list <- /list-448-1.shtml
3988>> [detail-manual] post- <- /post-103-566659-1.shtml
3989>> [list-manual] list <- /list-185-1.shtml
3990>> [list-manual] list <- /list-410-1.shtml
3991>> [list-manual] list <- /list-63-1.shtml
3992>> [list-manual] list <- /list-enterprise-1.shtml
3993>> [list-manual] list <- /list-news-1.shtml
3994>> [list-manual] list <- /list-647-1.shtml
3995>> [detail-manual] post- <- /post-103-566668-1.shtml
3996>> [list-manual] list <- /list-152-1.shtml
3997>> [detail-manual] post- <- /post-103-560282-1.shtml
3998>> [list-manual] list <- /list-102-1.shtml
3999>> [detail-manual] post- <- /post-103-566658-1.shtml
4000>> [list-manual] list <- /list-985-1.shtml
4001>> [list-manual] list <- /list-5037-1.shtml
4002>> [list-manual] list <- /list-208-1.shtml
4003>> [detail-manual] post- <- /post-103-560235-1.shtml
4004>> [list-manual] list <- /list-517-1.shtml
4005>> [list-manual] list <- /list-927-1.shtml
4006>> [list-manual] list <- /list-saytenya-1.shtml
4007>> [list-manual] list <- /list-develop-1.shtml
4008>> [unkownn] /bbs_user_search.jsp
4009>> [list-manual] list <- /list-416-1.shtml
4010>> [detail-manual] post- <- /post-103-533266-1.shtml
4011>> [list-manual] list <- /list-858-1.shtml
4012>> [list-manual] list <- /list-1143-1.shtml
4013>> [list-manual] list <- /list-1146-1.shtml
4014>> [list-manual] list <- /list-complaint-1.shtml
4015>> [list-manual] list <- /list-390-1.shtml
4016>> [list-manual] list <- /list-1151-1.shtml
4017>> [detail-manual] post- <- /post-103-566664-1.shtml
4018>> [list-manual] list <- /list-98-1.shtml
4019>> [list-manual] list <- /list-967-1.shtml
4020>> [list-manual] list <- /list-70-1.shtml
4021>> [detail-manual] post- <- /post-103-566654-1.shtml
4022>> [list-manual] list <- /list-340-1.shtml
4023>> [detail-manual] post- <- /post-103-566680-1.shtml
4024>> [list-manual] list <- /list-14-1.shtml
4025>> [list-manual] list <- /list-31-1.shtml
4026>> [list-manual] list <- /list-845-1.shtml
4027>> [list-manual] list <- /list-105-1.shtml
4028>> [list-manual] list <- /list-911-1.shtml
4029>> [list-manual] list <- /list-97-1.shtml
4030>> [list-manual] list <- /list-sport-1.shtml
4031>> [list-manual] list <- /list-poem-1.shtml
4032>> [detail-manual] post- <- /post-103-565430-1.shtml
4033>> [list-manual] list <- /list-80-1.shtml
4034>> [list-manual] list <- /list-1138-1.shtml
4035>> [list-manual] list <- /list-362-1.shtml
4036>> [list-manual] list <- /list.jsp?grade=0&item=103&order=2&sub=0
4037>> [list-manual] list <- /list-it-1.shtml
4038>> [detail-manual] post- <- /post-103-566712-1.shtml
4039>> [list-manual] list <- /list-382-1.shtml
4040>> [list-manual] list <- /list-no04-1.shtml
4041>> [detail-manual] post- <- /post-103-566666-1.shtml
4042>> [detail-manual] nextid <- /list.jsp?item=103&nextid=1469258748000
4043>> [list-manual] list <- /list-books-1.shtml
4044>> [detail-manual] post- <- /post-103-566661-1.shtml
4045>> [list-manual] list <- /list-1154-1.shtml
4046>> [list-manual] list <- /list-140-1.shtml
4047>> [detail-manual] post- <- /post-103-560392-1.shtml
4048>> [list-manual] list <- /list-fans-1.shtml
4049>> [detail-manual] post- <- /post-103-566674-1.shtml
4050>> [list-manual] list <- /list-178-1.shtml
4051>> [list-manual] list <- /list-1090-1.shtml
4052>> [list-manual] list <- /list-131-1.shtml
4053>> [detail-manual] post- <- /post-103-566713-1.shtml
4054>> [list-manual] list <- /list-780-1.shtml
4055>> [detail-manual] post- <- /post-103-566641-1.shtml
4056>> [list-manual] list <- /list-361-1.shtml
4057>> [detail-manual] post- <- /post-103-566695-1.shtml
4058>> [detail-manual] post- <- /post-103-566679-1.shtml
4059>> [list-manual] list <- /list-738-1.shtml
4060>> [list-manual] list <- /list.jsp?grade=5&item=103
4061>> [detail-manual] post- <- /post-103-560534-1.shtml
4062>> [detail-manual] post- <- /post-103-566694-1.shtml
4063>> [detail-manual] post- <- /post-103-566710-1.shtml
4064>> [list-manual] list <- /list-1171-1.shtml
4065>> [list-manual] list <- /list-stocks-1.shtml
4066>> [detail-manual] post- <- /post-103-565191-1.shtml
4067>> [list-manual] list <- /list-house-1.shtml
4068>> [detail-manual] post- <- /post-103-566707-1.shtml
4069>> [list-manual] list <- /list-66-1.shtml
4070>> [detail-manual] post- <- /post-103-566687-1.shtml
4071>> [list-manual] list <- /list-feeling-1.shtml
4072>> [list-manual] list <- /list-20-1.shtml
4073>> [detail-manual] post- <- /post-103-566653-1.shtml
4074>> [detail-manual] post- <- /post-103-566692-1.shtml
4075>> [list-manual] list <- /list-943-1.shtml
4076>> [list-manual] list <- /list-5028-1.shtml
4077>> [list-manual] list <- /list-44-1.shtml
4078>> [list-manual] list <- /list-5153-1.shtml
4079>> [detail-manual] post- <- /post-103-566649-1.shtml
4080>> [list-manual] list <- /list-58-1.shtml
4081>> [detail-manual] post- <- /post-103-565742-1.shtml
4082>> [detail-manual] post- <- /post-103-565960-1.shtml
4083>> [list-manual] list <- /list-149-1.shtml
4084>> [detail-manual] post- <- /post-103-566681-1.shtml
4085>> [list-manual] list <- /list-46-1.shtml
4086>> [list-manual] list <- /list-837-1.shtml
4087>> [detail-manual] post- <- /post-103-566657-1.shtml
4088>> [list-manual] list <- /list-1013-1.shtml
4089>> [list-manual] list <- /list-1160-1.shtml
4090>> [list-manual] list <- /list-477-1.shtml
4091>> [list-manual] list <- /list-401-1.shtml
4092>> [list-manual] list <- /list-191-1.shtml
4093>> [list-manual] list <- /list-tianyamyself-1.shtml
4094>> [list-manual] list <- /list-168-1.shtml
4095>> [detail-manual] post- <- /post-103-566705-1.shtml
4096>> [list-manual] list <- /list-166-1.shtml
4097>> [list-manual] list <- /list-no20-1.shtml
4098>> [list-manual] list <- /list-22-1.shtml
4099>> [list-manual] list <- /list-108-1.shtml
4100>> [list-manual] list <- /list-apply-1.shtml
4101>> [detail-manual] post- <- /post-103-566702-1.shtml
4102>> [detail-manual] post- <- /post-103-566651-1.shtml
4103>> [list-manual] list <- /list-39-1.shtml
4104>> [detail-manual] post- <- /post-103-561819-1.shtml
4105>> [list-manual] list <- /list-743-1.shtml
4106>> [list-manual] list <- /list-417-1.shtml
4107>> [list-manual] list <- /list-outseachina-1.shtml
4108>> [list-manual] list <- /list-1124-1.shtml
4109>> [list-manual] list <- /list-358-1.shtml
4110>> [list-manual] list <- /list-1110-1.shtml
4111>> [list-manual] list <- /list-364-1.shtml
4112>> [list-manual] list <- /list-777-1.shtml
4113>> [list-manual] list <- /list-no110-1.shtml
4114>> [list-manual] list <- /list-culture-1.shtml
4115>> [list-manual] list <- /list-183-1.shtml
4116>> [list-manual] list <- /list-oldgirl-1.shtml
4117>> [detail-manual] post- <- /post-103-566652-1.shtml
4118>> [list-manual] list <- /list-217-1.shtml
4119>> [list-manual] list <- /list-151-1.shtml
4120>> [list-manual] list <- /list-860-1.shtml
4121>> [list-manual] list <- /list-free-1.shtml
4122>> [list-manual] list <- /list-29-1.shtml
4123>> [list-manual] list <- /list-1089-1.shtml
4124>> [list-manual] list <- /list-numtechnoloy-1.shtml
4125>> [list-manual] list <- /list-university-1.shtml
4126>> [list-manual] list <- /list-spirit-1.shtml
4127>> [list-manual] list <- /list-motss-1.shtml
4128>> [list-manual] list <- /list-61-1.shtml
4129>> [list-manual] list <- /list-210-1.shtml
4130>> [list-manual] list <- /list-338-1.shtml
4131>> [detail-manual] post- <- /post-103-566562-1.shtml
4132>> [list-manual] list <- /list-43-1.shtml
4133>> [list-manual] list <- /list-394-1.shtml
4134>> [list-manual] list <- /list-372-1.shtml
4135>> [list-manual] list <- /list-no05-1.shtml
4136>> [list-manual] list <- /list-414-1.shtml
4137>> [detail-manual] post- <- /post-103-566685-1.shtml
4138>> [list-manual] list <- /list-141-1.shtml
4139>> [list-manual] list <- /list-45-1.shtml
4140>> [detail-manual] post- <- /post-103-566672-1.shtml
4141>> [detail-manual] post- <- /post-103-564901-1.shtml
4142>> [list-manual] list <- /list-filmtv-1.shtml
4143>> [detail-manual] post- <- /post-103-566708-1.shtml
4144>> [detail-manual] post- <- /post-103-562823-1.shtml
4145>> [list-manual] list <- /list-143-1.shtml
4146>> [list-manual] list <- /list-100-1.shtml
4147>> [list-manual] list <- /list-5155-1.shtml
4148>> [list-manual] list <- /list-144-1.shtml
4149>> [list-manual] list <- /list-763-1.shtml
4150>> [list-manual] list <- /list-952-1.shtml
4151>> [list-manual] \/$ <- /
4152>> [detail-manual] post- <- /post-103-560234-1.shtml
4153>> [list-manual] list <- /list-409-1.shtml
4154>> [detail-manual] post- <- /post-103-566632-1.shtml
4155>> [detail-manual] post- <- /post-103-566686-1.shtml
4156>> [list-manual] list <- /list-923-1.shtml
4157>> [list-manual] list <- /list-767-1.shtml
4158>> [list-manual] list <- /list-113-1.shtml
4159>> [detail-manual] post- <- /post-103-566696-1.shtml
4160>> [list-manual] list <- /list-5036-1.shtml
4161>> [detail-manual] post- <- /post-103-566665-1.shtml
4162>> [list-manual] list <- /list-766-1.shtml
4163>> error : 10
4164>> error : -1
4165>> error : -1
4166>> error (most recent call last):
4167>>   File "/usr/local/lib/python2.7/site-packages/gevent/greenlet.py", line 534, in run
4168>>     error = self._run(*self.args, **self.kwargs)
4169>>   File "/work/spider/run.py", line 273, in detail_page_thread
4170>>     error, next_urls = spider.parse_detail_by_url(request)
4171>>   File "/work/spider/spider.py", line 692, in parse_detail_by_url
4172>>     res = self.spider_finished()
4173>>   File "/work/spider/spider.py", line 445, in spider_finished
4175>> UnicodeEncodeError: 'ascii' codec can't encode characters in position 0-1: ordinal not in range(128)
4176>> <error at 0x2c7dd70: detail_page_thread(<gevent.event.Event object at 0x2afa050>, <JoinableQueue at 0x2b072d0 getters[99] tasks=1 _c)> failed with UnicodeEncodeError
4177>>
4178>> 192.168.85.222 - - [29/Jul/2016 09:26:54] "GET /error HTTP/1.1" 200 -
4179>> 192.168.85.222 - - [29/Jul/2016 09:26:58] "GET /error HTTP/1.1" 200 -
4180>> 192.168.85.222 - - [29/Jul/2016 09:27:01] "GET /error HTTP/1.1" 200 -
