1tv
1up.com
20min
220.ro
22tracks:genre
22tracks:track
24video
3qsdn
3sat
4tube
56.com
5min
8tracks
91porn
9c9media
9c9media:stack
9gag
9now.com.au
abc.net.au
abc.net.au:iview
abcnews
abcnews:video
abcotvs
abcotvs:clips
AcademicEarth:Course
acast
acast:channel
AddAnime
AdobeTV
AdobeTVChannel
AdobeTVShow
AdobeTVVideo
AdultSwim
aenetworks
AfreecaTV
AirMozilla
AlJazeera
Allocine
AlphaPorno
AMCNetworks
anderetijden
AnimeOnDemand
anitube.se
AnySex
Aparat
AppleConnect
AppleDaily
appletrailers
appletrailers:section
archive.org
ARD
ARD:mediathek
Arkena
arte.tv
arte.tv:+7
arte.tv:cinema
arte.tv:concert
arte.tv:creative
arte.tv:ddc
arte.tv:embed
arte.tv:future
arte.tv:info
arte.tv:magazine
arte.tv:playlist
AtresPlayer
ATTTechChannel
AudiMedia
AudioBoom
audiomack
audiomack:album
auroravid
AWAAN
awaan:live
awaan:season
awaan:video
Azubu
AzubuLive
BaiduVideo
bambuser
bambuser:channel
Bandcamp
Bandcamp:album
bbc
bbc.co.uk
bbc.co.uk:article
bbc.co.uk:iplayer:playlist
bbc.co.uk:playlist
Beatport
Beeg
BehindKink
BellMedia
Bet
Bigflix
Bild
BiliBili
BioBioChileTV
BIQLE
BleacherReport
BleacherReportCMS
blinkx
Bloomberg
BokeCC
Bpb
BR
BravoTV
Break
brightcove:legacy
brightcove:new
bt:article
bt:vestlendingen
BuzzFeed
BYUtv
BYUtvEvent
Camdemy
CamdemyFolder
CamWithHer
canalc2.tv
Canalplus
Canvas
CarambaTV
CarambaTVPage
CartoonNetwork
cbc.ca
cbc.ca:player
cbc.ca:watch
cbc.ca:watch:video
CBS
CBSInteractive
CBSLocal
cbsnews
cbsnews:livevideo
CBSSports
CCTV
CDA
CeskaTelevize
channel9
CharlieRose
Chaturbate
Chilloutzone
chirbit
chirbit:profile
Cinchcast
Clipfish
cliphunter
ClipRs
Clipsyndicate
CloserToTruth
cloudtime
Cloudy
Clubic
Clyp
cmt.com
CNBC
CNN
CNNArticle
CNNBlogs
CollegeRama
ComCarCoff
ComedyCentral
ComedyCentralShortname
ComedyCentralTV
CommonMistakes
CondeNast
Coub
Cracked
Crackle
Criterion
CrooksAndLiars
Crunchyroll
crunchyroll:playlist
CSNNE
CSpan
CtsNews
CTVNews
culturebox.francetvinfo.fr
CultureUnplugged
curiositystream
curiositystream:collection
CWTV
DailyMail
dailymotion
dailymotion:playlist
dailymotion:user
DailymotionCloud
daum.net
daum.net:clip
daum.net:playlist
daum.net:user
DBTV
DctpTv
DeezerPlaylist
defense.gouv.fr
democracynow
DHM
DigitallySpeaking
Digiteka
Discovery
DiscoveryGo
Dotsub
DouyuTV
DPlay
dramafever
dramafever:series
DRBonanza
Dropbox
DrTuber
DRTV
Dumpert
dvtv
dw
dw:article
EaglePlatform
EbaumsWorld
EchoMsk
eHow
Einthusan
eitb.tv
EllenTV
EllenTV:clips
ElPais
Embedly
EMPFlix
Engadget
Eporner
EroProfile
Escapist
ESPN
EsriVideo
Europa
EveryonesMixtape
ExpoTV
ExtremeTube
EyedoTV
facebook
FacebookPluginsVideo
faz.net
fc2
fc2:embed
Fczenit
features.aol.com
fernsehkritik.tv
Firstpost
FiveTV
Flickr
Flipagram
Folketinget
FootyRoom
Formula1
FOX
Foxgay
foxnews
foxnews:article
foxnews:insider
FoxSports
france2.fr:generation-quoi
FranceCulture
FranceInter
francetv
francetvinfo.fr
Freesound
freespeech.org
FreeVideo
Funimation
FunnyOrDie
Fusion
FXNetworks
GameInformer
GameOne
gameone:playlist
Gamersyde
GameSpot
GameStar
Gazeta
GDCVault
generic
  https://www.youtube.com/user/TEDtalksDirector/playlists
Gfycat
GiantBomb
Giga
Glide
Globo
GloboArticle
Go
GodTube
GodTV
Golem
GoogleDrive
Goshgay
GPUTechConf
Groupon
Hark
HBO
HBOEpisode
HearThisAt
Heise
HellPorno
Helsinki
HentaiStigma
HGTV
hgtv.com:show
HistoricFilms
history:topic
hitbox
hitbox:live
HornBunny
HotNewHipHop
HotStar
Howcast
HowStuffWorks
HRTi
HRTiPlaylist
Huajiao
HuffPost
Hypem
Iconosquare
ign.com
imdb
imdb:list
Imgur
ImgurAlbum
Ina
Indavideo
IndavideoEmbed
InfoQ
Instagram
instagram:user
InternetVideoArchive
IPrima
iqiyi
Ir90Tv
ivi
ivi:compilation
ivideon
Iwara
Izlesene
Jamendo
JamendoAlbum
JeuxVideo
Jove
jpopsuki.tv
JWPlatform
Kaltura
Kamcord
KanalPlay
Kankan
Karaoketv
KarriereVideos
keek
KeezMovies
Ketnet
KhanAcademy
KickStarter
KonserthusetPlay
kontrtube
KrasView
Ku6
KUSI
kuwo:album
kuwo:category
kuwo:chart
kuwo:mv
kuwo:singer
kuwo:song
la7.it
Laola1Tv
LCI
Lcp
LcpPlay
Le
Learnr
Lecture2Go
LEGO
Lemonde
LePlaylist
LetvCloud
Libsyn
life
life:embed
limelight
limelight:channel
limelight:channel_list
LiTV
LiveLeak
livestream
livestream:original
livestream:shortener
LnkGo
loc
LocalNews8
LoveHomePorn
lrt.lt
lynda
lynda:course
m6
macgamestore
mailru
MakersChannel
MakerTV
mangomolo:live
mangomolo:video
MatchTV
MDR
media.ccc.de
META
metacafe
Metacritic
Mgoon
MGTV
MiaoPai
Minhateca
MinistryGrid
Minoto
miomio.tv
MiTele
mixcloud
mixcloud:playlist
mixcloud:stream
mixcloud:user
MLB
Mms
Mnet
MoeVideo
Mofosex
Mojvideo
Moniker
Morningstar
Motherless
Motorsport
MovieClips
MovieFap
Moviezine
MovingImage
MPORA
MSN
mtg
mtv
mtv.de
mtv:video
mtvservices:embedded
MuenchenTV
MusicPlayOn
mva
mva:course
Mwave
MwaveMeetGreet
MySpace
MySpace:album
MySpass
Myvi
myvideo (CURRENTLY BROKEN)
MyVidster
n-tv.de
natgeo
natgeo:episodeguide
natgeo:video
Naver
NBA
NBC
NBCNews
NBCOlympics
NBCSports
NBCSportsVPlayer
ndr
ndr:embed
ndr:embed:base
NDTV
NerdCubedFeed
netease:album
netease:djradio
netease:mv
netease:playlist
netease:program
netease:singer
netease:song
Netzkino
Newgrounds
Newstube
NextMedia
NextMediaActionNews
nfb
nfl.com
NhkVod
nhl.com
nhl.com:news
nhl.com:videocenter
nhl.com:videocenter:category
nick.com
nick.de
niconico
NiconicoPlaylist
Nintendo
njoy
njoy:embed
Noco
Normalboots
NosVideo
Nova
nowness
nowness:playlist
nowness:series
NowTV (CURRENTLY BROKEN)
NowTVList
nowvideo
Noz
npo
npo.nl:live
npo.nl:radio
npo.nl:radio:fragment
Npr
NRK
NRKPlaylist
NRKSkole
NRKTV
ntv.ru
Nuvid
NYTimes
NYTimesArticle
NZZ
ocw.mit.edu
OdaTV
Odnoklassniki
OktoberfestTV
on.aol.com
onet.tv
onet.tv:channel
OnionStudios
Ooyala
OoyalaExternal
Openload
OraTV
orf:fm4
orf:iptv
orf:oe1
orf:tvthek
PandaTV
pandora.tv
parliamentlive.tv
Patreon
pbs
pcmag
People
periscope
periscope:user
PhilharmonieDeParis
phoenix.de
Photobucket
Pinkbike
Pladform
play.fm
PlaysTV
Playtvak
Playvid
Playwire
pluralsight
pluralsight:course
plus.google
pluzz.francetv.fr
podomatic
Pokemon
PolskieRadio
PolskieRadioCategory
PornCom
PornHd
PornHub
PornHubPlaylist
PornHubUserVideos
Pornotube
PornoVoisines
PornoXO
PressTV
PrimeShareTV
PromptFile
prosiebensat1
Puls4
Pyvideo
qqmusic
qqmusic:album
qqmusic:playlist
qqmusic:singer
qqmusic:toplist
R7
R7Article
radio.de
radiobremen
radiocanada
RadioCanadaAudioVideo
radiofrance
RadioJavan
Rai
RaiTV
RBMARadio
RDS
RedTube
RegioTV
Restudy
Reuters
ReverbNation
revision
revision3:embed
RICE
RingTV
RMCDecouverte
RockstarGames
RoosterTeeth
RottenTomatoes
Roxwel
Rozhlas
RTBF
rte
rte:radio
rtl.nl
RTL2
Rtmp
RTP
RTS
rtve.es:alacarta
rtve.es:infantil
rtve.es:live
rtve.es:television
RTVNH
Rudo
RUHD
RulePorn
rutube
rutube:channel
rutube:embed
rutube:movie
rutube:person
RUTV
Ruutu
safari
safari:api
safari:course
Sandia
Sapo
savefrom.net
SBS
schooltv
SciVee
screen.yahoo:search
Screencast
ScreencastOMatic
ScreenJunkies
ScreenwaveMedia
Seeker
SenateISVP
SendtoNews
ServingSys
Sexu
Shahid
Shared
ShareSix
Sina
SixPlay
skynewsarabia:article
skynewsarabia:video
SkySports
Slideshare
Slutload
smotri
smotri:broadcast
smotri:community
smotri:user
Snotr
Sohu
SonyLIV
soundcloud
soundcloud:playlist
soundcloud:search
soundcloud:set
soundcloud:user
soundgasm
soundgasm:profile
southpark.cc.com
southpark.cc.com:espaol
southpark.de
southpark.nl
southparkstudios.dk
SpankBang
Spankwire
Spiegel
Spiegel:Article
Spiegeltv
Spike
Sport5
SportBox
SportBoxEmbed
SportDeutschland
Sportschau
sr:mediathek
SRGSSR
SRGSSRPlay
stanfordoc
Steam
Stitcher
Streamable
streamcloud.eu
StreamCZ
StreetVoice
SunPorno
SVT
SVTPlay
SWRMediathek
Syfy
SztvHu
t-online.de
Tagesschau
tagesschau:player
Tass
TBS
TDSLifeway
teachertube
teachertube:user:collection
TeachingChannel
Teamcoco
TeamFour
TechTalks
techtv.mit.edu
ted
Tele13
TeleBruxelles
Telecinco
Telegraaf
TeleMB
TeleQuebec
TeleTask
Telewebion
TestURL
TF1
TFO
TheIntercept
theoperaplatform
ThePlatform
ThePlatformFeed
TheScene
TheSixtyOne
TheStar
TheWeatherChannel
ThisAmericanLife
ThisAV
ThisOldHouse
tinypic
tlc.de
TMZ
TMZArticle
TNAFlix
TNAFlixNetworkEmbed
toggle
Tosh
tou.tv
Toypics
ToypicsUser
TrailerAddict (CURRENTLY BROKEN)
Trilulilu
TruTV
Tube8
TubiTv
tudou
tudou:album
tudou:playlist
Tumblr
tunein:clip
tunein:program
tunein:shortener
tunein:station
tunein:topic
Turbo
Tutv
tv.dfb.de
TV2
TV2Article
TV3
TV4
TVC
TVCArticle
tvigle
tvland.com
TVNoe
tvp
tvp:embed
tvp:series
Tweakers
twitch:chapter
twitch:clips
twitch:past_broadcasts
twitch:profile
twitch:stream
twitch:video
twitch:vod
twitter
twitter:amplify
twitter:card
udemy
udemy:course
UDNEmbed
UnicodeBOM
Unistra
uol.com.br
uplynk
uplynk:preplay
Urort
URPlay
USANetwork
USAToday
ustream
ustream:channel
ustudio
ustudio:embed
Varzesh3
Vbox7
VeeHD
Veoh
Vessel
Vesti
Vevo
VevoPlaylist
VGTV
vh1.com
Viafree
Vice
Viceland
ViceShow
Vidbit
Viddler
video.google:search
video.mit.edu
VideoDetective
videofy.me
VideoMega
videomore
videomore:season
videomore:video
VideoPremium
VideoTt (CURRENTLY BROKEN)
videoweed
Vidio
vidme
vidme:user
vidme:user:likes
Vidzi
vier
vier:videos
ViewLift
ViewLiftEmbed
Viewster
Viidea
viki
viki:channel
vimeo
vimeo:album
vimeo:channel
vimeo:group
vimeo:likes
vimeo:ondemand
vimeo:review
vimeo:user
vimeo:watchlater
Vimple
Vine
vine:user
Vivo
vk
vk:uservideos
vk:wallpost
vlive
Vodlocker
VODPlatform
VoiceRepublic
VoxMedia
Vporn
vpro
VRT
vube
VuClip
VyboryMos
Walla
washingtonpost
washingtonpost:article
wat.tv
WatchIndianPorn
WDR
wdr:mobile
WebOfStories
WebOfStoriesPlaylist
WeiqiTV
wholecloud
Wimp
Wistia
wnl
WorldStarHipHop
wrzuta.pl
wrzuta.pl:playlist
WSJ
XBef
XboxClips
XFileShare
XHamster
XHamsterEmbed
xiami:album
xiami:artist
xiami:collection
xiami:song
XMinus
XNXX
Xstream
XTube
XTubeUser
Xuite
XVideos
XXXYMovies
Yahoo
Yam
yandexmusic:album
yandexmusic:playlist
yandexmusic:track
YesJapan
yinyuetai:video
Ynet
YouJizz
youku
youku:show
YouPorn
YourUpload
youtube
youtube:channel
youtube:favorites
youtube:history
youtube:live
youtube:playlist
youtube:playlists
  https://www.youtube.com/user/TEDtalksDirector/playlists
youtube:recommended
youtube:search
youtube:search:date
youtube:search_url
youtube:shared
youtube:show
youtube:subscriptions
youtube:truncated_id
youtube:truncated_url
youtube:user
youtube:watchlater
Zapiks
ZDF
ZDFChannel
zingmp3
